;  LST file generated by mikroListExporter - v.2.0 
; Date/Time: 04/08/2022 21:59:12
;----------------------------------------------

;Address Opcode 	ASM
0x0000	0xF002EFAE  	GOTO        1372
0x0004	0x0000      	NOP
0x0006	0x0000      	NOP
0x0008	0xF000EF00  	GOTO        0
0x000C	0x0000      	NOP
0x000E	0x0000      	NOP
0x0010	0x0000      	NOP
0x0012	0x0000      	NOP
0x0014	0x0000      	NOP
0x0016	0x0000      	NOP
0x0018	0xD7F3      	BRA         0
_Delay_10us:
;__Lib_Delays.c,11 :: 		void Delay_10us() {
;__Lib_Delays.c,12 :: 		Delay_us(10);
0x001C	0x0E27      	MOVLW       39
0x001E	0x6E0D      	MOVWF       R13, 0
L_Delay_10us1:
0x0020	0x2E0D      	DECFSZ      R13, 1, 0
0x0022	0xD7FE      	BRA         L_Delay_10us1
0x0024	0x0000      	NOP
0x0026	0x0000      	NOP
;__Lib_Delays.c,13 :: 		}
L_end_Delay_10us:
0x0028	0x0012      	RETURN      0
; end of _Delay_10us
__Lib_Glcd_Strobe:
;__Lib_Glcd.c,32 :: 		
;__Lib_Glcd.c,33 :: 		
0x002A	0xDFF8      	RCALL       _Delay_10us
;__Lib_Glcd.c,34 :: 		
0x002C	0x8484      	BSF         GLCD_EN, BitPos(GLCD_EN+0) 
;__Lib_Glcd.c,35 :: 		
0x002E	0xDFF6      	RCALL       _Delay_10us
;__Lib_Glcd.c,36 :: 		
0x0030	0x9484      	BCF         GLCD_EN, BitPos(GLCD_EN+0) 
;__Lib_Glcd.c,37 :: 		
L_end_Strobe:
0x0032	0x0012      	RETURN      0
; end of __Lib_Glcd_Strobe
_Delay_1us:
;__Lib_Delays.c,7 :: 		void Delay_1us() {
;__Lib_Delays.c,8 :: 		Delay_us(1);
0x0034	0x0E03      	MOVLW       3
0x0036	0x6E0D      	MOVWF       R13, 0
L_Delay_1us0:
0x0038	0x2E0D      	DECFSZ      R13, 1, 0
0x003A	0xD7FE      	BRA         L_Delay_1us0
0x003C	0x0000      	NOP
0x003E	0x0000      	NOP
;__Lib_Delays.c,9 :: 		}
L_end_Delay_1us:
0x0040	0x0012      	RETURN      0
; end of _Delay_1us
_Glcd_Set_X:
;__Lib_Glcd.c,61 :: 		
;__Lib_Glcd.c,63 :: 		
0x0042	0x0E7F      	MOVLW       127
0x0044	0x0100      	MOVLB       0
0x0046	0x1565      	ANDWF       FARG_Glcd_Set_X_x_pos, 0, 1
0x0048	0x6E00      	MOVWF       R0 
0x004A	0xF065C000  	MOVFF       R0, FARG_Glcd_Set_X_x_pos
;__Lib_Glcd.c,64 :: 		
0x004E	0x9084      	BCF         GLCD_RS, BitPos(GLCD_RS+0) 
;__Lib_Glcd.c,65 :: 		
0x0050	0x9284      	BCF         GLCD_RW, BitPos(GLCD_RW+0) 
;__Lib_Glcd.c,67 :: 		
0x0052	0x0EBF      	MOVLW       191
0x0054	0x1600      	ANDWF       R0, 1 
0x0056	0xF065C000  	MOVFF       R0, FARG_Glcd_Set_X_x_pos
;__Lib_Glcd.c,68 :: 		
0x005A	0x8C00      	BSF         R0, 6 
0x005C	0xF065C000  	MOVFF       R0, FARG_Glcd_Set_X_x_pos
;__Lib_Glcd.c,70 :: 		
0x0060	0xFF83C000  	MOVFF       R0, GLCD_DataPort
;__Lib_Glcd.c,71 :: 		
0x0064	0xDFE2      	RCALL       __Lib_Glcd_Strobe
;__Lib_Glcd.c,72 :: 		
L_end_Glcd_Set_X:
0x0066	0x0012      	RETURN      0
; end of _Glcd_Set_X
_strchr:
;__Lib_CString.c,102 :: 		
;__Lib_CString.c,103 :: 		
L_strchr26:
;__Lib_CString.c,104 :: 		
0x0068	0xFFE9C065  	MOVFF       FARG_strchr_ptr, FSR0L
0x006C	0xFFEAC066  	MOVFF       FARG_strchr_ptr+1, FSR0H
0x0070	0x50EE      	MOVF        POSTINC0, 0 
0x0072	0x0100      	MOVLB       0
0x0074	0x1967      	XORWF       FARG_strchr_chr, 0, 1
0x0076	0xE105      	BNZ         L_strchr29
;__Lib_CString.c,105 :: 		
0x0078	0xF000C065  	MOVFF       FARG_strchr_ptr, R0
0x007C	0xF001C066  	MOVFF       FARG_strchr_ptr+1, R1
0x0080	0xD010      	BRA         L_end_strchr
L_strchr29:
;__Lib_CString.c,106 :: 		
0x0082	0xF000C065  	MOVFF       FARG_strchr_ptr, R0
0x0086	0xF001C066  	MOVFF       FARG_strchr_ptr+1, R1
0x008A	0x4B65      	INFSNZ      FARG_strchr_ptr, 1, 1
0x008C	0x2B66      	INCF        FARG_strchr_ptr+1, 1, 1
0x008E	0xFFE9C000  	MOVFF       R0, FSR0L
0x0092	0xFFEAC001  	MOVFF       R1, FSR0H
0x0096	0xF000CFEE  	MOVFF       POSTINC0, R0
0x009A	0x5200      	MOVF        R0, 1 
0x009C	0xE1E5      	BNZ         L_strchr26
;__Lib_CString.c,108 :: 		
0x009E	0x6A00      	CLRF        R0 
0x00A0	0x6A01      	CLRF        R1 
;__Lib_CString.c,109 :: 		
L_end_strchr:
0x00A2	0x0012      	RETURN      0
; end of _strchr
_Mul_16X16_U:
;__Lib_Math.c,440 :: 		
;__Lib_Math.c,447 :: 		
0x00A4	0x6A0B      	CLRF        R11, 0
;__Lib_Math.c,448 :: 		
0x00A6	0x6A0A      	CLRF        R10, 0
;__Lib_Math.c,449 :: 		
0x00A8	0x6A09      	CLRF        R9, 0
;__Lib_Math.c,450 :: 		
0x00AA	0x5000      	MOVF        R0, 0, 0
;__Lib_Math.c,451 :: 		
0x00AC	0x0204      	MULWF       R4, 0
;__Lib_Math.c,453 :: 		
0x00AE	0xF009CFF4  	MOVFF       PRODH, R9
;__Lib_Math.c,454 :: 		
0x00B2	0xF008CFF3  	MOVFF       PRODL, R8
;__Lib_Math.c,455 :: 		
0x00B6	0x5001      	MOVF        R1, 0, 0
;__Lib_Math.c,456 :: 		
0x00B8	0x0205      	MULWF       R5, 0
;__Lib_Math.c,458 :: 		
0x00BA	0xF00BCFF4  	MOVFF       PRODH, R11
;__Lib_Math.c,459 :: 		
0x00BE	0xF00ACFF3  	MOVFF       PRODL, R10
;__Lib_Math.c,460 :: 		
0x00C2	0x5000      	MOVF        R0, 0, 0
;__Lib_Math.c,461 :: 		
0x00C4	0x0205      	MULWF       R5, 0
;__Lib_Math.c,463 :: 		
0x00C6	0x50F3      	MOVF        PRODL, 0, 0
;__Lib_Math.c,464 :: 		
0x00C8	0x2609      	ADDWF       R9, 1, 0
;__Lib_Math.c,465 :: 		
0x00CA	0x50F4      	MOVF        PRODH, 0, 0
;__Lib_Math.c,466 :: 		
0x00CC	0x220A      	ADDWFC      R10, 1, 0
;__Lib_Math.c,467 :: 		
0x00CE	0x6AE8      	CLRF        WREG, 0
;__Lib_Math.c,468 :: 		
0x00D0	0x220B      	ADDWFC      R11, 1, 0
;__Lib_Math.c,469 :: 		
0x00D2	0x5001      	MOVF        R1, 0, 0
;__Lib_Math.c,470 :: 		
0x00D4	0x0204      	MULWF       R4, 0
;__Lib_Math.c,472 :: 		
0x00D6	0x50F3      	MOVF        PRODL, 0, 0
;__Lib_Math.c,473 :: 		
0x00D8	0x2609      	ADDWF       R9, 1, 0
;__Lib_Math.c,474 :: 		
0x00DA	0x50F4      	MOVF        PRODH, 0, 0
;__Lib_Math.c,475 :: 		
0x00DC	0x220A      	ADDWFC      R10, 1, 0
;__Lib_Math.c,476 :: 		
0x00DE	0x6AE8      	CLRF        WREG, 0
;__Lib_Math.c,477 :: 		
0x00E0	0x220B      	ADDWFC      R11, 1, 0
;__Lib_Math.c,479 :: 		
0x00E2	0xF000C008  	MOVFF       R8, R0
;__Lib_Math.c,480 :: 		
0x00E6	0xF001C009  	MOVFF       R9, R1
;__Lib_Math.c,481 :: 		
0x00EA	0xF002C00A  	MOVFF       R10, R2
;__Lib_Math.c,482 :: 		
0x00EE	0xF003C00B  	MOVFF       R11, R3
;__Lib_Math.c,485 :: 		
L_end_Mul_16X16_U:
0x00F2	0x0012      	RETURN      0
; end of _Mul_16X16_U
_Glcd_Read_Data:
;__Lib_Glcd.c,75 :: 		
;__Lib_Glcd.c,80 :: 		
0x00F4	0x0E12      	MOVLW       18
0x00F6	0x6E00      	MOVWF       R0 
0x00F8	0x0E00      	MOVLW       0
0x00FA	0x6E01      	MOVWF       R1 
0x00FC	0x0E83      	MOVLW       GLCD_DataPort
0x00FE	0x2400      	ADDWF       R0, 0 
0x0100	0x6EE1      	MOVWF       FSR1L 
0x0102	0x0E0F      	MOVLW       hi_addr(GLCD_DataPort)
0x0104	0x2001      	ADDWFC      R1, 0 
0x0106	0x6EE2      	MOVWF       FSR1L+1 
0x0108	0x0EFF      	MOVLW       255
0x010A	0x6EE6      	MOVWF       POSTINC1 
;__Lib_Glcd.c,82 :: 		
0x010C	0xDF93      	RCALL       _Delay_1us
;__Lib_Glcd.c,83 :: 		
0x010E	0xDF92      	RCALL       _Delay_1us
;__Lib_Glcd.c,85 :: 		
0x0110	0x8084      	BSF         GLCD_RS, BitPos(GLCD_RS+0) 
;__Lib_Glcd.c,86 :: 		
0x0112	0x9484      	BCF         GLCD_EN, BitPos(GLCD_EN+0) 
;__Lib_Glcd.c,87 :: 		
0x0114	0x8284      	BSF         GLCD_RW, BitPos(GLCD_RW+0) 
;__Lib_Glcd.c,89 :: 		
0x0116	0x8484      	BSF         GLCD_EN, BitPos(GLCD_EN+0) 
;__Lib_Glcd.c,91 :: 		
0x0118	0xDF81      	RCALL       _Delay_10us
;__Lib_Glcd.c,99 :: 		
0x011A	0xF065CF83  	MOVFF       GLCD_DataPort, Glcd_Read_Data_local_L0
;__Lib_Glcd.c,101 :: 		
0x011E	0x9484      	BCF         GLCD_EN, BitPos(GLCD_EN+0) 
;__Lib_Glcd.c,102 :: 		
0x0120	0x9284      	BCF         GLCD_RW, BitPos(GLCD_RW+0) 
;__Lib_Glcd.c,104 :: 		
0x0122	0xDF88      	RCALL       _Delay_1us
;__Lib_Glcd.c,105 :: 		
0x0124	0xDF87      	RCALL       _Delay_1us
;__Lib_Glcd.c,108 :: 		
0x0126	0x0E12      	MOVLW       18
0x0128	0x6E00      	MOVWF       R0 
0x012A	0x0E00      	MOVLW       0
0x012C	0x6E01      	MOVWF       R1 
0x012E	0x0E83      	MOVLW       GLCD_DataPort
0x0130	0x2400      	ADDWF       R0, 0 
0x0132	0x6EE1      	MOVWF       FSR1L 
0x0134	0x0E0F      	MOVLW       hi_addr(GLCD_DataPort)
0x0136	0x2001      	ADDWFC      R1, 0 
0x0138	0x6EE2      	MOVWF       FSR1L+1 
0x013A	0x6AE6      	CLRF        POSTINC1 
;__Lib_Glcd.c,110 :: 		
0x013C	0xF000C065  	MOVFF       Glcd_Read_Data_local_L0, R0
;__Lib_Glcd.c,111 :: 		
L_end_Glcd_Read_Data:
0x0140	0x0012      	RETURN      0
; end of _Glcd_Read_Data
_Glcd_Write_Data:
;__Lib_Glcd.c,114 :: 		
;__Lib_Glcd.c,116 :: 		
0x0142	0x9484      	BCF         GLCD_EN, BitPos(GLCD_EN+0) 
;__Lib_Glcd.c,117 :: 		
0x0144	0x8084      	BSF         GLCD_RS, BitPos(GLCD_RS+0) 
;__Lib_Glcd.c,118 :: 		
0x0146	0x9284      	BCF         GLCD_RW, BitPos(GLCD_RW+0) 
;__Lib_Glcd.c,120 :: 		
0x0148	0xFF83C065  	MOVFF       FARG_Glcd_Write_Data_ddata, GLCD_DataPort
;__Lib_Glcd.c,121 :: 		
0x014C	0xDF6E      	RCALL       __Lib_Glcd_Strobe
;__Lib_Glcd.c,122 :: 		
L_end_Glcd_Write_Data:
0x014E	0x0012      	RETURN      0
; end of _Glcd_Write_Data
_Glcd_Set_Page:
;__Lib_Glcd.c,40 :: 		
;__Lib_Glcd.c,42 :: 		
0x0150	0x9084      	BCF         GLCD_RS, BitPos(GLCD_RS+0) 
;__Lib_Glcd.c,43 :: 		
0x0152	0x9284      	BCF         GLCD_RW, BitPos(GLCD_RW+0) 
;__Lib_Glcd.c,44 :: 		
0x0154	0x0EB8      	MOVLW       184
0x0156	0x0100      	MOVLB       0
0x0158	0x1165      	IORWF       FARG_Glcd_Set_Page_page, 0, 1
0x015A	0x6E83      	MOVWF       GLCD_DataPort 
;__Lib_Glcd.c,45 :: 		
0x015C	0xDF66      	RCALL       __Lib_Glcd_Strobe
;__Lib_Glcd.c,46 :: 		
L_end_Glcd_Set_Page:
0x015E	0x0012      	RETURN      0
; end of _Glcd_Set_Page
_Glcd_Set_Side:
;__Lib_Glcd.c,49 :: 		
;__Lib_Glcd.c,50 :: 		
0x0160	0x0E7F      	MOVLW       127
0x0162	0x0100      	MOVLB       0
0x0164	0x1565      	ANDWF       FARG_Glcd_Set_Side_x_pos, 0, 1
0x0166	0x6E01      	MOVWF       R1 
0x0168	0xF065C001  	MOVFF       R1, FARG_Glcd_Set_Side_x_pos
;__Lib_Glcd.c,51 :: 		
0x016C	0xAC01      	BTFSS       R1, 6 
0x016E	0xD003      	BRA         L_Glcd_Set_Side0
;__Lib_Glcd.c,52 :: 		
0x0170	0x8A80      	BSF         GLCD_CS1, BitPos(GLCD_CS1+0) 
;__Lib_Glcd.c,53 :: 		
0x0172	0x9082      	BCF         GLCD_CS2, BitPos(GLCD_CS2+0) 
;__Lib_Glcd.c,54 :: 		
0x0174	0xD002      	BRA         L_Glcd_Set_Side1
L_Glcd_Set_Side0:
;__Lib_Glcd.c,55 :: 		
0x0176	0x9A80      	BCF         GLCD_CS1, BitPos(GLCD_CS1+0) 
;__Lib_Glcd.c,56 :: 		
0x0178	0x8082      	BSF         GLCD_CS2, BitPos(GLCD_CS2+0) 
;__Lib_Glcd.c,57 :: 		
L_Glcd_Set_Side1:
;__Lib_Glcd.c,58 :: 		
L_end_Glcd_Set_Side:
0x017A	0x0012      	RETURN      0
; end of _Glcd_Set_Side
_Glcd_Write_Char:
;__Lib_Glcd.c,217 :: 		
;__Lib_Glcd.c,221 :: 		
0x017C	0x505D      	MOVF        FARG_Glcd_Write_Char_page_num, 0 
0x017E	0x0807      	SUBLW       7
0x0180	0xE201      	BC          L_Glcd_Write_Char14
;__Lib_Glcd.c,222 :: 		
0x0182	0xD083      	BRA         L_end_Glcd_Write_Char
L_Glcd_Write_Char14:
;__Lib_Glcd.c,224 :: 		
0x0184	0x504F      	MOVF        __Lib_Glcd_fontOffset, 0 
0x0186	0x5C5B      	SUBWF       FARG_Glcd_Write_Char_chr, 0 
0x0188	0x6E00      	MOVWF       R0 
0x018A	0xF001C050  	MOVFF       __Lib_Glcd_fontOffset+1, R1
0x018E	0x0E00      	MOVLW       0
0x0190	0x5601      	SUBFWB      R1, 1 
0x0192	0xF004C04E  	MOVFF       __Lib_Glcd_fontW, R4
0x0196	0x0E00      	MOVLW       0
0x0198	0x6E05      	MOVWF       R5 
0x019A	0xDF84      	RCALL       _Mul_16X16_U
0x019C	0xF063C000  	MOVFF       R0, Glcd_Write_Char_pointer_L0
0x01A0	0xF064C001  	MOVFF       R1, Glcd_Write_Char_pointer_L0+1
;__Lib_Glcd.c,226 :: 		
0x01A4	0xF065C05C  	MOVFF       FARG_Glcd_Write_Char_x_pos, FARG_Glcd_Set_X_x_pos
0x01A8	0xDF4C      	RCALL       _Glcd_Set_X
;__Lib_Glcd.c,227 :: 		
0x01AA	0xF065C05D  	MOVFF       FARG_Glcd_Write_Char_page_num, FARG_Glcd_Set_Page_page
0x01AE	0xDFD0      	RCALL       _Glcd_Set_Page
;__Lib_Glcd.c,229 :: 		
0x01B0	0x6A5F      	CLRF        Glcd_Write_Char_ii_L0 
L_Glcd_Write_Char15:
0x01B2	0x504E      	MOVF        __Lib_Glcd_fontW, 0 
0x01B4	0x5C5F      	SUBWF       Glcd_Write_Char_ii_L0, 0 
0x01B6	0xE24A      	BC          L_Glcd_Write_Char16
;__Lib_Glcd.c,230 :: 		
0x01B8	0x505C      	MOVF        FARG_Glcd_Write_Char_x_pos, 0 
0x01BA	0x087F      	SUBLW       127
0x01BC	0xE201      	BC          L_Glcd_Write_Char18
;__Lib_Glcd.c,231 :: 		
0x01BE	0xD065      	BRA         L_end_Glcd_Write_Char
L_Glcd_Write_Char18:
;__Lib_Glcd.c,232 :: 		
0x01C0	0xF065C05C  	MOVFF       FARG_Glcd_Write_Char_x_pos, FARG_Glcd_Set_Side_x_pos
0x01C4	0xDFCD      	RCALL       _Glcd_Set_Side
;__Lib_Glcd.c,233 :: 		
0x01C6	0xF065C05D  	MOVFF       FARG_Glcd_Write_Char_page_num, FARG_Glcd_Set_Page_page
0x01CA	0xDFC2      	RCALL       _Glcd_Set_Page
;__Lib_Glcd.c,234 :: 		
0x01CC	0xF065C05C  	MOVFF       FARG_Glcd_Write_Char_x_pos, FARG_Glcd_Set_X_x_pos
0x01D0	0xDF38      	RCALL       _Glcd_Set_X
;__Lib_Glcd.c,236 :: 		
0x01D2	0xDF90      	RCALL       _Glcd_Read_Data
0x01D4	0xF060C000  	MOVFF       R0, Glcd_Write_Char_data_read_L0
;__Lib_Glcd.c,237 :: 		
0x01D8	0xDF8D      	RCALL       _Glcd_Read_Data
0x01DA	0xF060C000  	MOVFF       R0, Glcd_Write_Char_data_read_L0
;__Lib_Glcd.c,239 :: 		
0x01DE	0xF065C05C  	MOVFF       FARG_Glcd_Write_Char_x_pos, FARG_Glcd_Set_Side_x_pos
0x01E2	0xDFBE      	RCALL       _Glcd_Set_Side
;__Lib_Glcd.c,240 :: 		
0x01E4	0xF065C05D  	MOVFF       FARG_Glcd_Write_Char_page_num, FARG_Glcd_Set_Page_page
0x01E8	0xDFB3      	RCALL       _Glcd_Set_Page
;__Lib_Glcd.c,241 :: 		
0x01EA	0xF065C05C  	MOVFF       FARG_Glcd_Write_Char_x_pos, FARG_Glcd_Set_X_x_pos
0x01EE	0xDF29      	RCALL       _Glcd_Set_X
;__Lib_Glcd.c,244 :: 		
0x01F0	0x5163      	MOVF        Glcd_Write_Char_pointer_L0, 0, 1
0x01F2	0x2451      	ADDWF       __Lib_Glcd_fontDef, 0 
0x01F4	0x6EF6      	MOVWF       TBLPTR 
0x01F6	0x5164      	MOVF        Glcd_Write_Char_pointer_L0+1, 0, 1
0x01F8	0x2052      	ADDWFC      __Lib_Glcd_fontDef+1, 0 
0x01FA	0x6EF7      	MOVWF       TBLPTR+1 
0x01FC	0x0E00      	MOVLW       0
0x01FE	0xBF64      	BTFSC       Glcd_Write_Char_pointer_L0+1, 7, 1
0x0200	0x0EFF      	MOVLW       255
0x0202	0x2053      	ADDWFC      __Lib_Glcd_fontDef+2, 0 
0x0204	0x6EF8      	MOVWF       TBLPTR+2 
0x0206	0x0009      	TBLRD*+
0x0208	0xF000CFF5  	MOVFF       TABLAT, R0
0x020C	0xF061C000  	MOVFF       R0, Glcd_Write_Char_font_ch_L0
0x0210	0x4B63      	INFSNZ      Glcd_Write_Char_pointer_L0, 1, 1
0x0212	0x2B64      	INCF        Glcd_Write_Char_pointer_L0+1, 1, 1
;__Lib_Glcd.c,245 :: 		
0x0214	0x1C00      	COMF        R0, 0 
0x0216	0x6F62      	MOVWF       Glcd_Write_Char_font_ch_inv_L0, 1
;__Lib_Glcd.c,248 :: 		
0x0218	0xD00A      	BRA         L_Glcd_Write_Char19
;__Lib_Glcd.c,249 :: 		
L_Glcd_Write_Char21:
0x021A	0xF060C062  	MOVFF       Glcd_Write_Char_font_ch_inv_L0, Glcd_Write_Char_data_read_L0
0x021E	0xD010      	BRA         L_Glcd_Write_Char20
;__Lib_Glcd.c,250 :: 		
L_Glcd_Write_Char22:
0x0220	0xF060C061  	MOVFF       Glcd_Write_Char_font_ch_L0, Glcd_Write_Char_data_read_L0
0x0224	0xD00D      	BRA         L_Glcd_Write_Char20
;__Lib_Glcd.c,251 :: 		
L_Glcd_Write_Char23:
0x0226	0x0100      	MOVLB       0
0x0228	0x5161      	MOVF        Glcd_Write_Char_font_ch_L0, 0, 1
0x022A	0x1B60      	XORWF       Glcd_Write_Char_data_read_L0, 1, 1
;__Lib_Glcd.c,252 :: 		
0x022C	0xD009      	BRA         L_Glcd_Write_Char20
L_Glcd_Write_Char19:
0x022E	0x505E      	MOVF        FARG_Glcd_Write_Char_color, 0 
0x0230	0x0A00      	XORLW       0
0x0232	0xE0F3      	BZ          L_Glcd_Write_Char21
0x0234	0x505E      	MOVF        FARG_Glcd_Write_Char_color, 0 
0x0236	0x0A01      	XORLW       1
0x0238	0xE0F3      	BZ          L_Glcd_Write_Char22
0x023A	0x505E      	MOVF        FARG_Glcd_Write_Char_color, 0 
0x023C	0x0A02      	XORLW       2
0x023E	0xE0F3      	BZ          L_Glcd_Write_Char23
L_Glcd_Write_Char20:
;__Lib_Glcd.c,254 :: 		
0x0240	0xF065C060  	MOVFF       Glcd_Write_Char_data_read_L0, FARG_Glcd_Write_Data_ddata
0x0244	0xDF7E      	RCALL       _Glcd_Write_Data
;__Lib_Glcd.c,255 :: 		
0x0246	0x2A5C      	INCF        FARG_Glcd_Write_Char_x_pos, 1 
;__Lib_Glcd.c,229 :: 		
0x0248	0x2A5F      	INCF        Glcd_Write_Char_ii_L0, 1 
;__Lib_Glcd.c,256 :: 		
0x024A	0xD7B3      	BRA         L_Glcd_Write_Char15
L_Glcd_Write_Char16:
;__Lib_Glcd.c,259 :: 		
0x024C	0xF065C05C  	MOVFF       FARG_Glcd_Write_Char_x_pos, FARG_Glcd_Set_Side_x_pos
0x0250	0xDF87      	RCALL       _Glcd_Set_Side
;__Lib_Glcd.c,260 :: 		
0x0252	0xF065C05D  	MOVFF       FARG_Glcd_Write_Char_page_num, FARG_Glcd_Set_Page_page
0x0256	0xDF7C      	RCALL       _Glcd_Set_Page
;__Lib_Glcd.c,261 :: 		
0x0258	0xF065C05C  	MOVFF       FARG_Glcd_Write_Char_x_pos, FARG_Glcd_Set_X_x_pos
0x025C	0xDEF2      	RCALL       _Glcd_Set_X
;__Lib_Glcd.c,263 :: 		
0x025E	0x0EFF      	MOVLW       255
0x0260	0x6F61      	MOVWF       Glcd_Write_Char_font_ch_L0, 1
;__Lib_Glcd.c,264 :: 		
0x0262	0x6B62      	CLRF        Glcd_Write_Char_font_ch_inv_L0, 1
;__Lib_Glcd.c,266 :: 		
0x0264	0xD00C      	BRA         L_Glcd_Write_Char24
;__Lib_Glcd.c,267 :: 		
L_Glcd_Write_Char26:
;__Lib_Glcd.c,268 :: 		
0x0266	0xF060C061  	MOVFF       Glcd_Write_Char_font_ch_L0, Glcd_Write_Char_data_read_L0
;__Lib_Glcd.c,269 :: 		
0x026A	0xF065C061  	MOVFF       Glcd_Write_Char_font_ch_L0, FARG_Glcd_Write_Data_ddata
0x026E	0xDF69      	RCALL       _Glcd_Write_Data
;__Lib_Glcd.c,270 :: 		
0x0270	0xD00C      	BRA         L_Glcd_Write_Char25
;__Lib_Glcd.c,271 :: 		
L_Glcd_Write_Char27:
;__Lib_Glcd.c,272 :: 		
0x0272	0xF060C062  	MOVFF       Glcd_Write_Char_font_ch_inv_L0, Glcd_Write_Char_data_read_L0
;__Lib_Glcd.c,273 :: 		
0x0276	0xF065C062  	MOVFF       Glcd_Write_Char_font_ch_inv_L0, FARG_Glcd_Write_Data_ddata
0x027A	0xDF63      	RCALL       _Glcd_Write_Data
;__Lib_Glcd.c,274 :: 		
0x027C	0xD006      	BRA         L_Glcd_Write_Char25
;__Lib_Glcd.c,275 :: 		
L_Glcd_Write_Char24:
0x027E	0x505E      	MOVF        FARG_Glcd_Write_Char_color, 0 
0x0280	0x0A00      	XORLW       0
0x0282	0xE0F1      	BZ          L_Glcd_Write_Char26
0x0284	0x505E      	MOVF        FARG_Glcd_Write_Char_color, 0 
0x0286	0x0A01      	XORLW       1
0x0288	0xE0F4      	BZ          L_Glcd_Write_Char27
L_Glcd_Write_Char25:
;__Lib_Glcd.c,277 :: 		
L_end_Glcd_Write_Char:
0x028A	0x0012      	RETURN      0
; end of _Glcd_Write_Char
_strcspn:
;__Lib_CString.c,203 :: 		
;__Lib_CString.c,205 :: 		
0x028C	0x6A5F      	CLRF        strcspn_i_L0 
;__Lib_CString.c,206 :: 		
L_strcspn54:
0x028E	0xFFE9C05B  	MOVFF       FARG_strcspn_s1, FSR0L
0x0292	0xFFEAC05C  	MOVFF       FARG_strcspn_s1+1, FSR0H
0x0296	0x52EE      	MOVF        POSTINC0, 1 
0x0298	0xE015      	BZ          L_strcspn55
0x029A	0xF065C05D  	MOVFF       FARG_strcspn_s2, FARG_strchr_ptr
0x029E	0xF066C05E  	MOVFF       FARG_strcspn_s2+1, FARG_strchr_ptr+1
0x02A2	0xFFE9C05B  	MOVFF       FARG_strcspn_s1, FSR0L
0x02A6	0xFFEAC05C  	MOVFF       FARG_strcspn_s1+1, FSR0H
0x02AA	0xF067CFEE  	MOVFF       POSTINC0, FARG_strchr_chr
0x02AE	0xDEDC      	RCALL       _strchr
0x02B0	0x0E00      	MOVLW       0
0x02B2	0x1801      	XORWF       R1, 0 
0x02B4	0xE102      	BNZ         L__strcspn137
0x02B6	0x0E00      	MOVLW       0
0x02B8	0x1800      	XORWF       R0, 0 
L__strcspn137:
0x02BA	0xE104      	BNZ         L_strcspn55
L__strcspn115:
;__Lib_CString.c,207 :: 		
0x02BC	0x4A5B      	INFSNZ      FARG_strcspn_s1, 1 
0x02BE	0x2A5C      	INCF        FARG_strcspn_s1+1, 1 
0x02C0	0x2A5F      	INCF        strcspn_i_L0, 1 
0x02C2	0xD7E5      	BRA         L_strcspn54
L_strcspn55:
;__Lib_CString.c,209 :: 		
0x02C4	0xF000C05F  	MOVFF       strcspn_i_L0, R0
;__Lib_CString.c,210 :: 		
L_end_strcspn:
0x02C8	0x0012      	RETURN      0
; end of _strcspn
_strspn:
;__Lib_CString.c,185 :: 		
;__Lib_CString.c,188 :: 		
0x02CA	0x0100      	MOVLB       0
0x02CC	0x6B61      	CLRF        strspn_i_L0, 1
0x02CE	0x6B62      	CLRF        strspn_i_L0+1, 1
;__Lib_CString.c,189 :: 		
L_strspn50:
0x02D0	0xFFE9C05B  	MOVFF       FARG_strspn_str1, FSR0L
0x02D4	0xFFEAC05C  	MOVFF       FARG_strspn_str1+1, FSR0H
0x02D8	0x52EE      	MOVF        POSTINC0, 1 
0x02DA	0xE016      	BZ          L_strspn51
0x02DC	0xF065C05D  	MOVFF       FARG_strspn_str2, FARG_strchr_ptr
0x02E0	0xF066C05E  	MOVFF       FARG_strspn_str2+1, FARG_strchr_ptr+1
0x02E4	0xFFE9C05B  	MOVFF       FARG_strspn_str1, FSR0L
0x02E8	0xFFEAC05C  	MOVFF       FARG_strspn_str1+1, FSR0H
0x02EC	0xF067CFEE  	MOVFF       POSTINC0, FARG_strchr_chr
0x02F0	0xDEBB      	RCALL       _strchr
0x02F2	0x0E00      	MOVLW       0
0x02F4	0x1801      	XORWF       R1, 0 
0x02F6	0xE102      	BNZ         L__strspn135
0x02F8	0x0E00      	MOVLW       0
0x02FA	0x1800      	XORWF       R0, 0 
L__strspn135:
0x02FC	0xE005      	BZ          L_strspn51
L__strspn114:
;__Lib_CString.c,190 :: 		
0x02FE	0x4A5B      	INFSNZ      FARG_strspn_str1, 1 
0x0300	0x2A5C      	INCF        FARG_strspn_str1+1, 1 
;__Lib_CString.c,191 :: 		
0x0302	0x4B61      	INFSNZ      strspn_i_L0, 1, 1
0x0304	0x2B62      	INCF        strspn_i_L0+1, 1, 1
;__Lib_CString.c,192 :: 		
0x0306	0xD7E4      	BRA         L_strspn50
L_strspn51:
;__Lib_CString.c,193 :: 		
0x0308	0xF000C061  	MOVFF       strspn_i_L0, R0
0x030C	0xF001C062  	MOVFF       strspn_i_L0+1, R1
;__Lib_CString.c,194 :: 		
L_end_strspn:
0x0310	0x0012      	RETURN      0
; end of _strspn
_Glcd_Fill:
;__Lib_Glcd.c,125 :: 		
;__Lib_Glcd.c,128 :: 		
0x0312	0x9A80      	BCF         GLCD_CS1, BitPos(GLCD_CS1+0) 
0x0314	0x8082      	BSF         GLCD_CS2, BitPos(GLCD_CS2+0) 
;__Lib_Glcd.c,129 :: 		
0x0316	0x6A56      	CLRF        Glcd_Fill_page_L0 
L_Glcd_Fill2:
0x0318	0x5056      	MOVF        Glcd_Fill_page_L0, 0 
0x031A	0x0807      	SUBLW       7
0x031C	0xE30E      	BNC         L_Glcd_Fill3
;__Lib_Glcd.c,130 :: 		
0x031E	0xF065C056  	MOVFF       Glcd_Fill_page_L0, FARG_Glcd_Set_Page_page
0x0322	0xDF16      	RCALL       _Glcd_Set_Page
;__Lib_Glcd.c,132 :: 		
0x0324	0x6A55      	CLRF        Glcd_Fill_yy_L0 
L_Glcd_Fill5:
0x0326	0x5055      	MOVF        Glcd_Fill_yy_L0, 0 
0x0328	0x083F      	SUBLW       63
0x032A	0xE305      	BNC         L_Glcd_Fill6
;__Lib_Glcd.c,133 :: 		
0x032C	0xF065C054  	MOVFF       FARG_Glcd_Fill_pattern, FARG_Glcd_Write_Data_ddata
0x0330	0xDF08      	RCALL       _Glcd_Write_Data
;__Lib_Glcd.c,132 :: 		
0x0332	0x2A55      	INCF        Glcd_Fill_yy_L0, 1 
;__Lib_Glcd.c,135 :: 		
0x0334	0xD7F8      	BRA         L_Glcd_Fill5
L_Glcd_Fill6:
;__Lib_Glcd.c,129 :: 		
0x0336	0x2A56      	INCF        Glcd_Fill_page_L0, 1 
;__Lib_Glcd.c,136 :: 		
0x0338	0xD7EF      	BRA         L_Glcd_Fill2
L_Glcd_Fill3:
;__Lib_Glcd.c,138 :: 		
0x033A	0x9082      	BCF         GLCD_CS2, BitPos(GLCD_CS2+0) 
0x033C	0x8A80      	BSF         GLCD_CS1, BitPos(GLCD_CS1+0) 
;__Lib_Glcd.c,139 :: 		
0x033E	0x6A56      	CLRF        Glcd_Fill_page_L0 
L_Glcd_Fill8:
0x0340	0x5056      	MOVF        Glcd_Fill_page_L0, 0 
0x0342	0x0807      	SUBLW       7
0x0344	0xE30E      	BNC         L_Glcd_Fill9
;__Lib_Glcd.c,140 :: 		
0x0346	0xF065C056  	MOVFF       Glcd_Fill_page_L0, FARG_Glcd_Set_Page_page
0x034A	0xDF02      	RCALL       _Glcd_Set_Page
;__Lib_Glcd.c,141 :: 		
0x034C	0x6A55      	CLRF        Glcd_Fill_yy_L0 
L_Glcd_Fill11:
0x034E	0x5055      	MOVF        Glcd_Fill_yy_L0, 0 
0x0350	0x083F      	SUBLW       63
0x0352	0xE305      	BNC         L_Glcd_Fill12
;__Lib_Glcd.c,142 :: 		
0x0354	0xF065C054  	MOVFF       FARG_Glcd_Fill_pattern, FARG_Glcd_Write_Data_ddata
0x0358	0xDEF4      	RCALL       _Glcd_Write_Data
;__Lib_Glcd.c,141 :: 		
0x035A	0x2A55      	INCF        Glcd_Fill_yy_L0, 1 
;__Lib_Glcd.c,142 :: 		
0x035C	0xD7F8      	BRA         L_Glcd_Fill11
L_Glcd_Fill12:
;__Lib_Glcd.c,139 :: 		
0x035E	0x2A56      	INCF        Glcd_Fill_page_L0, 1 
;__Lib_Glcd.c,143 :: 		
0x0360	0xD7EF      	BRA         L_Glcd_Fill8
L_Glcd_Fill9:
;__Lib_Glcd.c,144 :: 		
L_end_Glcd_Fill:
0x0362	0x0012      	RETURN      0
; end of _Glcd_Fill
___CC2DW:
;__Lib_System.c,21 :: 		
;__Lib_System.c,23 :: 		
_CC2DL_Loop1:
;__Lib_System.c,24 :: 		
0x0364	0x0009      	TBLRD*+
;__Lib_System.c,25 :: 		
0x0366	0xFFE6CFF5  	MOVFF       TABLAT, POSTINC1
;__Lib_System.c,26 :: 		
0x036A	0x0600      	DECF        R0, 1, 0
;__Lib_System.c,27 :: 		
0x036C	0xE1FB      	BNZ         _CC2DL_Loop1
;__Lib_System.c,28 :: 		
0x036E	0x0601      	DECF        R1, 1, 0
;__Lib_System.c,29 :: 		
0x0370	0xE1F9      	BNZ         _CC2DL_Loop1
;__Lib_System.c,31 :: 		
L_end___CC2DW:
0x0372	0x0012      	RETURN      0
; end of ___CC2DW
_Glcd_Init:
;__Lib_Glcd.c,147 :: 		
;__Lib_Glcd.c,148 :: 		
0x0374	0x6A29      	CLRF        __Lib_Glcd_FontInitialized 
;__Lib_Glcd.c,149 :: 		
0x0376	0x6A27      	CLRF        __Lib_Glcd_ExternalFontSet 
0x0378	0x6A28      	CLRF        __Lib_Glcd_ExternalFontSet+1 
;__Lib_Glcd.c,151 :: 		
0x037A	0x9693      	BCF         GLCD_RST_Direction, BitPos(GLCD_RST_Direction+0) 
;__Lib_Glcd.c,152 :: 		
0x037C	0x9496      	BCF         GLCD_EN_Direction, BitPos(GLCD_EN_Direction+0) 
;__Lib_Glcd.c,153 :: 		
0x037E	0x9096      	BCF         GLCD_RS_Direction, BitPos(GLCD_RS_Direction+0) 
;__Lib_Glcd.c,154 :: 		
0x0380	0x9296      	BCF         GLCD_RW_Direction, BitPos(GLCD_RW_Direction+0) 
;__Lib_Glcd.c,155 :: 		
0x0382	0x9A92      	BCF         GLCD_CS1_Direction, BitPos(GLCD_CS1_Direction+0) 
;__Lib_Glcd.c,156 :: 		
0x0384	0x9094      	BCF         GLCD_CS2_Direction, BitPos(GLCD_CS2_Direction+0) 
;__Lib_Glcd.c,158 :: 		
0x0386	0x9681      	BCF         GLCD_RST, BitPos(GLCD_RST+0) 
;__Lib_Glcd.c,163 :: 		
0x0388	0x0E12      	MOVLW       18
0x038A	0x6E00      	MOVWF       R0 
0x038C	0x0E00      	MOVLW       0
0x038E	0x6E01      	MOVWF       R1 
0x0390	0x0E83      	MOVLW       GLCD_DataPort
0x0392	0x2400      	ADDWF       R0, 0 
0x0394	0x6EE1      	MOVWF       FSR1L 
0x0396	0x0E0F      	MOVLW       hi_addr(GLCD_DataPort)
0x0398	0x2001      	ADDWFC      R1, 0 
0x039A	0x6EE2      	MOVWF       FSR1L+1 
0x039C	0x6AE6      	CLRF        POSTINC1 
;__Lib_Glcd.c,173 :: 		
0x039E	0x9084      	BCF         GLCD_RS, BitPos(GLCD_RS+0) 
;__Lib_Glcd.c,174 :: 		
0x03A0	0x9284      	BCF         GLCD_RW, BitPos(GLCD_RW+0) 
;__Lib_Glcd.c,176 :: 		
0x03A2	0x9A80      	BCF         GLCD_CS1, BitPos(GLCD_CS1+0) 
;__Lib_Glcd.c,177 :: 		
0x03A4	0x8082      	BSF         GLCD_CS2, BitPos(GLCD_CS2+0) 
;__Lib_Glcd.c,179 :: 		
0x03A6	0x8681      	BSF         GLCD_RST, BitPos(GLCD_RST+0) 
;__Lib_Glcd.c,186 :: 		
0x03A8	0x0E3F      	MOVLW       63
0x03AA	0x6E83      	MOVWF       GLCD_DataPort 
;__Lib_Glcd.c,187 :: 		
0x03AC	0xDE3E      	RCALL       __Lib_Glcd_Strobe
;__Lib_Glcd.c,189 :: 		
0x03AE	0x0EC0      	MOVLW       192
0x03B0	0x6E83      	MOVWF       GLCD_DataPort 
;__Lib_Glcd.c,190 :: 		
0x03B2	0xDE3B      	RCALL       __Lib_Glcd_Strobe
;__Lib_Glcd.c,192 :: 		
0x03B4	0x8A80      	BSF         GLCD_CS1, BitPos(GLCD_CS1+0) 
;__Lib_Glcd.c,193 :: 		
0x03B6	0x9082      	BCF         GLCD_CS2, BitPos(GLCD_CS2+0) 
;__Lib_Glcd.c,195 :: 		
0x03B8	0x0E3F      	MOVLW       63
0x03BA	0x6E83      	MOVWF       GLCD_DataPort 
;__Lib_Glcd.c,196 :: 		
0x03BC	0xDE36      	RCALL       __Lib_Glcd_Strobe
;__Lib_Glcd.c,198 :: 		
0x03BE	0x0EC0      	MOVLW       192
0x03C0	0x6E83      	MOVWF       GLCD_DataPort 
;__Lib_Glcd.c,199 :: 		
0x03C2	0xDE33      	RCALL       __Lib_Glcd_Strobe
;__Lib_Glcd.c,201 :: 		
L_end_Glcd_Init:
0x03C4	0x0012      	RETURN      0
; end of _Glcd_Init
_Glcd_Set_Font:
;__Lib_Glcd.c,205 :: 		
;__Lib_Glcd.c,206 :: 		
0x03C6	0xF051C054  	MOVFF       FARG_Glcd_Set_Font_activeFont, __Lib_Glcd_fontDef
0x03CA	0xF052C055  	MOVFF       FARG_Glcd_Set_Font_activeFont+1, __Lib_Glcd_fontDef+1
0x03CE	0xF053C056  	MOVFF       FARG_Glcd_Set_Font_activeFont+2, __Lib_Glcd_fontDef+2
;__Lib_Glcd.c,207 :: 		
0x03D2	0xF04FC059  	MOVFF       FARG_Glcd_Set_Font_aFontOffs, __Lib_Glcd_fontOffset
0x03D6	0xF050C05A  	MOVFF       FARG_Glcd_Set_Font_aFontOffs+1, __Lib_Glcd_fontOffset+1
;__Lib_Glcd.c,208 :: 		
0x03DA	0xF04EC057  	MOVFF       FARG_Glcd_Set_Font_aFontWidth, __Lib_Glcd_fontW
;__Lib_Glcd.c,209 :: 		
0x03DE	0xF02AC058  	MOVFF       FARG_Glcd_Set_Font_aFontHeight, __Lib_Glcd_fontH
;__Lib_Glcd.c,210 :: 		
0x03E2	0x0E01      	MOVLW       1
0x03E4	0x6E29      	MOVWF       __Lib_Glcd_FontInitialized 
;__Lib_Glcd.c,211 :: 		
L_end_Glcd_Set_Font:
0x03E6	0x0012      	RETURN      0
; end of _Glcd_Set_Font
_Glcd_Write_Text:
;__Lib_Glcd.c,281 :: 		
;__Lib_Glcd.c,282 :: 		
0x03E8	0x6A59      	CLRF        Glcd_Write_Text_i_L0 
;__Lib_Glcd.c,284 :: 		
0x03EA	0x5029      	MOVF        __Lib_Glcd_FontInitialized, 0 
0x03EC	0x0A00      	XORLW       0
0x03EE	0xE10E      	BNZ         L_Glcd_Write_Text28
;__Lib_Glcd.c,286 :: 		
0x03F0	0x0E05      	MOVLW       5
0x03F2	0x6E4E      	MOVWF       __Lib_Glcd_fontW 
;__Lib_Glcd.c,287 :: 		
0x03F4	0x0E07      	MOVLW       7
0x03F6	0x6E2A      	MOVWF       __Lib_Glcd_fontH 
;__Lib_Glcd.c,288 :: 		
0x03F8	0x0E62      	MOVLW       _font5x7
0x03FA	0x6E51      	MOVWF       __Lib_Glcd_fontDef 
0x03FC	0x0E08      	MOVLW       hi_addr(_font5x7)
0x03FE	0x6E52      	MOVWF       __Lib_Glcd_fontDef+1 
0x0400	0x0E00      	MOVLW       higher_addr(_font5x7)
0x0402	0x6E53      	MOVWF       __Lib_Glcd_fontDef+2 
;__Lib_Glcd.c,289 :: 		
0x0404	0x0E20      	MOVLW       32
0x0406	0x6E4F      	MOVWF       __Lib_Glcd_fontOffset 
0x0408	0x0E00      	MOVLW       0
0x040A	0x6E50      	MOVWF       __Lib_Glcd_fontOffset+1 
;__Lib_Glcd.c,290 :: 		
L_Glcd_Write_Text28:
;__Lib_Glcd.c,293 :: 		
L_Glcd_Write_Text29:
0x040C	0x5059      	MOVF        Glcd_Write_Text_i_L0, 0 
0x040E	0x2454      	ADDWF       FARG_Glcd_Write_Text_text, 0 
0x0410	0x6EE9      	MOVWF       FSR0L 
0x0412	0x0E00      	MOVLW       0
0x0414	0x2055      	ADDWFC      FARG_Glcd_Write_Text_text+1, 0 
0x0416	0x6EEA      	MOVWF       FSR0L+1 
0x0418	0x52EE      	MOVF        POSTINC0, 1 
0x041A	0xE016      	BZ          L_Glcd_Write_Text30
;__Lib_Glcd.c,294 :: 		
0x041C	0x5059      	MOVF        Glcd_Write_Text_i_L0, 0 
0x041E	0x2454      	ADDWF       FARG_Glcd_Write_Text_text, 0 
0x0420	0x6EE9      	MOVWF       FSR0L 
0x0422	0x0E00      	MOVLW       0
0x0424	0x2055      	ADDWFC      FARG_Glcd_Write_Text_text+1, 0 
0x0426	0x6EEA      	MOVWF       FSR0L+1 
0x0428	0xF05BCFEE  	MOVFF       POSTINC0, FARG_Glcd_Write_Char_chr
0x042C	0xF05CC056  	MOVFF       FARG_Glcd_Write_Text_x_pos, FARG_Glcd_Write_Char_x_pos
0x0430	0xF05DC057  	MOVFF       FARG_Glcd_Write_Text_page_num, FARG_Glcd_Write_Char_page_num
0x0434	0xF05EC058  	MOVFF       FARG_Glcd_Write_Text_color, FARG_Glcd_Write_Char_color
0x0438	0xDEA1      	RCALL       _Glcd_Write_Char
;__Lib_Glcd.c,295 :: 		
0x043A	0x504E      	MOVF        __Lib_Glcd_fontW, 0 
0x043C	0x0F01      	ADDLW       1
0x043E	0x6E00      	MOVWF       R0 
0x0440	0x5000      	MOVF        R0, 0 
0x0442	0x2656      	ADDWF       FARG_Glcd_Write_Text_x_pos, 1 
;__Lib_Glcd.c,296 :: 		
0x0444	0x2A59      	INCF        Glcd_Write_Text_i_L0, 1 
;__Lib_Glcd.c,297 :: 		
0x0446	0xD7E2      	BRA         L_Glcd_Write_Text29
L_Glcd_Write_Text30:
;__Lib_Glcd.c,298 :: 		
L_end_Glcd_Write_Text:
0x0448	0x0012      	RETURN      0
; end of _Glcd_Write_Text
_strcpy:
;__Lib_CString.c,126 :: 		
;__Lib_CString.c,129 :: 		
0x044A	0xF004C054  	MOVFF       FARG_strcpy_to, R4
0x044E	0xF005C055  	MOVFF       FARG_strcpy_to+1, R5
;__Lib_CString.c,130 :: 		
L_strcpy34:
0x0452	0xF002C004  	MOVFF       R4, R2
0x0456	0xF003C005  	MOVFF       R5, R3
0x045A	0x4A04      	INFSNZ      R4, 1 
0x045C	0x2A05      	INCF        R5, 1 
0x045E	0xF000C056  	MOVFF       FARG_strcpy_from, R0
0x0462	0xF001C057  	MOVFF       FARG_strcpy_from+1, R1
0x0466	0x4A56      	INFSNZ      FARG_strcpy_from, 1 
0x0468	0x2A57      	INCF        FARG_strcpy_from+1, 1 
0x046A	0xFFE9C000  	MOVFF       R0, FSR0L
0x046E	0xFFEAC001  	MOVFF       R1, FSR0H
0x0472	0xFFE1C002  	MOVFF       R2, FSR1L
0x0476	0xFFE2C003  	MOVFF       R3, FSR1H
0x047A	0xFFE6CFEE  	MOVFF       POSTINC0, POSTINC1
0x047E	0xFFE9C002  	MOVFF       R2, FSR0L
0x0482	0xFFEAC003  	MOVFF       R3, FSR0H
0x0486	0x52EE      	MOVF        POSTINC0, 1 
0x0488	0xE001      	BZ          L_strcpy35
;__Lib_CString.c,131 :: 		
0x048A	0xD7E3      	BRA         L_strcpy34
L_strcpy35:
;__Lib_CString.c,132 :: 		
0x048C	0xF000C054  	MOVFF       FARG_strcpy_to, R0
0x0490	0xF001C055  	MOVFF       FARG_strcpy_to+1, R1
;__Lib_CString.c,133 :: 		
L_end_strcpy:
0x0494	0x0012      	RETURN      0
; end of _strcpy
_strtok:
;__Lib_CString.c,283 :: 		
;__Lib_CString.c,286 :: 		
0x0496	0x0E00      	MOVLW       0
0x0498	0x1855      	XORWF       FARG_strtok_s1+1, 0 
0x049A	0xE102      	BNZ         L__strtok146
0x049C	0x0E00      	MOVLW       0
0x049E	0x1854      	XORWF       FARG_strtok_s1, 0 
L__strtok146:
0x04A0	0xE104      	BNZ         L_strtok75
;__Lib_CString.c,287 :: 		
0x04A2	0xF054C02B  	MOVFF       strtok_sp_L0, FARG_strtok_s1
0x04A6	0xF055C02C  	MOVFF       strtok_sp_L0+1, FARG_strtok_s1+1
L_strtok75:
;__Lib_CString.c,288 :: 		
0x04AA	0x5054      	MOVF        FARG_strtok_s1, 0 
0x04AC	0x1055      	IORWF       FARG_strtok_s1+1, 0 
0x04AE	0xE103      	BNZ         L_strtok76
;__Lib_CString.c,289 :: 		
0x04B0	0x6A00      	CLRF        R0 
0x04B2	0x6A01      	CLRF        R1 
0x04B4	0xD052      	BRA         L_end_strtok
L_strtok76:
;__Lib_CString.c,290 :: 		
0x04B6	0xFFE9C054  	MOVFF       FARG_strtok_s1, FSR0L
0x04BA	0xFFEAC055  	MOVFF       FARG_strtok_s1+1, FSR0H
0x04BE	0xF000CFEE  	MOVFF       POSTINC0, R0
0x04C2	0x5200      	MOVF        R0, 1 
0x04C4	0xE103      	BNZ         L_strtok77
;__Lib_CString.c,291 :: 		
0x04C6	0x6A00      	CLRF        R0 
0x04C8	0x6A01      	CLRF        R1 
0x04CA	0xD047      	BRA         L_end_strtok
L_strtok77:
;__Lib_CString.c,292 :: 		
0x04CC	0xF05BC054  	MOVFF       FARG_strtok_s1, FARG_strspn_str1
0x04D0	0xF05CC055  	MOVFF       FARG_strtok_s1+1, FARG_strspn_str1+1
0x04D4	0xF05DC056  	MOVFF       FARG_strtok_s2, FARG_strspn_str2
0x04D8	0xF05EC057  	MOVFF       FARG_strtok_s2+1, FARG_strspn_str2+1
0x04DC	0xDEF6      	RCALL       _strspn
0x04DE	0x5054      	MOVF        FARG_strtok_s1, 0 
0x04E0	0x2600      	ADDWF       R0, 1 
0x04E2	0x5055      	MOVF        FARG_strtok_s1+1, 0 
0x04E4	0x2201      	ADDWFC      R1, 1 
0x04E6	0xF054C000  	MOVFF       R0, FARG_strtok_s1
0x04EA	0xF055C001  	MOVFF       R1, FARG_strtok_s1+1
;__Lib_CString.c,293 :: 		
0x04EE	0xFFE9C000  	MOVFF       R0, FSR0L
0x04F2	0xFFEAC001  	MOVFF       R1, FSR0H
0x04F6	0xF000CFEE  	MOVFF       POSTINC0, R0
0x04FA	0x5200      	MOVF        R0, 1 
0x04FC	0xE107      	BNZ         L_strtok78
;__Lib_CString.c,294 :: 		
0x04FE	0x6A2B      	CLRF        strtok_sp_L0 
0x0500	0x6A2C      	CLRF        strtok_sp_L0+1 
0x0502	0x0E00      	MOVLW       0
0x0504	0x6E00      	MOVWF       R0 
0x0506	0x0E00      	MOVLW       0
0x0508	0x6E01      	MOVWF       R1 
0x050A	0xD027      	BRA         L_end_strtok
L_strtok78:
;__Lib_CString.c,295 :: 		
0x050C	0xF05BC054  	MOVFF       FARG_strtok_s1, FARG_strcspn_s1
0x0510	0xF05CC055  	MOVFF       FARG_strtok_s1+1, FARG_strcspn_s1+1
0x0514	0xF05DC056  	MOVFF       FARG_strtok_s2, FARG_strcspn_s2
0x0518	0xF05EC057  	MOVFF       FARG_strtok_s2+1, FARG_strcspn_s2+1
0x051C	0xDEB7      	RCALL       _strcspn
0x051E	0x0E00      	MOVLW       0
0x0520	0x6E01      	MOVWF       R1 
0x0522	0x5054      	MOVF        FARG_strtok_s1, 0 
0x0524	0x2600      	ADDWF       R0, 1 
0x0526	0x5055      	MOVF        FARG_strtok_s1+1, 0 
0x0528	0x2201      	ADDWFC      R1, 1 
0x052A	0xF02BC000  	MOVFF       R0, strtok_sp_L0
0x052E	0xF02CC001  	MOVFF       R1, strtok_sp_L0+1
;__Lib_CString.c,296 :: 		
0x0532	0xFFE9C000  	MOVFF       R0, FSR0L
0x0536	0xFFEAC001  	MOVFF       R1, FSR0H
0x053A	0x52EE      	MOVF        POSTINC0, 1 
0x053C	0xE008      	BZ          L_strtok79
;__Lib_CString.c,297 :: 		
0x053E	0xFFE1C02B  	MOVFF       strtok_sp_L0, FSR1L
0x0542	0xFFE2C02C  	MOVFF       strtok_sp_L0+1, FSR1H
0x0546	0x6AE6      	CLRF        POSTINC1 
0x0548	0x4A2B      	INFSNZ      strtok_sp_L0, 1 
0x054A	0x2A2C      	INCF        strtok_sp_L0+1, 1 
0x054C	0xD002      	BRA         L_strtok80
L_strtok79:
;__Lib_CString.c,299 :: 		
0x054E	0x6A2B      	CLRF        strtok_sp_L0 
0x0550	0x6A2C      	CLRF        strtok_sp_L0+1 
L_strtok80:
;__Lib_CString.c,301 :: 		
0x0552	0xF000C054  	MOVFF       FARG_strtok_s1, R0
0x0556	0xF001C055  	MOVFF       FARG_strtok_s1+1, R1
;__Lib_CString.c,302 :: 		
L_end_strtok:
0x055A	0x0012      	RETURN      0
; end of _strtok
_main:
0x055C	0xF005EC2A  	CALL        2644, 0
;variaveis.c,23 :: 		void main()
;variaveis.c,25 :: 		delay_ms(200);                  // Delay para estabilizar
0x0560	0x0E0D      	MOVLW       13
0x0562	0x6E0B      	MOVWF       R11, 0
0x0564	0x0E2D      	MOVLW       45
0x0566	0x6E0C      	MOVWF       R12, 0
0x0568	0x0ED7      	MOVLW       215
0x056A	0x6E0D      	MOVWF       R13, 0
L_main0:
0x056C	0x2E0D      	DECFSZ      R13, 1, 0
0x056E	0xD7FE      	BRA         L_main0
0x0570	0x2E0C      	DECFSZ      R12, 1, 0
0x0572	0xD7FC      	BRA         L_main0
0x0574	0x2E0B      	DECFSZ      R11, 1, 0
0x0576	0xD7FA      	BRA         L_main0
0x0578	0x0000      	NOP
0x057A	0x0000      	NOP
;variaveis.c,26 :: 		CMCON = 0x07;                   //Desabilita os comparadores
0x057C	0x0E07      	MOVLW       7
0x057E	0x6EB4      	MOVWF       CMCON 
;variaveis.c,27 :: 		ADCON0 = 0x00;                  //Desabilita os conversores AD
0x0580	0x6AC2      	CLRF        ADCON0 
;variaveis.c,28 :: 		ADCON1 = 0X0F;                  // Torna todo ADC Digital
0x0582	0x0E0F      	MOVLW       15
0x0584	0x6EC1      	MOVWF       ADCON1 
;variaveis.c,30 :: 		TRISD=0x00;                     // define a porta d como saída
0x0586	0x6A95      	CLRF        TRISD 
;variaveis.c,31 :: 		TRISB=0XF0;                     // define a porta b0-3 como saida (0) e b4-7 como entrada (1) (11110000)
0x0588	0x0EF0      	MOVLW       240
0x058A	0x6E93      	MOVWF       TRISB 
;variaveis.c,33 :: 		Glcd_Init(); //Inicializar o GLCD
0x058C	0xDEF3      	RCALL       _Glcd_Init
;variaveis.c,34 :: 		Glcd_Fill(0);
0x058E	0x6A54      	CLRF        FARG_Glcd_Fill_pattern 
0x0590	0xDEC0      	RCALL       _Glcd_Fill
;variaveis.c,35 :: 		Glcd_Set_Font(Font_Glcd_System5x7,5,7,32);
0x0592	0x0E78      	MOVLW       _Font_Glcd_System5x7
0x0594	0x6E54      	MOVWF       FARG_Glcd_Set_Font_activeFont 
0x0596	0x0E06      	MOVLW       hi_addr(_Font_Glcd_System5x7)
0x0598	0x6E55      	MOVWF       FARG_Glcd_Set_Font_activeFont+1 
0x059A	0x0E00      	MOVLW       higher_addr(_Font_Glcd_System5x7)
0x059C	0x6E56      	MOVWF       FARG_Glcd_Set_Font_activeFont+2 
0x059E	0x0E05      	MOVLW       5
0x05A0	0x6E57      	MOVWF       FARG_Glcd_Set_Font_aFontWidth 
0x05A2	0x0E07      	MOVLW       7
0x05A4	0x6E58      	MOVWF       FARG_Glcd_Set_Font_aFontHeight 
0x05A6	0x0E20      	MOVLW       32
0x05A8	0x6E59      	MOVWF       FARG_Glcd_Set_Font_aFontOffs 
0x05AA	0x0E00      	MOVLW       0
0x05AC	0x6E5A      	MOVWF       FARG_Glcd_Set_Font_aFontOffs+1 
0x05AE	0xDF0B      	RCALL       _Glcd_Set_Font
;variaveis.c,37 :: 		delay_ms(100);
0x05B0	0x0E07      	MOVLW       7
0x05B2	0x6E0B      	MOVWF       R11, 0
0x05B4	0x0E17      	MOVLW       23
0x05B6	0x6E0C      	MOVWF       R12, 0
0x05B8	0x0E6A      	MOVLW       106
0x05BA	0x6E0D      	MOVWF       R13, 0
L_main1:
0x05BC	0x2E0D      	DECFSZ      R13, 1, 0
0x05BE	0xD7FE      	BRA         L_main1
0x05C0	0x2E0C      	DECFSZ      R12, 1, 0
0x05C2	0xD7FC      	BRA         L_main1
0x05C4	0x2E0B      	DECFSZ      R11, 1, 0
0x05C6	0xD7FA      	BRA         L_main1
0x05C8	0x0000      	NOP
;variaveis.c,38 :: 		while (1)
L_main2:
;variaveis.c,41 :: 		if (BUT0 == 0)
0x05CA	0xB881      	BTFSC       RB4_bit, BitPos(RB4_bit+0) 
0x05CC	0xD053      	BRA         L_main4
;variaveis.c,43 :: 		strcpy(tempo, strtok(str , "|"));
0x05CE	0x0E19      	MOVLW       _str
0x05D0	0x6E54      	MOVWF       FARG_strtok_s1 
0x05D2	0x0E00      	MOVLW       hi_addr(_str)
0x05D4	0x6E55      	MOVWF       FARG_strtok_s1+1 
0x05D6	0x0E25      	MOVLW       ?lstr1_variaveis
0x05D8	0x6E56      	MOVWF       FARG_strtok_s2 
0x05DA	0x0E00      	MOVLW       hi_addr(?lstr1_variaveis)
0x05DC	0x6E57      	MOVWF       FARG_strtok_s2+1 
0x05DE	0xDF5B      	RCALL       _strtok
0x05E0	0xF056C000  	MOVFF       R0, FARG_strcpy_from
0x05E4	0xF057C001  	MOVFF       R1, FARG_strcpy_from+1
0x05E8	0x0E43      	MOVLW       _tempo
0x05EA	0x6E54      	MOVWF       FARG_strcpy_to 
0x05EC	0x0E00      	MOVLW       hi_addr(_tempo)
0x05EE	0x6E55      	MOVWF       FARG_strcpy_to+1 
0x05F0	0xDF2C      	RCALL       _strcpy
;variaveis.c,44 :: 		strcpy(pulso, strtok(0, "|"));
0x05F2	0x6A54      	CLRF        FARG_strtok_s1 
0x05F4	0x6A55      	CLRF        FARG_strtok_s1+1 
0x05F6	0x0E15      	MOVLW       ?lstr2_variaveis
0x05F8	0x6E56      	MOVWF       FARG_strtok_s2 
0x05FA	0x0E00      	MOVLW       hi_addr(?lstr2_variaveis)
0x05FC	0x6E57      	MOVWF       FARG_strtok_s2+1 
0x05FE	0xDF4B      	RCALL       _strtok
0x0600	0xF056C000  	MOVFF       R0, FARG_strcpy_from
0x0604	0xF057C001  	MOVFF       R1, FARG_strcpy_from+1
0x0608	0x0E38      	MOVLW       _pulso
0x060A	0x6E54      	MOVWF       FARG_strcpy_to 
0x060C	0x0E00      	MOVLW       hi_addr(_pulso)
0x060E	0x6E55      	MOVWF       FARG_strcpy_to+1 
0x0610	0xDF1C      	RCALL       _strcpy
;variaveis.c,45 :: 		strcpy(freq , strtok(0, "|"));
0x0612	0x6A54      	CLRF        FARG_strtok_s1 
0x0614	0x6A55      	CLRF        FARG_strtok_s1+1 
0x0616	0x0E17      	MOVLW       ?lstr3_variaveis
0x0618	0x6E56      	MOVWF       FARG_strtok_s2 
0x061A	0x0E00      	MOVLW       hi_addr(?lstr3_variaveis)
0x061C	0x6E57      	MOVWF       FARG_strtok_s2+1 
0x061E	0xDF3B      	RCALL       _strtok
0x0620	0xF056C000  	MOVFF       R0, FARG_strcpy_from
0x0624	0xF057C001  	MOVFF       R1, FARG_strcpy_from+1
0x0628	0x0E2D      	MOVLW       _freq
0x062A	0x6E54      	MOVWF       FARG_strcpy_to 
0x062C	0x0E00      	MOVLW       hi_addr(_freq)
0x062E	0x6E55      	MOVWF       FARG_strcpy_to+1 
0x0630	0xDF0C      	RCALL       _strcpy
;variaveis.c,46 :: 		Glcd_Write_Text(tempo,10,2,1);
0x0632	0x0E43      	MOVLW       _tempo
0x0634	0x6E54      	MOVWF       FARG_Glcd_Write_Text_text 
0x0636	0x0E00      	MOVLW       hi_addr(_tempo)
0x0638	0x6E55      	MOVWF       FARG_Glcd_Write_Text_text+1 
0x063A	0x0E0A      	MOVLW       10
0x063C	0x6E56      	MOVWF       FARG_Glcd_Write_Text_x_pos 
0x063E	0x0E02      	MOVLW       2
0x0640	0x6E57      	MOVWF       FARG_Glcd_Write_Text_page_num 
0x0642	0x0E01      	MOVLW       1
0x0644	0x6E58      	MOVWF       FARG_Glcd_Write_Text_color 
0x0646	0xDED0      	RCALL       _Glcd_Write_Text
;variaveis.c,47 :: 		Glcd_Write_Text(pulso,10,3,1);
0x0648	0x0E38      	MOVLW       _pulso
0x064A	0x6E54      	MOVWF       FARG_Glcd_Write_Text_text 
0x064C	0x0E00      	MOVLW       hi_addr(_pulso)
0x064E	0x6E55      	MOVWF       FARG_Glcd_Write_Text_text+1 
0x0650	0x0E0A      	MOVLW       10
0x0652	0x6E56      	MOVWF       FARG_Glcd_Write_Text_x_pos 
0x0654	0x0E03      	MOVLW       3
0x0656	0x6E57      	MOVWF       FARG_Glcd_Write_Text_page_num 
0x0658	0x0E01      	MOVLW       1
0x065A	0x6E58      	MOVWF       FARG_Glcd_Write_Text_color 
0x065C	0xDEC5      	RCALL       _Glcd_Write_Text
;variaveis.c,48 :: 		Glcd_Write_Text(freq,10,5,1);
0x065E	0x0E2D      	MOVLW       _freq
0x0660	0x6E54      	MOVWF       FARG_Glcd_Write_Text_text 
0x0662	0x0E00      	MOVLW       hi_addr(_freq)
0x0664	0x6E55      	MOVWF       FARG_Glcd_Write_Text_text+1 
0x0666	0x0E0A      	MOVLW       10
0x0668	0x6E56      	MOVWF       FARG_Glcd_Write_Text_x_pos 
0x066A	0x0E05      	MOVLW       5
0x066C	0x6E57      	MOVWF       FARG_Glcd_Write_Text_page_num 
0x066E	0x0E01      	MOVLW       1
0x0670	0x6E58      	MOVWF       FARG_Glcd_Write_Text_color 
0x0672	0xDEBA      	RCALL       _Glcd_Write_Text
;variaveis.c,49 :: 		}
L_main4:
;variaveis.c,50 :: 		}
0x0674	0xD7AA      	BRA         L_main2
;variaveis.c,51 :: 		}
L_end_main:
0x0676	0xD7FF      	BRA         $+0
; end of _main
0x0A54	0xF015EE10  	LFSR        1, 21
0x0A58	0x0E12      	MOVLW       18
0x0A5A	0x6E00      	MOVWF       R0 
0x0A5C	0x0E01      	MOVLW       1
0x0A5E	0x6E01      	MOVWF       R1 
0x0A60	0x0E42      	MOVLW       66
0x0A62	0x6EF6      	MOVWF       TBLPTR 
0x0A64	0x0E0A      	MOVLW       10
0x0A66	0x6EF7      	MOVWF       TBLPTRH 
0x0A68	0x0E00      	MOVLW       0
0x0A6A	0x6EF8      	MOVWF       TBLPTRU 
0x0A6C	0xF001ECB2  	CALL        868, 0
0x0A70	0x0012      	RETURN      0
;__Lib_GlcdFonts.c,7 :: _Font_Glcd_System5x7
0x0678	0x0000 ;_Font_Glcd_System5x7+0
0x067A	0x0000 ;_Font_Glcd_System5x7+2
0x067C	0x0000 ;_Font_Glcd_System5x7+4
0x067E	0x4F00 ;_Font_Glcd_System5x7+6
0x0680	0x0000 ;_Font_Glcd_System5x7+8
0x0682	0x0700 ;_Font_Glcd_System5x7+10
0x0684	0x0700 ;_Font_Glcd_System5x7+12
0x0686	0x1400 ;_Font_Glcd_System5x7+14
0x0688	0x147F ;_Font_Glcd_System5x7+16
0x068A	0x147F ;_Font_Glcd_System5x7+18
0x068C	0x2A24 ;_Font_Glcd_System5x7+20
0x068E	0x2A7F ;_Font_Glcd_System5x7+22
0x0690	0x2312 ;_Font_Glcd_System5x7+24
0x0692	0x0813 ;_Font_Glcd_System5x7+26
0x0694	0x6264 ;_Font_Glcd_System5x7+28
0x0696	0x4936 ;_Font_Glcd_System5x7+30
0x0698	0x2255 ;_Font_Glcd_System5x7+32
0x069A	0x0020 ;_Font_Glcd_System5x7+34
0x069C	0x0305 ;_Font_Glcd_System5x7+36
0x069E	0x0000 ;_Font_Glcd_System5x7+38
0x06A0	0x1C00 ;_Font_Glcd_System5x7+40
0x06A2	0x4122 ;_Font_Glcd_System5x7+42
0x06A4	0x0000 ;_Font_Glcd_System5x7+44
0x06A6	0x2241 ;_Font_Glcd_System5x7+46
0x06A8	0x001C ;_Font_Glcd_System5x7+48
0x06AA	0x0814 ;_Font_Glcd_System5x7+50
0x06AC	0x083E ;_Font_Glcd_System5x7+52
0x06AE	0x0814 ;_Font_Glcd_System5x7+54
0x06B0	0x3E08 ;_Font_Glcd_System5x7+56
0x06B2	0x0808 ;_Font_Glcd_System5x7+58
0x06B4	0x3050 ;_Font_Glcd_System5x7+60
0x06B6	0x0000 ;_Font_Glcd_System5x7+62
0x06B8	0x0800 ;_Font_Glcd_System5x7+64
0x06BA	0x0808 ;_Font_Glcd_System5x7+66
0x06BC	0x0808 ;_Font_Glcd_System5x7+68
0x06BE	0x6000 ;_Font_Glcd_System5x7+70
0x06C0	0x0060 ;_Font_Glcd_System5x7+72
0x06C2	0x2000 ;_Font_Glcd_System5x7+74
0x06C4	0x0810 ;_Font_Glcd_System5x7+76
0x06C6	0x0204 ;_Font_Glcd_System5x7+78
0x06C8	0x513E ;_Font_Glcd_System5x7+80
0x06CA	0x4549 ;_Font_Glcd_System5x7+82
0x06CC	0x003E ;_Font_Glcd_System5x7+84
0x06CE	0x7F42 ;_Font_Glcd_System5x7+86
0x06D0	0x0040 ;_Font_Glcd_System5x7+88
0x06D2	0x6142 ;_Font_Glcd_System5x7+90
0x06D4	0x4951 ;_Font_Glcd_System5x7+92
0x06D6	0x2146 ;_Font_Glcd_System5x7+94
0x06D8	0x4541 ;_Font_Glcd_System5x7+96
0x06DA	0x314B ;_Font_Glcd_System5x7+98
0x06DC	0x1418 ;_Font_Glcd_System5x7+100
0x06DE	0x7F12 ;_Font_Glcd_System5x7+102
0x06E0	0x2710 ;_Font_Glcd_System5x7+104
0x06E2	0x4545 ;_Font_Glcd_System5x7+106
0x06E4	0x3945 ;_Font_Glcd_System5x7+108
0x06E6	0x4A3C ;_Font_Glcd_System5x7+110
0x06E8	0x4949 ;_Font_Glcd_System5x7+112
0x06EA	0x0130 ;_Font_Glcd_System5x7+114
0x06EC	0x0971 ;_Font_Glcd_System5x7+116
0x06EE	0x0305 ;_Font_Glcd_System5x7+118
0x06F0	0x4936 ;_Font_Glcd_System5x7+120
0x06F2	0x4949 ;_Font_Glcd_System5x7+122
0x06F4	0x0636 ;_Font_Glcd_System5x7+124
0x06F6	0x4949 ;_Font_Glcd_System5x7+126
0x06F8	0x1E29 ;_Font_Glcd_System5x7+128
0x06FA	0x3600 ;_Font_Glcd_System5x7+130
0x06FC	0x0036 ;_Font_Glcd_System5x7+132
0x06FE	0x0000 ;_Font_Glcd_System5x7+134
0x0700	0x3656 ;_Font_Glcd_System5x7+136
0x0702	0x0000 ;_Font_Glcd_System5x7+138
0x0704	0x1408 ;_Font_Glcd_System5x7+140
0x0706	0x4122 ;_Font_Glcd_System5x7+142
0x0708	0x1400 ;_Font_Glcd_System5x7+144
0x070A	0x1414 ;_Font_Glcd_System5x7+146
0x070C	0x1414 ;_Font_Glcd_System5x7+148
0x070E	0x4100 ;_Font_Glcd_System5x7+150
0x0710	0x1422 ;_Font_Glcd_System5x7+152
0x0712	0x0208 ;_Font_Glcd_System5x7+154
0x0714	0x5101 ;_Font_Glcd_System5x7+156
0x0716	0x0609 ;_Font_Glcd_System5x7+158
0x0718	0x413E ;_Font_Glcd_System5x7+160
0x071A	0x555D ;_Font_Glcd_System5x7+162
0x071C	0x7E1E ;_Font_Glcd_System5x7+164
0x071E	0x1111 ;_Font_Glcd_System5x7+166
0x0720	0x7E11 ;_Font_Glcd_System5x7+168
0x0722	0x497F ;_Font_Glcd_System5x7+170
0x0724	0x4949 ;_Font_Glcd_System5x7+172
0x0726	0x3E36 ;_Font_Glcd_System5x7+174
0x0728	0x4141 ;_Font_Glcd_System5x7+176
0x072A	0x2241 ;_Font_Glcd_System5x7+178
0x072C	0x417F ;_Font_Glcd_System5x7+180
0x072E	0x2241 ;_Font_Glcd_System5x7+182
0x0730	0x7F1C ;_Font_Glcd_System5x7+184
0x0732	0x4949 ;_Font_Glcd_System5x7+186
0x0734	0x4149 ;_Font_Glcd_System5x7+188
0x0736	0x097F ;_Font_Glcd_System5x7+190
0x0738	0x0909 ;_Font_Glcd_System5x7+192
0x073A	0x3E01 ;_Font_Glcd_System5x7+194
0x073C	0x4941 ;_Font_Glcd_System5x7+196
0x073E	0x7A49 ;_Font_Glcd_System5x7+198
0x0740	0x087F ;_Font_Glcd_System5x7+200
0x0742	0x0808 ;_Font_Glcd_System5x7+202
0x0744	0x007F ;_Font_Glcd_System5x7+204
0x0746	0x7F41 ;_Font_Glcd_System5x7+206
0x0748	0x0041 ;_Font_Glcd_System5x7+208
0x074A	0x4020 ;_Font_Glcd_System5x7+210
0x074C	0x3F41 ;_Font_Glcd_System5x7+212
0x074E	0x7F01 ;_Font_Glcd_System5x7+214
0x0750	0x1408 ;_Font_Glcd_System5x7+216
0x0752	0x4122 ;_Font_Glcd_System5x7+218
0x0754	0x407F ;_Font_Glcd_System5x7+220
0x0756	0x4040 ;_Font_Glcd_System5x7+222
0x0758	0x7F40 ;_Font_Glcd_System5x7+224
0x075A	0x0C02 ;_Font_Glcd_System5x7+226
0x075C	0x7F02 ;_Font_Glcd_System5x7+228
0x075E	0x047F ;_Font_Glcd_System5x7+230
0x0760	0x1008 ;_Font_Glcd_System5x7+232
0x0762	0x3E7F ;_Font_Glcd_System5x7+234
0x0764	0x4141 ;_Font_Glcd_System5x7+236
0x0766	0x3E41 ;_Font_Glcd_System5x7+238
0x0768	0x097F ;_Font_Glcd_System5x7+240
0x076A	0x0909 ;_Font_Glcd_System5x7+242
0x076C	0x3E06 ;_Font_Glcd_System5x7+244
0x076E	0x5141 ;_Font_Glcd_System5x7+246
0x0770	0x5E21 ;_Font_Glcd_System5x7+248
0x0772	0x097F ;_Font_Glcd_System5x7+250
0x0774	0x2919 ;_Font_Glcd_System5x7+252
0x0776	0x2646 ;_Font_Glcd_System5x7+254
0x0778	0x4949 ;_Font_Glcd_System5x7+256
0x077A	0x3249 ;_Font_Glcd_System5x7+258
0x077C	0x0101 ;_Font_Glcd_System5x7+260
0x077E	0x017F ;_Font_Glcd_System5x7+262
0x0780	0x3F01 ;_Font_Glcd_System5x7+264
0x0782	0x4040 ;_Font_Glcd_System5x7+266
0x0784	0x3F40 ;_Font_Glcd_System5x7+268
0x0786	0x201F ;_Font_Glcd_System5x7+270
0x0788	0x2040 ;_Font_Glcd_System5x7+272
0x078A	0x3F1F ;_Font_Glcd_System5x7+274
0x078C	0x3840 ;_Font_Glcd_System5x7+276
0x078E	0x3F40 ;_Font_Glcd_System5x7+278
0x0790	0x1463 ;_Font_Glcd_System5x7+280
0x0792	0x1408 ;_Font_Glcd_System5x7+282
0x0794	0x0763 ;_Font_Glcd_System5x7+284
0x0796	0x7008 ;_Font_Glcd_System5x7+286
0x0798	0x0708 ;_Font_Glcd_System5x7+288
0x079A	0x5161 ;_Font_Glcd_System5x7+290
0x079C	0x4549 ;_Font_Glcd_System5x7+292
0x079E	0x0043 ;_Font_Glcd_System5x7+294
0x07A0	0x417F ;_Font_Glcd_System5x7+296
0x07A2	0x0041 ;_Font_Glcd_System5x7+298
0x07A4	0x0402 ;_Font_Glcd_System5x7+300
0x07A6	0x1008 ;_Font_Glcd_System5x7+302
0x07A8	0x0020 ;_Font_Glcd_System5x7+304
0x07AA	0x4141 ;_Font_Glcd_System5x7+306
0x07AC	0x007F ;_Font_Glcd_System5x7+308
0x07AE	0x0204 ;_Font_Glcd_System5x7+310
0x07B0	0x0201 ;_Font_Glcd_System5x7+312
0x07B2	0x4004 ;_Font_Glcd_System5x7+314
0x07B4	0x4040 ;_Font_Glcd_System5x7+316
0x07B6	0x4040 ;_Font_Glcd_System5x7+318
0x07B8	0x0000 ;_Font_Glcd_System5x7+320
0x07BA	0x0503 ;_Font_Glcd_System5x7+322
0x07BC	0x2000 ;_Font_Glcd_System5x7+324
0x07BE	0x5454 ;_Font_Glcd_System5x7+326
0x07C0	0x7854 ;_Font_Glcd_System5x7+328
0x07C2	0x447F ;_Font_Glcd_System5x7+330
0x07C4	0x4444 ;_Font_Glcd_System5x7+332
0x07C6	0x3838 ;_Font_Glcd_System5x7+334
0x07C8	0x4444 ;_Font_Glcd_System5x7+336
0x07CA	0x4444 ;_Font_Glcd_System5x7+338
0x07CC	0x4438 ;_Font_Glcd_System5x7+340
0x07CE	0x4444 ;_Font_Glcd_System5x7+342
0x07D0	0x387F ;_Font_Glcd_System5x7+344
0x07D2	0x5454 ;_Font_Glcd_System5x7+346
0x07D4	0x1854 ;_Font_Glcd_System5x7+348
0x07D6	0x0404 ;_Font_Glcd_System5x7+350
0x07D8	0x057E ;_Font_Glcd_System5x7+352
0x07DA	0x0805 ;_Font_Glcd_System5x7+354
0x07DC	0x5454 ;_Font_Glcd_System5x7+356
0x07DE	0x3C54 ;_Font_Glcd_System5x7+358
0x07E0	0x087F ;_Font_Glcd_System5x7+360
0x07E2	0x0404 ;_Font_Glcd_System5x7+362
0x07E4	0x0078 ;_Font_Glcd_System5x7+364
0x07E6	0x7D44 ;_Font_Glcd_System5x7+366
0x07E8	0x0040 ;_Font_Glcd_System5x7+368
0x07EA	0x4020 ;_Font_Glcd_System5x7+370
0x07EC	0x3D44 ;_Font_Glcd_System5x7+372
0x07EE	0x7F00 ;_Font_Glcd_System5x7+374
0x07F0	0x2810 ;_Font_Glcd_System5x7+376
0x07F2	0x0044 ;_Font_Glcd_System5x7+378
0x07F4	0x4100 ;_Font_Glcd_System5x7+380
0x07F6	0x407F ;_Font_Glcd_System5x7+382
0x07F8	0x7C00 ;_Font_Glcd_System5x7+384
0x07FA	0x7C04 ;_Font_Glcd_System5x7+386
0x07FC	0x7804 ;_Font_Glcd_System5x7+388
0x07FE	0x087C ;_Font_Glcd_System5x7+390
0x0800	0x0404 ;_Font_Glcd_System5x7+392
0x0802	0x3878 ;_Font_Glcd_System5x7+394
0x0804	0x4444 ;_Font_Glcd_System5x7+396
0x0806	0x3844 ;_Font_Glcd_System5x7+398
0x0808	0x147C ;_Font_Glcd_System5x7+400
0x080A	0x1414 ;_Font_Glcd_System5x7+402
0x080C	0x0808 ;_Font_Glcd_System5x7+404
0x080E	0x1414 ;_Font_Glcd_System5x7+406
0x0810	0x7C14 ;_Font_Glcd_System5x7+408
0x0812	0x087C ;_Font_Glcd_System5x7+410
0x0814	0x0404 ;_Font_Glcd_System5x7+412
0x0816	0x4800 ;_Font_Glcd_System5x7+414
0x0818	0x5454 ;_Font_Glcd_System5x7+416
0x081A	0x2454 ;_Font_Glcd_System5x7+418
0x081C	0x0404 ;_Font_Glcd_System5x7+420
0x081E	0x443F ;_Font_Glcd_System5x7+422
0x0820	0x3C44 ;_Font_Glcd_System5x7+424
0x0822	0x4040 ;_Font_Glcd_System5x7+426
0x0824	0x7C20 ;_Font_Glcd_System5x7+428
0x0826	0x201C ;_Font_Glcd_System5x7+430
0x0828	0x2040 ;_Font_Glcd_System5x7+432
0x082A	0x3C1C ;_Font_Glcd_System5x7+434
0x082C	0x3040 ;_Font_Glcd_System5x7+436
0x082E	0x3C40 ;_Font_Glcd_System5x7+438
0x0830	0x2844 ;_Font_Glcd_System5x7+440
0x0832	0x2810 ;_Font_Glcd_System5x7+442
0x0834	0x0C44 ;_Font_Glcd_System5x7+444
0x0836	0x5050 ;_Font_Glcd_System5x7+446
0x0838	0x3C50 ;_Font_Glcd_System5x7+448
0x083A	0x6444 ;_Font_Glcd_System5x7+450
0x083C	0x4C54 ;_Font_Glcd_System5x7+452
0x083E	0x0844 ;_Font_Glcd_System5x7+454
0x0840	0x4136 ;_Font_Glcd_System5x7+456
0x0842	0x0041 ;_Font_Glcd_System5x7+458
0x0844	0x0000 ;_Font_Glcd_System5x7+460
0x0846	0x0077 ;_Font_Glcd_System5x7+462
0x0848	0x0000 ;_Font_Glcd_System5x7+464
0x084A	0x4141 ;_Font_Glcd_System5x7+466
0x084C	0x0836 ;_Font_Glcd_System5x7+468
0x084E	0x0808 ;_Font_Glcd_System5x7+470
0x0850	0x1C2A ;_Font_Glcd_System5x7+472
0x0852	0x0808 ;_Font_Glcd_System5x7+474
0x0854	0x2A1C ;_Font_Glcd_System5x7+476
0x0856	0x0808 ;_Font_Glcd_System5x7+478
0x0858	0xFFFF ;_Font_Glcd_System5x7+480
0x085A	0xFFFF ;_Font_Glcd_System5x7+482
0x085C	0x06FF ;_Font_Glcd_System5x7+484
0x085E	0x0909 ;_Font_Glcd_System5x7+486
0x0860	0x0006 ;_Font_Glcd_System5x7+488
; end of _Font_Glcd_System5x7
;__Lib_GlcdFonts.c,612 :: _font5x7
0x0862	0x0000 ;_font5x7+0
0x0864	0x0000 ;_font5x7+2
0x0866	0x0000 ;_font5x7+4
0x0868	0x5F00 ;_font5x7+6
0x086A	0x0000 ;_font5x7+8
0x086C	0x0700 ;_font5x7+10
0x086E	0x0700 ;_font5x7+12
0x0870	0x1400 ;_font5x7+14
0x0872	0x147F ;_font5x7+16
0x0874	0x147F ;_font5x7+18
0x0876	0x2A24 ;_font5x7+20
0x0878	0x2A7F ;_font5x7+22
0x087A	0x2312 ;_font5x7+24
0x087C	0x0813 ;_font5x7+26
0x087E	0x6264 ;_font5x7+28
0x0880	0x4936 ;_font5x7+30
0x0882	0x2255 ;_font5x7+32
0x0884	0x0050 ;_font5x7+34
0x0886	0x0305 ;_font5x7+36
0x0888	0x0000 ;_font5x7+38
0x088A	0x1C00 ;_font5x7+40
0x088C	0x4122 ;_font5x7+42
0x088E	0x0000 ;_font5x7+44
0x0890	0x2241 ;_font5x7+46
0x0892	0x001C ;_font5x7+48
0x0894	0x2A08 ;_font5x7+50
0x0896	0x2A1C ;_font5x7+52
0x0898	0x0808 ;_font5x7+54
0x089A	0x3E08 ;_font5x7+56
0x089C	0x0808 ;_font5x7+58
0x089E	0x5000 ;_font5x7+60
0x08A0	0x0030 ;_font5x7+62
0x08A2	0x0800 ;_font5x7+64
0x08A4	0x0808 ;_font5x7+66
0x08A6	0x0808 ;_font5x7+68
0x08A8	0x3000 ;_font5x7+70
0x08AA	0x0030 ;_font5x7+72
0x08AC	0x2000 ;_font5x7+74
0x08AE	0x0810 ;_font5x7+76
0x08B0	0x0204 ;_font5x7+78
0x08B2	0x513E ;_font5x7+80
0x08B4	0x4549 ;_font5x7+82
0x08B6	0x003E ;_font5x7+84
0x08B8	0x7F42 ;_font5x7+86
0x08BA	0x0040 ;_font5x7+88
0x08BC	0x6142 ;_font5x7+90
0x08BE	0x4951 ;_font5x7+92
0x08C0	0x2146 ;_font5x7+94
0x08C2	0x4541 ;_font5x7+96
0x08C4	0x314B ;_font5x7+98
0x08C6	0x1418 ;_font5x7+100
0x08C8	0x7F12 ;_font5x7+102
0x08CA	0x2710 ;_font5x7+104
0x08CC	0x4545 ;_font5x7+106
0x08CE	0x3945 ;_font5x7+108
0x08D0	0x4A3C ;_font5x7+110
0x08D2	0x4949 ;_font5x7+112
0x08D4	0x0130 ;_font5x7+114
0x08D6	0x0971 ;_font5x7+116
0x08D8	0x0305 ;_font5x7+118
0x08DA	0x4936 ;_font5x7+120
0x08DC	0x4949 ;_font5x7+122
0x08DE	0x0636 ;_font5x7+124
0x08E0	0x4949 ;_font5x7+126
0x08E2	0x1E29 ;_font5x7+128
0x08E4	0x3600 ;_font5x7+130
0x08E6	0x0036 ;_font5x7+132
0x08E8	0x0000 ;_font5x7+134
0x08EA	0x3656 ;_font5x7+136
0x08EC	0x0000 ;_font5x7+138
0x08EE	0x0800 ;_font5x7+140
0x08F0	0x2214 ;_font5x7+142
0x08F2	0x1441 ;_font5x7+144
0x08F4	0x1414 ;_font5x7+146
0x08F6	0x1414 ;_font5x7+148
0x08F8	0x2241 ;_font5x7+150
0x08FA	0x0814 ;_font5x7+152
0x08FC	0x0200 ;_font5x7+154
0x08FE	0x5101 ;_font5x7+156
0x0900	0x0609 ;_font5x7+158
0x0902	0x4932 ;_font5x7+160
0x0904	0x4179 ;_font5x7+162
0x0906	0x7E3E ;_font5x7+164
0x0908	0x1111 ;_font5x7+166
0x090A	0x7E11 ;_font5x7+168
0x090C	0x497F ;_font5x7+170
0x090E	0x4949 ;_font5x7+172
0x0910	0x3E36 ;_font5x7+174
0x0912	0x4141 ;_font5x7+176
0x0914	0x2241 ;_font5x7+178
0x0916	0x417F ;_font5x7+180
0x0918	0x2241 ;_font5x7+182
0x091A	0x7F1C ;_font5x7+184
0x091C	0x4949 ;_font5x7+186
0x091E	0x4149 ;_font5x7+188
0x0920	0x097F ;_font5x7+190
0x0922	0x0109 ;_font5x7+192
0x0924	0x3E01 ;_font5x7+194
0x0926	0x4141 ;_font5x7+196
0x0928	0x3251 ;_font5x7+198
0x092A	0x087F ;_font5x7+200
0x092C	0x0808 ;_font5x7+202
0x092E	0x007F ;_font5x7+204
0x0930	0x7F41 ;_font5x7+206
0x0932	0x0041 ;_font5x7+208
0x0934	0x4020 ;_font5x7+210
0x0936	0x3F41 ;_font5x7+212
0x0938	0x7F01 ;_font5x7+214
0x093A	0x1408 ;_font5x7+216
0x093C	0x4122 ;_font5x7+218
0x093E	0x407F ;_font5x7+220
0x0940	0x4040 ;_font5x7+222
0x0942	0x7F40 ;_font5x7+224
0x0944	0x0402 ;_font5x7+226
0x0946	0x7F02 ;_font5x7+228
0x0948	0x047F ;_font5x7+230
0x094A	0x1008 ;_font5x7+232
0x094C	0x3E7F ;_font5x7+234
0x094E	0x4141 ;_font5x7+236
0x0950	0x3E41 ;_font5x7+238
0x0952	0x097F ;_font5x7+240
0x0954	0x0909 ;_font5x7+242
0x0956	0x3E06 ;_font5x7+244
0x0958	0x5141 ;_font5x7+246
0x095A	0x5E21 ;_font5x7+248
0x095C	0x097F ;_font5x7+250
0x095E	0x2919 ;_font5x7+252
0x0960	0x4646 ;_font5x7+254
0x0962	0x4949 ;_font5x7+256
0x0964	0x3149 ;_font5x7+258
0x0966	0x0101 ;_font5x7+260
0x0968	0x017F ;_font5x7+262
0x096A	0x3F01 ;_font5x7+264
0x096C	0x4040 ;_font5x7+266
0x096E	0x3F40 ;_font5x7+268
0x0970	0x201F ;_font5x7+270
0x0972	0x2040 ;_font5x7+272
0x0974	0x7F1F ;_font5x7+274
0x0976	0x1820 ;_font5x7+276
0x0978	0x7F20 ;_font5x7+278
0x097A	0x1463 ;_font5x7+280
0x097C	0x1408 ;_font5x7+282
0x097E	0x0363 ;_font5x7+284
0x0980	0x7804 ;_font5x7+286
0x0982	0x0304 ;_font5x7+288
0x0984	0x5161 ;_font5x7+290
0x0986	0x4549 ;_font5x7+292
0x0988	0x0043 ;_font5x7+294
0x098A	0x7F00 ;_font5x7+296
0x098C	0x4141 ;_font5x7+298
0x098E	0x0402 ;_font5x7+300
0x0990	0x1008 ;_font5x7+302
0x0992	0x4120 ;_font5x7+304
0x0994	0x7F41 ;_font5x7+306
0x0996	0x0000 ;_font5x7+308
0x0998	0x0204 ;_font5x7+310
0x099A	0x0201 ;_font5x7+312
0x099C	0x4004 ;_font5x7+314
0x099E	0x4040 ;_font5x7+316
0x09A0	0x4040 ;_font5x7+318
0x09A2	0x0100 ;_font5x7+320
0x09A4	0x0402 ;_font5x7+322
0x09A6	0x2000 ;_font5x7+324
0x09A8	0x5454 ;_font5x7+326
0x09AA	0x7854 ;_font5x7+328
0x09AC	0x487F ;_font5x7+330
0x09AE	0x4444 ;_font5x7+332
0x09B0	0x3838 ;_font5x7+334
0x09B2	0x4444 ;_font5x7+336
0x09B4	0x2044 ;_font5x7+338
0x09B6	0x4438 ;_font5x7+340
0x09B8	0x4844 ;_font5x7+342
0x09BA	0x387F ;_font5x7+344
0x09BC	0x5454 ;_font5x7+346
0x09BE	0x1854 ;_font5x7+348
0x09C0	0x7E08 ;_font5x7+350
0x09C2	0x0109 ;_font5x7+352
0x09C4	0x0802 ;_font5x7+354
0x09C6	0x5414 ;_font5x7+356
0x09C8	0x3C54 ;_font5x7+358
0x09CA	0x087F ;_font5x7+360
0x09CC	0x0404 ;_font5x7+362
0x09CE	0x0078 ;_font5x7+364
0x09D0	0x7D44 ;_font5x7+366
0x09D2	0x0040 ;_font5x7+368
0x09D4	0x4020 ;_font5x7+370
0x09D6	0x3D44 ;_font5x7+372
0x09D8	0x0000 ;_font5x7+374
0x09DA	0x107F ;_font5x7+376
0x09DC	0x4428 ;_font5x7+378
0x09DE	0x4100 ;_font5x7+380
0x09E0	0x407F ;_font5x7+382
0x09E2	0x7C00 ;_font5x7+384
0x09E4	0x1804 ;_font5x7+386
0x09E6	0x7804 ;_font5x7+388
0x09E8	0x087C ;_font5x7+390
0x09EA	0x0404 ;_font5x7+392
0x09EC	0x3878 ;_font5x7+394
0x09EE	0x4444 ;_font5x7+396
0x09F0	0x3844 ;_font5x7+398
0x09F2	0x147C ;_font5x7+400
0x09F4	0x1414 ;_font5x7+402
0x09F6	0x0808 ;_font5x7+404
0x09F8	0x1414 ;_font5x7+406
0x09FA	0x7C18 ;_font5x7+408
0x09FC	0x087C ;_font5x7+410
0x09FE	0x0404 ;_font5x7+412
0x0A00	0x4808 ;_font5x7+414
0x0A02	0x5454 ;_font5x7+416
0x0A04	0x2054 ;_font5x7+418
0x0A06	0x3F04 ;_font5x7+420
0x0A08	0x4044 ;_font5x7+422
0x0A0A	0x3C20 ;_font5x7+424
0x0A0C	0x4040 ;_font5x7+426
0x0A0E	0x7C20 ;_font5x7+428
0x0A10	0x201C ;_font5x7+430
0x0A12	0x2040 ;_font5x7+432
0x0A14	0x3C1C ;_font5x7+434
0x0A16	0x3040 ;_font5x7+436
0x0A18	0x3C40 ;_font5x7+438
0x0A1A	0x2844 ;_font5x7+440
0x0A1C	0x2810 ;_font5x7+442
0x0A1E	0x0C44 ;_font5x7+444
0x0A20	0x5050 ;_font5x7+446
0x0A22	0x3C50 ;_font5x7+448
0x0A24	0x6444 ;_font5x7+450
0x0A26	0x4C54 ;_font5x7+452
0x0A28	0x0044 ;_font5x7+454
0x0A2A	0x3608 ;_font5x7+456
0x0A2C	0x0041 ;_font5x7+458
0x0A2E	0x0000 ;_font5x7+460
0x0A30	0x007F ;_font5x7+462
0x0A32	0x0000 ;_font5x7+464
0x0A34	0x3641 ;_font5x7+466
0x0A36	0x0008 ;_font5x7+468
0x0A38	0x0808 ;_font5x7+470
0x0A3A	0x1C2A ;_font5x7+472
0x0A3C	0x0808 ;_font5x7+474
0x0A3E	0x2A1C ;_font5x7+476
0x0A40	0x0808 ;_font5x7+478
; end of _font5x7
;variaveis.c,0 :: ?ICS?lstr2_variaveis
0x0A42	0x007C ;?ICS?lstr2_variaveis+0
; end of ?ICS?lstr2_variaveis
;variaveis.c,0 :: ?ICS?lstr3_variaveis
0x0A44	0x007C ;?ICS?lstr3_variaveis+0
; end of ?ICS?lstr3_variaveis
;variaveis.c,0 :: ?ICS_str
0x0A46	0x3231 ;?ICS_str+0
0x0A48	0x7C33 ;?ICS_str+2
0x0A4A	0x3534 ;?ICS_str+4
0x0A4C	0x7C36 ;?ICS_str+6
0x0A4E	0x3837 ;?ICS_str+8
0x0A50	0x0039 ;?ICS_str+10
; end of ?ICS_str
;variaveis.c,0 :: ?ICS?lstr1_variaveis
0x0A52	0x007C ;?ICS?lstr1_variaveis+0
; end of ?ICS?lstr1_variaveis
Symbol List:
//** Routines locations **
//ADDRESS    SIZE    PROCEDURE
//----------------------------------------------
0x001C      [14]    _Delay_10us
0x002A      [10]    __Lib_Glcd_Strobe
0x0034      [14]    _Delay_1us
0x0042      [38]    _Glcd_Set_X
0x0068      [60]    _strchr
0x00A4      [80]    _Mul_16X16_U
0x00F4      [78]    _Glcd_Read_Data
0x0142      [14]    _Glcd_Write_Data
0x0150      [16]    _Glcd_Set_Page
0x0160      [28]    _Glcd_Set_Side
0x017C     [272]    _Glcd_Write_Char
0x028C      [62]    _strcspn
0x02CA      [72]    _strspn
0x0312      [82]    _Glcd_Fill
0x0364      [16]    ___CC2DW
0x0374      [82]    _Glcd_Init
0x03C6      [34]    _Glcd_Set_Font
0x03E8      [98]    _Glcd_Write_Text
0x044A      [76]    _strcpy
0x0496     [198]    _strtok
0x055C     [284]    _main
//** Variables locations ** 
//ADDRESS    SIZE    VARIABLE
//----------------------------------------------
0x0000       [1]    __Lib_SoftI2C_PutZerosToLATSda_temp_sda_L0
0x0000       [1]    SPI1_Write_tmp_L0
0x0000       [1]    FLASH_Erase_64_SaveINTCON_L0
0x0000       [1]    R0
0x0000       [1]    __Lib_SoftI2C_PutZerosToLATScl_temp_scl_L0
0x0000       [1]    EEPROM_Write_SaveINTCON_L0
0x0000       [1]    UART1_Init_tmp_L0
0x0001       [1]    __Lib_Conversions_Adjust_Hex_tmp_L0
0x0001       [1]    __Lib_PS2_Wait_Falling_nsample_L0
0x0001       [1]    ispunct_rslt_L0
0x0001       [1]    FLASH_Write_32_i_L0
0x0001       [1]    UART1_Read___tmp_UART1_Read_L0
0x0001       [2]    FLASH_Read_N_Bytes_i_L0
0x0001       [1]    FLASH_Erase_Write_64_i_L0
0x0001       [1]    R1
0x0002       [1]    FLASH_Write_32_SaveINTCON_L0
0x0002       [2]    strlen_cp_L0
0x0002       [1]    R2
0x0002       [2]    memchr_s_L0
0x0002       [2]    memcpy_dd_L0
0x0002       [1]    FLASH_Erase_Write_64_j_L0
0x0002       [2]    memset_pp_L0
0x0003       [2]    __Lib_MmcFat16_f16_toInt_l_L0
0x0003       [1]    MM_Init_i_L0
0x0003       [2]    MM_TotalFreeMemSize_Tot_L0
0x0003       [1]    FLASH_Erase_Write_64_SaveINTCON_L0
0x0003       [1]    __Lib_Sprinti_?FLOC____Lib_Sprinti_Do_FillT29
0x0003       [1]    R3
0x0003       [2]    Ltrim_original_L0
0x0003       [2]    memmove_tt_L0
0x0004       [2]    strncpy_cp_L0
0x0004       [1]    __Lib_Sprinti_?FLOC____Lib_Sprinti_Do_FillT40
0x0004       [1]    R4
0x0004       [2]    __Lib_MemManager_MM_GetMemAlign_P_L0
0x0004       [2]    frexp_pom_L0
0x0004       [2]    memcpy_ss_L0
0x0004       [2]    strncat_cp_L0
0x0004       [2]    strcat_cp_L0
0x0004       [2]    strcpy_cp_L0
0x0005       [2]    LongWordToHex_input_half_L0
0x0005       [2]    LongIntToHex_input_half_L0
0x0005       [1]    __Lib_Sprinti_?FLOC____Lib_Sprinti_Do_FillT54
0x0005       [1]    R5
0x0005       [1]    MM_TotalFreeMemSize_i_L0
0x0005       [2]    memmove_ff_L0
0x0005       [2]    Ltrim_p_L0
0x0006       [1]    __Lib_MemManager_MM_GetMemAlign_i_L0
0x0006       [1]    R6
0x0006       [1]    __Lib_Sprinti_?FLOC____Lib_Sprinti_Do_FillT69
0x0007       [1]    R7
0x0008       [1]    R8
0x0009       [4]    __Lib_MmcFat16_f16_toLong_l_L0
0x0009       [1]    R9
0x000A       [1]    R10
0x000B       [1]    R11
0x000C       [1]    R12
0x000D       [1]    R13
0x000E       [1]    R14
0x000F       [1]    R15
0x0010       [1]    R16
0x0011       [1]    R17
0x0012       [1]    R18
0x0013       [1]    R19
0x0014       [1]    R20
0x0015       [2]    ?lstr2_variaveis
0x0017       [2]    ?lstr3_variaveis
0x0019      [12]    _str
0x0025       [2]    ?lstr1_variaveis
0x0027       [2]    __Lib_Glcd_ExternalFontSet
0x0029       [1]    __Lib_Glcd_FontInitialized
0x002A       [1]    __Lib_Glcd_fontH
0x002B       [2]    strtok_sp_L0
0x002D      [11]    _freq
0x0038      [11]    _pulso
0x0043      [11]    _tempo
0x004E       [1]    __Lib_Glcd_fontW
0x004F       [2]    __Lib_Glcd_fontOffset
0x0051       [3]    __Lib_Glcd_fontDef
0x0054       [1]    FARG_Glcd_Fill_pattern
0x0054       [2]    FARG_strtok_s1
0x0054       [3]    FARG_Glcd_Set_Font_activeFont
0x0054       [2]    FARG_strcpy_to
0x0054       [2]    FARG_Glcd_Write_Text_text
0x0055       [1]    Glcd_Fill_yy_L0
0x0056       [1]    Glcd_Fill_page_L0
0x0056       [2]    FARG_strcpy_from
0x0056       [2]    FARG_strtok_s2
0x0056       [1]    FARG_Glcd_Write_Text_x_pos
0x0057       [1]    FARG_Glcd_Write_Text_page_num
0x0057       [1]    FARG_Glcd_Set_Font_aFontWidth
0x0058       [1]    FARG_Glcd_Write_Text_color
0x0058       [1]    FARG_Glcd_Set_Font_aFontHeight
0x0059       [1]    Glcd_Write_Text_i_L0
0x0059       [2]    FARG_Glcd_Set_Font_aFontOffs
0x005B       [1]    FARG_Glcd_Write_Char_chr
0x005B       [2]    FARG_strspn_str1
0x005B       [2]    FARG_strcspn_s1
0x005C       [1]    FARG_Glcd_Write_Char_x_pos
0x005D       [2]    FARG_strcspn_s2
0x005D       [1]    FARG_Glcd_Write_Char_page_num
0x005D       [2]    FARG_strspn_str2
0x005E       [1]    FARG_Glcd_Write_Char_color
0x005F       [1]    strcspn_i_L0
0x005F       [1]    Glcd_Write_Char_ii_L0
0x0060       [1]    Glcd_Write_Char_data_read_L0
0x0061       [2]    strspn_i_L0
0x0061       [1]    Glcd_Write_Char_font_ch_L0
0x0062       [1]    Glcd_Write_Char_font_ch_inv_L0
0x0063       [2]    Glcd_Write_Char_pointer_L0
0x0065       [1]    FARG_Glcd_Set_Side_x_pos
0x0065       [1]    FARG_Glcd_Write_Data_ddata
0x0065       [2]    FARG_strchr_ptr
0x0065       [1]    FARG_Glcd_Set_X_x_pos
0x0065       [1]    Glcd_Read_Data_local_L0
0x0065       [1]    FARG_Glcd_Set_Page_page
0x0067       [1]    FARG_strchr_chr
0x0F80       [0]    RA5_bit
0x0F80       [0]    GLCD_CS1
0x0F81       [0]    GLCD_RST
0x0F81       [0]    RB4_bit
0x0F81       [0]    RB3_bit
0x0F82       [0]    RC0_bit
0x0F82       [0]    GLCD_CS2
0x0F83       [1]    PORTD
0x0F83       [1]    GLCD_DataPort
0x0F84       [0]    GLCD_RW
0x0F84       [0]    GLCD_RS
0x0F84       [0]    RE2_bit
0x0F84       [0]    RE0_bit
0x0F84       [0]    RE1_bit
0x0F84       [0]    GLCD_EN
0x0F92       [0]    GLCD_CS1_Direction
0x0F92       [0]    TRISA5_bit
0x0F93       [0]    TRISB3_bit
0x0F93       [0]    GLCD_RST_Direction
0x0F93       [1]    TRISB
0x0F94       [0]    GLCD_CS2_Direction
0x0F94       [0]    TRISC0_bit
0x0F95       [1]    TRISD
0x0F96       [0]    TRISE1_bit
0x0F96       [0]    TRISE2_bit
0x0F96       [0]    TRISE0_bit
0x0F96       [0]    GLCD_EN_Direction
0x0F96       [0]    GLCD_RW_Direction
0x0F96       [0]    GLCD_RS_Direction
0x0FB4       [1]    CMCON
0x0FC1       [1]    ADCON1
0x0FC2       [1]    ADCON0
0x0FD8       [1]    STATUS
0x0FD9       [1]    FSR2L
0x0FDA       [1]    FSR2H
0x0FDE       [1]    POSTINC2
0x0FE0       [1]    BSR
0x0FE1       [1]    FSR1L
0x0FE2       [1]    FSR1H
0x0FE4       [1]    PREINC1
0x0FE6       [1]    POSTINC1
0x0FE7       [1]    INDF1
0x0FE8       [1]    WREG
0x0FE9       [1]    FSR0L
0x0FEA       [1]    FSR0H
0x0FEE       [1]    POSTINC0
0x0FF3       [1]    PRODL
0x0FF4       [1]    PRODH
0x0FF5       [1]    TABLAT
0x0FF6       [1]    TBLPTRL
0x0FF6       [3]    TBLPTR
0x0FF7       [1]    TBLPTRH
0x0FF8       [1]    TBLPTRU
//** Constants locations ** 
//ADDRESS    SIZE    CONSTANT
//----------------------------------------------
0x0678     [490]    _Font_Glcd_System5x7
0x0862     [480]    _font5x7
0x0A42       [2]    ?ICS?lstr2_variaveis
0x0A44       [2]    ?ICS?lstr3_variaveis
0x0A46      [12]    ?ICS_str
0x0A52       [2]    ?ICS?lstr1_variaveis
