;  LST file generated by mikroListExporter - v.2.0 
; Date/Time: 02/08/2022 20:45:20
;----------------------------------------------

;Address Opcode 	ASM
0x0000	0xF008EF00  	GOTO        4096
0x0004	0x0000      	NOP
0x0006	0x0000      	NOP
0x0008	0xF000EF00  	GOTO        0
0x000C	0x0000      	NOP
0x000E	0x0000      	NOP
0x0010	0x0000      	NOP
0x0012	0x0000      	NOP
0x0014	0x0000      	NOP
0x0016	0x0000      	NOP
0x0018	0xD7F3      	BRA         0
_strlen:
;__Lib_CString.c,136 :: 		
;__Lib_CString.c,139 :: 		
0x001C	0xF002C03E  	MOVFF       FARG_strlen_s, R2
0x0020	0xF003C03F  	MOVFF       FARG_strlen_s+1, R3
;__Lib_CString.c,140 :: 		
L_strlen36:
0x0024	0xF000C002  	MOVFF       R2, R0
0x0028	0xF001C003  	MOVFF       R3, R1
0x002C	0x4A02      	INFSNZ      R2, 1 
0x002E	0x2A03      	INCF        R3, 1 
0x0030	0xFFE9C000  	MOVFF       R0, FSR0L
0x0034	0xFFEAC001  	MOVFF       R1, FSR0H
0x0038	0x52EE      	MOVF        POSTINC0, 1 
0x003A	0xE001      	BZ          L_strlen37
;__Lib_CString.c,141 :: 		
0x003C	0xD7F3      	BRA         L_strlen36
L_strlen37:
;__Lib_CString.c,142 :: 		
0x003E	0x503E      	MOVF        FARG_strlen_s, 0 
0x0040	0x5C02      	SUBWF       R2, 0 
0x0042	0x6E00      	MOVWF       R0 
0x0044	0x503F      	MOVF        FARG_strlen_s+1, 0 
0x0046	0x5803      	SUBWFB      R3, 0 
0x0048	0x6E01      	MOVWF       R1 
0x004A	0x0E01      	MOVLW       1
0x004C	0x5E00      	SUBWF       R0, 1 
0x004E	0x0E00      	MOVLW       0
0x0050	0x5A01      	SUBWFB      R1, 1 
;__Lib_CString.c,143 :: 		
L_end_strlen:
0x0052	0x0012      	RETURN      0
; end of _strlen
_strncmp:
;__Lib_CString.c,219 :: 		
;__Lib_CString.c,221 :: 		
L_strncmp58:
0x0054	0xF000C042  	MOVFF       FARG_strncmp_len, R0
0x0058	0x0642      	DECF        FARG_strncmp_len, 1 
0x005A	0x5200      	MOVF        R0, 1 
0x005C	0xE027      	BZ          L_strncmp59
;__Lib_CString.c,222 :: 		
0x005E	0xFFE9C03E  	MOVFF       FARG_strncmp_s1, FSR0L
0x0062	0xFFEAC03F  	MOVFF       FARG_strncmp_s1+1, FSR0H
0x0066	0x50EE      	MOVF        POSTINC0, 0 
0x0068	0x0A00      	XORLW       0
0x006A	0xE00C      	BZ          L__strncmp116
0x006C	0xFFE9C03E  	MOVFF       FARG_strncmp_s1, FSR0L
0x0070	0xFFEAC03F  	MOVFF       FARG_strncmp_s1+1, FSR0H
0x0074	0xFFD9C040  	MOVFF       FARG_strncmp_s2, FSR2L
0x0078	0xFFDAC041  	MOVFF       FARG_strncmp_s2+1, FSR2H
0x007C	0x50EE      	MOVF        POSTINC0, 0 
0x007E	0x18DE      	XORWF       POSTINC2, 0 
0x0080	0xE101      	BNZ         L__strncmp116
0x0082	0xD00F      	BRA         L_strncmp62
L__strncmp116:
;__Lib_CString.c,223 :: 		
0x0084	0xFFE9C03E  	MOVFF       FARG_strncmp_s1, FSR0L
0x0088	0xFFEAC03F  	MOVFF       FARG_strncmp_s1+1, FSR0H
0x008C	0xFFD9C040  	MOVFF       FARG_strncmp_s2, FSR2L
0x0090	0xFFDAC041  	MOVFF       FARG_strncmp_s2+1, FSR2H
0x0094	0x50DE      	MOVF        POSTINC2, 0 
0x0096	0x5CEE      	SUBWF       POSTINC0, 0 
0x0098	0x6E00      	MOVWF       R0 
0x009A	0x6A01      	CLRF        R1 
0x009C	0x0E00      	MOVLW       0
0x009E	0x5A01      	SUBWFB      R1, 1 
0x00A0	0xD007      	BRA         L_end_strncmp
L_strncmp62:
;__Lib_CString.c,224 :: 		
0x00A2	0x4A3E      	INFSNZ      FARG_strncmp_s1, 1 
0x00A4	0x2A3F      	INCF        FARG_strncmp_s1+1, 1 
;__Lib_CString.c,225 :: 		
0x00A6	0x4A40      	INFSNZ      FARG_strncmp_s2, 1 
0x00A8	0x2A41      	INCF        FARG_strncmp_s2+1, 1 
;__Lib_CString.c,226 :: 		
0x00AA	0xD7D4      	BRA         L_strncmp58
L_strncmp59:
;__Lib_CString.c,227 :: 		
0x00AC	0x6A00      	CLRF        R0 
0x00AE	0x6A01      	CLRF        R1 
;__Lib_CString.c,228 :: 		
L_end_strncmp:
0x00B0	0x0012      	RETURN      0
; end of _strncmp
_strchr:
;__Lib_CString.c,102 :: 		
;__Lib_CString.c,103 :: 		
L_strchr26:
;__Lib_CString.c,104 :: 		
0x00B2	0xFFE9C03E  	MOVFF       FARG_strchr_ptr, FSR0L
0x00B6	0xFFEAC03F  	MOVFF       FARG_strchr_ptr+1, FSR0H
0x00BA	0x50EE      	MOVF        POSTINC0, 0 
0x00BC	0x1840      	XORWF       FARG_strchr_chr, 0 
0x00BE	0xE105      	BNZ         L_strchr29
;__Lib_CString.c,105 :: 		
0x00C0	0xF000C03E  	MOVFF       FARG_strchr_ptr, R0
0x00C4	0xF001C03F  	MOVFF       FARG_strchr_ptr+1, R1
0x00C8	0xD010      	BRA         L_end_strchr
L_strchr29:
;__Lib_CString.c,106 :: 		
0x00CA	0xF000C03E  	MOVFF       FARG_strchr_ptr, R0
0x00CE	0xF001C03F  	MOVFF       FARG_strchr_ptr+1, R1
0x00D2	0x4A3E      	INFSNZ      FARG_strchr_ptr, 1 
0x00D4	0x2A3F      	INCF        FARG_strchr_ptr+1, 1 
0x00D6	0xFFE9C000  	MOVFF       R0, FSR0L
0x00DA	0xFFEAC001  	MOVFF       R1, FSR0H
0x00DE	0xF000CFEE  	MOVFF       POSTINC0, R0
0x00E2	0x5200      	MOVF        R0, 1 
0x00E4	0xE1E6      	BNZ         L_strchr26
;__Lib_CString.c,108 :: 		
0x00E6	0x6A00      	CLRF        R0 
0x00E8	0x6A01      	CLRF        R1 
;__Lib_CString.c,109 :: 		
L_end_strchr:
0x00EA	0x0012      	RETURN      0
; end of _strchr
_strstr:
;__Lib_CString.c,273 :: 		
;__Lib_CString.c,274 :: 		
L_strstr70:
0x00EC	0x0E00      	MOVLW       0
0x00EE	0x183B      	XORWF       FARG_strstr_s1+1, 0 
0x00F0	0xE102      	BNZ         L__strstr143
0x00F2	0x0E00      	MOVLW       0
0x00F4	0x183A      	XORWF       FARG_strstr_s1, 0 
L__strstr143:
0x00F6	0xE033      	BZ          L_strstr71
0x00F8	0xFFE9C03A  	MOVFF       FARG_strstr_s1, FSR0L
0x00FC	0xFFEAC03B  	MOVFF       FARG_strstr_s1+1, FSR0H
0x0100	0x52EE      	MOVF        POSTINC0, 1 
0x0102	0xE02D      	BZ          L_strstr71
L__strstr117:
;__Lib_CString.c,275 :: 		
0x0104	0xF03EC03C  	MOVFF       FARG_strstr_s2, FARG_strlen_s
0x0108	0xF03FC03D  	MOVFF       FARG_strstr_s2+1, FARG_strlen_s+1
0x010C	0xDF87      	RCALL       _strlen
0x010E	0xF042C000  	MOVFF       R0, FARG_strncmp_len
0x0112	0xF03EC03A  	MOVFF       FARG_strstr_s1, FARG_strncmp_s1
0x0116	0xF03FC03B  	MOVFF       FARG_strstr_s1+1, FARG_strncmp_s1+1
0x011A	0xF040C03C  	MOVFF       FARG_strstr_s2, FARG_strncmp_s2
0x011E	0xF041C03D  	MOVFF       FARG_strstr_s2+1, FARG_strncmp_s2+1
0x0122	0xDF98      	RCALL       _strncmp
0x0124	0x0E00      	MOVLW       0
0x0126	0x1801      	XORWF       R1, 0 
0x0128	0xE102      	BNZ         L__strstr144
0x012A	0x0E00      	MOVLW       0
0x012C	0x1800      	XORWF       R0, 0 
L__strstr144:
0x012E	0xE105      	BNZ         L_strstr74
;__Lib_CString.c,276 :: 		
0x0130	0xF000C03A  	MOVFF       FARG_strstr_s1, R0
0x0134	0xF001C03B  	MOVFF       FARG_strstr_s1+1, R1
0x0138	0xD014      	BRA         L_end_strstr
L_strstr74:
;__Lib_CString.c,277 :: 		
0x013A	0x0E01      	MOVLW       1
0x013C	0x243A      	ADDWF       FARG_strstr_s1, 0 
0x013E	0x6E3E      	MOVWF       FARG_strchr_ptr 
0x0140	0x0E00      	MOVLW       0
0x0142	0x203B      	ADDWFC      FARG_strstr_s1+1, 0 
0x0144	0x6E3F      	MOVWF       FARG_strchr_ptr+1 
0x0146	0xFFE9C03C  	MOVFF       FARG_strstr_s2, FSR0L
0x014A	0xFFEAC03D  	MOVFF       FARG_strstr_s2+1, FSR0H
0x014E	0xF040CFEE  	MOVFF       POSTINC0, FARG_strchr_chr
0x0152	0xDFAF      	RCALL       _strchr
0x0154	0xF03AC000  	MOVFF       R0, FARG_strstr_s1
0x0158	0xF03BC001  	MOVFF       R1, FARG_strstr_s1+1
;__Lib_CString.c,278 :: 		
0x015C	0xD7C7      	BRA         L_strstr70
L_strstr71:
;__Lib_CString.c,279 :: 		
0x015E	0x6A00      	CLRF        R0 
0x0160	0x6A01      	CLRF        R1 
;__Lib_CString.c,280 :: 		
L_end_strstr:
0x0162	0x0012      	RETURN      0
; end of _strstr
_UART1_Init:
;__Lib_UART_c67.c,15 :: 		
;__Lib_UART_c67.c,18 :: 		
0x0164	0x0EFF      	MOVLW       _UART1_Write
0x0166	0x6E30      	MOVWF       _UART_Wr_Ptr 
0x0168	0x0EFF      	MOVLW       hi_addr(_UART1_Write)
0x016A	0x6E31      	MOVWF       _UART_Wr_Ptr+1 
0x016C	0x0EFF      	MOVLW       FARG_UART1_Write_data_
0x016E	0x6E32      	MOVWF       _UART_Wr_Ptr+2 
0x0170	0x0EFF      	MOVLW       hi_addr(FARG_UART1_Write_data_)
0x0172	0x6E33      	MOVWF       _UART_Wr_Ptr+3 
;__Lib_UART_c67.c,19 :: 		
0x0174	0x0ECA      	MOVLW       _UART1_Read
0x0176	0x6E34      	MOVWF       _UART_Rd_Ptr 
0x0178	0x0E01      	MOVLW       hi_addr(_UART1_Read)
0x017A	0x6E35      	MOVWF       _UART_Rd_Ptr+1 
0x017C	0x0E00      	MOVLW       0
0x017E	0x6E36      	MOVWF       _UART_Rd_Ptr+2 
0x0180	0x0E00      	MOVLW       0
0x0182	0x6E37      	MOVWF       _UART_Rd_Ptr+3 
;__Lib_UART_c67.c,20 :: 		
0x0184	0x0EDC      	MOVLW       _UART1_Data_Ready
0x0186	0x6E28      	MOVWF       _UART_Rdy_Ptr 
0x0188	0x0E01      	MOVLW       hi_addr(_UART1_Data_Ready)
0x018A	0x6E29      	MOVWF       _UART_Rdy_Ptr+1 
0x018C	0x0E00      	MOVLW       0
0x018E	0x6E2A      	MOVWF       _UART_Rdy_Ptr+2 
0x0190	0x0E00      	MOVLW       0
0x0192	0x6E2B      	MOVWF       _UART_Rdy_Ptr+3 
;__Lib_UART_c67.c,21 :: 		
0x0194	0x0EFF      	MOVLW       _UART1_Tx_Idle
0x0196	0x6E2C      	MOVWF       _UART_Tx_Idle_Ptr 
0x0198	0x0EFF      	MOVLW       hi_addr(_UART1_Tx_Idle)
0x019A	0x6E2D      	MOVWF       _UART_Tx_Idle_Ptr+1 
0x019C	0x0E00      	MOVLW       0
0x019E	0x6E2E      	MOVWF       _UART_Tx_Idle_Ptr+2 
0x01A0	0x0E00      	MOVLW       0
0x01A2	0x6E2F      	MOVWF       _UART_Tx_Idle_Ptr+3 
;__Lib_UART_c67.c,23 :: 		
0x01A4	0x8AAC      	BSF         TXSTA, 5 
;__Lib_UART_c67.c,24 :: 		
0x01A6	0x0E90      	MOVLW       144
0x01A8	0x6EAB      	MOVWF       RCSTA 
;__Lib_UART_c67.c,25 :: 		
0x01AA	0x8E94      	BSF         TRISC7_bit, BitPos(TRISC7_bit+0) 
;__Lib_UART_c67.c,26 :: 		
0x01AC	0x9C94      	BCF         TRISC6_bit, BitPos(TRISC6_bit+0) 
;__Lib_UART_c67.c,28 :: 		
L_UART1_Init0:
0x01AE	0xAA9E      	BTFSS       PIR1, 5 
0x01B0	0xD003      	BRA         L_UART1_Init1
;__Lib_UART_c67.c,29 :: 		
0x01B2	0xF000CFAE  	MOVFF       RCREG, R0
0x01B6	0xD7FB      	BRA         L_UART1_Init0
L_UART1_Init1:
;__Lib_UART_c67.c,30 :: 		
L_end_UART1_Init:
0x01B8	0x0012      	RETURN      0
; end of _UART1_Init
___CC2DW:
;__Lib_System.c,21 :: 		
;__Lib_System.c,23 :: 		
_CC2DL_Loop1:
;__Lib_System.c,24 :: 		
0x01BA	0x0009      	TBLRD*+
;__Lib_System.c,25 :: 		
0x01BC	0xFFE6CFF5  	MOVFF       TABLAT, POSTINC1
;__Lib_System.c,26 :: 		
0x01C0	0x0600      	DECF        R0, 1, 0
;__Lib_System.c,27 :: 		
0x01C2	0xE1FB      	BNZ         _CC2DL_Loop1
;__Lib_System.c,28 :: 		
0x01C4	0x0601      	DECF        R1, 1, 0
;__Lib_System.c,29 :: 		
0x01C6	0xE1F9      	BNZ         _CC2DL_Loop1
;__Lib_System.c,31 :: 		
L_end___CC2DW:
0x01C8	0x0012      	RETURN      0
; end of ___CC2DW
_UART1_Read:
;__Lib_UART_c67.c,39 :: 		
;__Lib_UART_c67.c,42 :: 		
0x01CA	0xF001CFAE  	MOVFF       RCREG, R1
;__Lib_UART_c67.c,43 :: 		
0x01CE	0xA2AB      	BTFSS       RCSTA, 1 
0x01D0	0xD002      	BRA         L_UART1_Read2
;__Lib_UART_c67.c,44 :: 		
0x01D2	0x98AB      	BCF         RCSTA, 4 
;__Lib_UART_c67.c,45 :: 		
0x01D4	0x88AB      	BSF         RCSTA, 4 
;__Lib_UART_c67.c,46 :: 		
L_UART1_Read2:
;__Lib_UART_c67.c,47 :: 		
0x01D6	0xF000C001  	MOVFF       R1, R0
;__Lib_UART_c67.c,48 :: 		
L_end_UART1_Read:
0x01DA	0x0012      	RETURN      0
; end of _UART1_Read
_UART1_Data_Ready:
;__Lib_UART_c67.c,34 :: 		
;__Lib_UART_c67.c,35 :: 		
0x01DC	0x0E00      	MOVLW       0
0x01DE	0xBA9E      	BTFSC       PIR1, 5 
0x01E0	0x0E01      	MOVLW       1
0x01E2	0x6E00      	MOVWF       R0 
;__Lib_UART_c67.c,36 :: 		
L_end_UART1_Data_Ready:
0x01E4	0x0012      	RETURN      0
; end of _UART1_Data_Ready
_main:
0x1000	0x0E6F      	MOVLW       111
0x1002	0x6E15      	MOVWF       ?lstr1_Bluetooth 
0x1004	0x0E6E      	MOVLW       110
0x1006	0x6E16      	MOVWF       22 
0x1008	0x6A17      	CLRF        23 
0x100A	0x6A18      	CLRF        _i 
0x100C	0x0E6F      	MOVLW       111
0x100E	0x6E19      	MOVWF       ?lstr2_Bluetooth 
0x1010	0x0E66      	MOVLW       102
0x1012	0x6E1A      	MOVWF       26 
0x1014	0x0E66      	MOVLW       102
0x1016	0x6E1B      	MOVWF       27 
0x1018	0x6A1C      	CLRF        28 
;Bluetooth.c,6 :: 		void main() org 0x1000
;Bluetooth.c,8 :: 		delay_ms(1000); // Delay para estabilizar
0x101A	0x0E3D      	MOVLW       61
0x101C	0x6E0B      	MOVWF       R11, 0
0x101E	0x0EE1      	MOVLW       225
0x1020	0x6E0C      	MOVWF       R12, 0
0x1022	0x0E3F      	MOVLW       63
0x1024	0x6E0D      	MOVWF       R13, 0
L_main0:
0x1026	0x2E0D      	DECFSZ      R13, 1, 0
0x1028	0xD7FE      	BRA         L_main0
0x102A	0x2E0C      	DECFSZ      R12, 1, 0
0x102C	0xD7FC      	BRA         L_main0
0x102E	0x2E0B      	DECFSZ      R11, 1, 0
0x1030	0xD7FA      	BRA         L_main0
0x1032	0x0000      	NOP
0x1034	0x0000      	NOP
;Bluetooth.c,9 :: 		adcon1=0x0F; //Passa alguns pinos do pic para formato digital
0x1036	0x0E0F      	MOVLW       15
0x1038	0x6EC1      	MOVWF       ADCON1 
;Bluetooth.c,10 :: 		trisb=0x00;  // define a porta d como saída
0x103A	0x6A93      	CLRF        TRISB 
;Bluetooth.c,11 :: 		portb=0x00; //zera a porta d
0x103C	0x6A81      	CLRF        PORTB 
;Bluetooth.c,12 :: 		rcon=0x80;
0x103E	0x0E80      	MOVLW       128
0x1040	0x6ED0      	MOVWF       RCON 
;Bluetooth.c,13 :: 		cmcon=0x0F;
0x1042	0x0E0F      	MOVLW       15
0x1044	0x6EB4      	MOVWF       CMCON 
;Bluetooth.c,14 :: 		intcon2=0;
0x1046	0x6AF1      	CLRF        INTCON2 
;Bluetooth.c,16 :: 		UART1_Init(9600);//inicia o modulo UART com velocidade de 9600bps
0x1048	0x86B8      	BSF         BAUDCON, 3, 0
0x104A	0x0E04      	MOVLW       4
0x104C	0x6EB0      	MOVWF       SPBRGH 
0x104E	0x0EE1      	MOVLW       225
0x1050	0x6EAF      	MOVWF       SPBRG 
0x1052	0x84AC      	BSF         TXSTA, 2, 0
0x1054	0xF000ECB2  	CALL        _UART1_Init, 0
;Bluetooth.c,17 :: 		delay_ms(100);//espere 10ms para estabilizar
0x1058	0x0E07      	MOVLW       7
0x105A	0x6E0B      	MOVWF       R11, 0
0x105C	0x0E17      	MOVLW       23
0x105E	0x6E0C      	MOVWF       R12, 0
0x1060	0x0E6A      	MOVLW       106
0x1062	0x6E0D      	MOVWF       R13, 0
L_main1:
0x1064	0x2E0D      	DECFSZ      R13, 1, 0
0x1066	0xD7FE      	BRA         L_main1
0x1068	0x2E0C      	DECFSZ      R12, 1, 0
0x106A	0xD7FC      	BRA         L_main1
0x106C	0x2E0B      	DECFSZ      R11, 1, 0
0x106E	0xD7FA      	BRA         L_main1
0x1070	0x0000      	NOP
;Bluetooth.c,19 :: 		while(1)
L_main2:
;Bluetooth.c,21 :: 		if (UART1_Data_Ready())      // If data is received
0x1072	0xF000ECEE  	CALL        _UART1_Data_Ready, 0
0x1076	0x5200      	MOVF        R0, 1 
0x1078	0xE011      	BZ          L_main4
;Bluetooth.c,23 :: 		uart_rd[i] = UART1_Read();     // read the received data
0x107A	0x0E1F      	MOVLW       _uart_rd
0x107C	0x6E38      	MOVWF       FLOC__main 
0x107E	0x0E00      	MOVLW       hi_addr(_uart_rd)
0x1080	0x6E39      	MOVWF       FLOC__main+1 
0x1082	0x5018      	MOVF        _i, 0 
0x1084	0x2638      	ADDWF       FLOC__main, 1 
0x1086	0xB0D8      	BTFSC       STATUS, 0 
0x1088	0x2A39      	INCF        FLOC__main+1, 1 
0x108A	0xF000ECE5  	CALL        _UART1_Read, 0
0x108E	0xFFE1C038  	MOVFF       FLOC__main, FSR1L
0x1092	0xFFE2C039  	MOVFF       FLOC__main+1, FSR1H
0x1096	0xFFE6C000  	MOVFF       R0, POSTINC1
;Bluetooth.c,25 :: 		i++;
0x109A	0x2A18      	INCF        _i, 1 
;Bluetooth.c,26 :: 		}
L_main4:
;Bluetooth.c,27 :: 		string = strstr(uart_rd,"on");
0x109C	0x0E1F      	MOVLW       _uart_rd
0x109E	0x6E3A      	MOVWF       FARG_strstr_s1 
0x10A0	0x0E00      	MOVLW       hi_addr(_uart_rd)
0x10A2	0x6E3B      	MOVWF       FARG_strstr_s1+1 
0x10A4	0x0E15      	MOVLW       ?lstr1_Bluetooth
0x10A6	0x6E3C      	MOVWF       FARG_strstr_s2 
0x10A8	0x0E00      	MOVLW       hi_addr(?lstr1_Bluetooth)
0x10AA	0x6E3D      	MOVWF       FARG_strstr_s2+1 
0x10AC	0xF000EC76  	CALL        _strstr, 0
0x10B0	0xF01DC000  	MOVFF       R0, _string
0x10B4	0xF01EC001  	MOVFF       R1, _string+1
;Bluetooth.c,28 :: 		if(string != 0) {
0x10B8	0x0E00      	MOVLW       0
0x10BA	0x1801      	XORWF       R1, 0 
0x10BC	0xE102      	BNZ         L__main9
0x10BE	0x0E00      	MOVLW       0
0x10C0	0x1800      	XORWF       R0, 0 
L__main9:
0x10C2	0xE008      	BZ          L_main5
;Bluetooth.c,29 :: 		portb=0xFF;
0x10C4	0x0EFF      	MOVLW       255
0x10C6	0x6E81      	MOVWF       PORTB 
;Bluetooth.c,30 :: 		string[0] = 0;  // clear string
0x10C8	0xFFE1C01D  	MOVFF       _string, FSR1L
0x10CC	0xFFE2C01E  	MOVFF       _string+1, FSR1H
0x10D0	0x6AE6      	CLRF        POSTINC1 
;Bluetooth.c,31 :: 		i=0;   // reset i
0x10D2	0x6A18      	CLRF        _i 
;Bluetooth.c,32 :: 		}
L_main5:
;Bluetooth.c,33 :: 		string = strstr(uart_rd,"off");
0x10D4	0x0E1F      	MOVLW       _uart_rd
0x10D6	0x6E3A      	MOVWF       FARG_strstr_s1 
0x10D8	0x0E00      	MOVLW       hi_addr(_uart_rd)
0x10DA	0x6E3B      	MOVWF       FARG_strstr_s1+1 
0x10DC	0x0E19      	MOVLW       ?lstr2_Bluetooth
0x10DE	0x6E3C      	MOVWF       FARG_strstr_s2 
0x10E0	0x0E00      	MOVLW       hi_addr(?lstr2_Bluetooth)
0x10E2	0x6E3D      	MOVWF       FARG_strstr_s2+1 
0x10E4	0xF000EC76  	CALL        _strstr, 0
0x10E8	0xF01DC000  	MOVFF       R0, _string
0x10EC	0xF01EC001  	MOVFF       R1, _string+1
;Bluetooth.c,34 :: 		if(string != 0) {
0x10F0	0x0E00      	MOVLW       0
0x10F2	0x1801      	XORWF       R1, 0 
0x10F4	0xE102      	BNZ         L__main10
0x10F6	0x0E00      	MOVLW       0
0x10F8	0x1800      	XORWF       R0, 0 
L__main10:
0x10FA	0xE007      	BZ          L_main6
;Bluetooth.c,35 :: 		portb=0x00;
0x10FC	0x6A81      	CLRF        PORTB 
;Bluetooth.c,36 :: 		string[0] = 0;  // clear string
0x10FE	0xFFE1C01D  	MOVFF       _string, FSR1L
0x1102	0xFFE2C01E  	MOVFF       _string+1, FSR1H
0x1106	0x6AE6      	CLRF        POSTINC1 
;Bluetooth.c,37 :: 		i=0;   // reset i
0x1108	0x6A18      	CLRF        _i 
;Bluetooth.c,38 :: 		}
L_main6:
;Bluetooth.c,39 :: 		if(i==500){
0x110A	0x0E00      	MOVLW       0
0x110C	0x0A01      	XORLW       1
0x110E	0xE102      	BNZ         L__main11
0x1110	0x0EF4      	MOVLW       244
0x1112	0x1818      	XORWF       _i, 0 
L__main11:
0x1114	0xB4D8      	BTFSC       STATUS, 2 
;Bluetooth.c,40 :: 		i=0;
0x1116	0x6A18      	CLRF        _i 
;Bluetooth.c,41 :: 		}
L_main7:
;Bluetooth.c,42 :: 		}
0x1118	0xD7AC      	BRA         L_main2
;Bluetooth.c,43 :: 		}
L_end_main:
0x111A	0xD7FF      	BRA         $+0
; end of _main
Symbol List:
//** Routines locations **
//ADDRESS    SIZE    PROCEDURE
//----------------------------------------------
0x001C      [56]    _strlen
0x0054      [94]    _strncmp
0x00B2      [58]    _strchr
0x00EC     [120]    _strstr
0x0164      [86]    _UART1_Init
0x01BA      [16]    ___CC2DW
0x01CA      [18]    _UART1_Read
0x01DC      [10]    _UART1_Data_Ready
0x1000     [284]    _main
//** Variables locations ** 
//ADDRESS    SIZE    VARIABLE
//----------------------------------------------
0x0000       [1]    R0
0x0000       [1]    __Lib_SoftI2C_PutZerosToLATScl_temp_scl_L0
0x0000       [1]    SPI1_Write_tmp_L0
0x0000       [1]    FLASH_Erase_64_SaveINTCON_L0
0x0000       [1]    EEPROM_Write_SaveINTCON_L0
0x0000       [1]    __Lib_SoftI2C_PutZerosToLATSda_temp_sda_L0
0x0000       [1]    UART1_Init_tmp_L0
0x0001       [1]    __Lib_PS2_Wait_Falling_nsample_L0
0x0001       [1]    __Lib_TFT_JPEG_FileRead_i_L0
0x0001       [1]    R1
0x0001       [1]    UART1_Read___tmp_UART1_Read_L0
0x0001       [1]    ispunct_rslt_L0
0x0001       [1]    __Lib_TFT_16bit_JPEG_FileRead_i_L0
0x0001       [2]    FLASH_Read_N_Bytes_i_L0
0x0001       [1]    __Lib_TFT_JPEG_FileReadBytes_Result_L0
0x0001       [1]    __Lib_TFT_16bit_JPEG_FileReadBytes_Result_L0
0x0001       [1]    __Lib_USB_genHID_?FLOC____Lib_USB_genHID_USB_Handle_BusyT1
0x0001       [1]    FLASH_Erase_Write_64_i_L0
0x0001       [1]    FLASH_Write_32_i_L0
0x0001       [1]    __Lib_Conversions_Adjust_Hex_tmp_L0
0x0002       [2]    strlen_cp_L0
0x0002       [2]    memset_pp_L0
0x0002       [1]    __Lib_USB_genHID_USB_CtrlTrf_Rx_Service_byteToRead_L0
0x0002       [1]    FLASH_Write_32_SaveINTCON_L0
0x0002       [2]    memcpy_dd_L0
0x0002       [1]    FLASH_Erase_Write_64_j_L0
0x0002       [2]    memchr_s_L0
0x0002       [1]    R2
0x0003       [1]    R3
0x0003       [2]    memmove_tt_L0
0x0003       [1]    __Lib_Sprinti_?FLOC____Lib_Sprinti_Do_FillT29
0x0003       [1]    MM_Init_i_L0
0x0003       [2]    __Lib_USB_genHID_USB_CtrlTrf_Tx_Service_byteToSend_L0
0x0003       [1]    FLASH_Erase_Write_64_SaveINTCON_L0
0x0003       [2]    Ltrim_original_L0
0x0003       [2]    __Lib_MmcFat16_f16_toInt_l_L0
0x0003       [2]    MM_TotalFreeMemSize_Tot_L0
0x0003       [1]    __Lib_USB_genHID_USB_CtrlTrf_Rx_Service_i_L0
0x0004       [2]    __Lib_MemManager_MM_GetMemAlign_P_L0
0x0004       [2]    strcpy_cp_L0
0x0004       [2]    strncat_cp_L0
0x0004       [2]    __Lib_USB_genHID_USB_Transfer_Packet_handle_L0
0x0004       [2]    frexp_pom_L0
0x0004       [1]    R4
0x0004       [2]    __Lib_USB_genHID_USB_Std_Feature_Req_Handler_p_L0
0x0004       [2]    strcat_cp_L0
0x0004       [2]    strncpy_cp_L0
0x0004       [1]    __Lib_USB_genHID_GetMaxIndexInDevDsc_index_L0
0x0004       [2]    __Lib_USB_genHID_USB_Get_Status_Handler_p_L2
0x0004       [1]    __Lib_Sprinti_?FLOC____Lib_Sprinti_Do_FillT40
0x0004       [2]    memcpy_ss_L0
0x0005       [1]    MM_TotalFreeMemSize_i_L0
0x0005       [2]    LongWordToHex_input_half_L0
0x0005       [2]    Ltrim_p_L0
0x0005       [2]    LongIntToHex_input_half_L0
0x0005       [2]    memmove_ff_L0
0x0005       [1]    R5
0x0005       [1]    __Lib_Sprinti_?FLOC____Lib_Sprinti_Do_FillT54
0x0006       [2]    __Lib_USB_genHID_GetMaxIndexInConfigDsc_totalLen_L0
0x0006       [1]    __Lib_Sprinti_?FLOC____Lib_Sprinti_Do_FillT69
0x0006       [1]    R6
0x0006       [1]    __Lib_MemManager_MM_GetMemAlign_i_L0
0x0007       [1]    __Lib_TFT_JPEG_GenerateHuffmanTables_bLength_L0
0x0007       [1]    __Lib_TFT_16bit_JPEG_GenerateHuffmanTables_bLength_L0
0x0007       [1]    R7
0x0008       [1]    __Lib_TFT_JPEG_GenerateHuffmanTables_bTable_L0
0x0008       [1]    __Lib_TFT_16bit_JPEG_GenerateHuffmanTables_bTable_L0
0x0008       [1]    R8
0x0008       [3]    __Lib_USB_genHID_GetMaxIndexInConfigDsc_ptr_L0
0x0009       [1]    R9
0x0009       [4]    __Lib_MmcFat16_f16_toLong_l_L0
0x000A       [1]    R10
0x000B       [1]    R11
0x000C       [1]    R12
0x000D       [1]    R13
0x000E       [1]    R14
0x000F       [1]    R15
0x0010       [1]    R16
0x0011       [1]    R17
0x0012       [1]    R18
0x0013       [1]    R19
0x0014       [1]    R20
0x0015       [3]    ?lstr1_Bluetooth
0x0018       [1]    _i
0x0019       [4]    ?lstr2_Bluetooth
0x001D       [2]    _string
0x001F       [9]    _uart_rd
0x0028       [4]    _UART_Rdy_Ptr
0x002C       [4]    _UART_Tx_Idle_Ptr
0x0030       [4]    _UART_Wr_Ptr
0x0034       [4]    _UART_Rd_Ptr
0x0038       [2]    FLOC__main
0x003A       [2]    FARG_strstr_s1
0x003C       [2]    FARG_strstr_s2
0x003E       [2]    FARG_strlen_s
0x003E       [2]    FARG_strchr_ptr
0x003E       [2]    FARG_strncmp_s1
0x0040       [1]    FARG_strchr_chr
0x0040       [2]    FARG_strncmp_s2
0x0042       [1]    FARG_strncmp_len
0x0F81       [1]    PORTB
0x0F93       [1]    TRISB
0x0F94       [0]    TRISC6_bit
0x0F94       [0]    TRISC7_bit
0x0F9E       [1]    PIR1
0x0FAB       [1]    RCSTA
0x0FAC       [1]    TXSTA
0x0FAE       [1]    RCREG
0x0FAF       [1]    SPBRG
0x0FB0       [1]    SPBRGH
0x0FB4       [1]    CMCON
0x0FB8       [1]    BAUDCON
0x0FC1       [1]    ADCON1
0x0FD0       [1]    RCON
0x0FD8       [1]    STATUS
0x0FD9       [1]    FSR2L
0x0FDA       [1]    FSR2H
0x0FDE       [1]    POSTINC2
0x0FE0       [1]    BSR
0x0FE1       [1]    FSR1L
0x0FE2       [1]    FSR1H
0x0FE4       [1]    PREINC1
0x0FE6       [1]    POSTINC1
0x0FE7       [1]    INDF1
0x0FE8       [1]    WREG
0x0FE9       [1]    FSR0L
0x0FEA       [1]    FSR0H
0x0FEE       [1]    POSTINC0
0x0FF1       [1]    INTCON2
0x0FF3       [1]    PRODL
0x0FF4       [1]    PRODH
0x0FF5       [1]    TABLAT
0x0FF6       [1]    TBLPTRL
0x0FF7       [1]    TBLPTRH
0x0FF8       [1]    TBLPTRU
