;  LST file generated by mikroListExporter - v.2.0 
; Date/Time: 26/08/2022 10:16:24
;----------------------------------------------

;Address Opcode 	ASM
0x0000	0xF003EF5E  	GOTO        1724
_interrupt:
;PWM___Interrup.c,27 :: 		void interrupt()
0x0008	0xF017C000  	MOVFF       R0, 23
0x000C	0xF016C001  	MOVFF       R1, 22
0x0010	0xF015C00C  	MOVFF       R12, 21
;PWM___Interrup.c,29 :: 		if(TMR0IF_bit)                            //Houve overflow do Timer0?
0x0014	0xA4F2      	BTFSS       TMR0IF_bit, BitPos(TMR0IF_bit+0) 
0x0016	0xD01E      	BRA         L_interrupt0
;PWM___Interrup.c,31 :: 		TMR0IF_bit = 0x00;                    //Limpa flag
0x0018	0x94F2      	BCF         TMR0IF_bit, BitPos(TMR0IF_bit+0) 
;PWM___Interrup.c,32 :: 		TMR0L      = 0x42;                    //Reinicia byte menos significativo do Timer0
0x001A	0x0E42      	MOVLW       66
0x001C	0x6ED6      	MOVWF       TMR0L 
;PWM___Interrup.c,33 :: 		TMR0H      = 0xfe;                    //Reinicia byte mais significativo do Timer0
0x001E	0x0EFE      	MOVLW       254
0x0020	0x6ED7      	MOVWF       TMR0H 
;PWM___Interrup.c,35 :: 		counter=counter+1;                            //Incrementa contador auxiliar
0x0022	0xF000C018  	MOVFF       _counter, R0
0x0026	0xF001C019  	MOVFF       _counter+1, R1
0x002A	0xF002C01A  	MOVFF       _counter+2, R2
0x002E	0xF003C01B  	MOVFF       _counter+3, R3
0x0032	0x0E00      	MOVLW       0
0x0034	0x6E04      	MOVWF       R4 
0x0036	0x0E00      	MOVLW       0
0x0038	0x6E05      	MOVWF       R5 
0x003A	0x0E00      	MOVLW       0
0x003C	0x6E06      	MOVWF       R6 
0x003E	0x0E7F      	MOVLW       127
0x0040	0x6E07      	MOVWF       R7 
0x0042	0xD92C      	RCALL       _Add_32x32_FP
0x0044	0xF018C000  	MOVFF       R0, _counter
0x0048	0xF019C001  	MOVFF       R1, _counter+1
0x004C	0xF01AC002  	MOVFF       R2, _counter+2
0x0050	0xF01BC003  	MOVFF       R3, _counter+3
;PWM___Interrup.c,64 :: 		} //end if TMR0IF
L_interrupt0:
;PWM___Interrup.c,67 :: 		}//end interrupt
L_end_interrupt:
L__interrupt7:
0x0054	0xF000C017  	MOVFF       23, R0
0x0058	0xF001C016  	MOVFF       22, R1
0x005C	0xF00CC015  	MOVFF       21, R12
0x0060	0x0011      	RETFIE      1
; end of _interrupt
_FIXSIGN32:
;__Lib_MathDouble.c,117 :: 		
;__Lib_MathDouble.c,121 :: 		
0x0062	0xAE0A      	BTFSS       R10, 7, 0
;__Lib_MathDouble.c,122 :: 		
0x0064	0x9E02      	BCF         R2, 7, 0
;__Lib_MathDouble.c,123 :: 		
0x0066	0x0E00      	MOVLW       0
;__Lib_MathDouble.c,125 :: 		
L_end_FIXSIGN32:
0x0068	0x0012      	RETURN      0
; end of _FIXSIGN32
_SETFUN32:
;__Lib_MathDouble.c,144 :: 		
;__Lib_MathDouble.c,152 :: 		
0x006A	0x840B      	BSF         R11, 2, 0
;__Lib_MathDouble.c,153 :: 		
0x006C	0xAE0B      	BTFSS       R11, 7, 0
;__Lib_MathDouble.c,154 :: 		
0x006E	0xF000EF40  	GOTO        SETFUN32EEE
;__Lib_MathDouble.c,156 :: 		
0x0072	0x0E01      	MOVLW       1
;__Lib_MathDouble.c,157 :: 		
0x0074	0x6E03      	MOVWF       R3, 0
;__Lib_MathDouble.c,158 :: 		
0x0076	0x6A02      	CLRF        R2, 0
;__Lib_MathDouble.c,159 :: 		
0x0078	0x6A01      	CLRF        R1, 0
;__Lib_MathDouble.c,160 :: 		
0x007A	0x6A00      	CLRF        R0, 0
;__Lib_MathDouble.c,161 :: 		
0x007C	0x360A      	RLCF        R10, 1, 0
;__Lib_MathDouble.c,162 :: 		
0x007E	0x3202      	RRCF        R2, 1, 0
;__Lib_MathDouble.c,163 :: 		
SETFUN32EEE:
;__Lib_MathDouble.c,164 :: 		
0x0080	0x0EFF      	MOVLW       255
;__Lib_MathDouble.c,166 :: 		
L_end_SETFUN32:
0x0082	0x0012      	RETURN      0
; end of _SETFUN32
_RES032:
;__Lib_MathDouble.c,128 :: 		
;__Lib_MathDouble.c,134 :: 		
0x0084	0x6A02      	CLRF        R2, 0
;__Lib_MathDouble.c,135 :: 		
0x0086	0x6A01      	CLRF        R1, 0
;__Lib_MathDouble.c,136 :: 		
0x0088	0x6A00      	CLRF        R0, 0
;__Lib_MathDouble.c,137 :: 		
0x008A	0x6A08      	CLRF        R8, 0
;__Lib_MathDouble.c,138 :: 		
0x008C	0x6A03      	CLRF        R3, 0
;__Lib_MathDouble.c,139 :: 		
0x008E	0x0E00      	MOVLW       0
;__Lib_MathDouble.c,141 :: 		
L_end_RES032:
0x0090	0x0012      	RETURN      0
; end of _RES032
_SETFOV32:
;__Lib_MathDouble.c,82 :: 		
;__Lib_MathDouble.c,90 :: 		
0x0092	0x820B      	BSF         R11, 1, 0
;__Lib_MathDouble.c,91 :: 		
0x0094	0xAE0B      	BTFSS       R11, 7, 0
;__Lib_MathDouble.c,92 :: 		
0x0096	0xF000EF53  	GOTO        SETFOV32EEE
;__Lib_MathDouble.c,94 :: 		
0x009A	0x6803      	SETF        R3, 0
;__Lib_MathDouble.c,95 :: 		
0x009C	0x6802      	SETF        R2, 0
;__Lib_MathDouble.c,96 :: 		
0x009E	0x6801      	SETF        R1, 0
;__Lib_MathDouble.c,97 :: 		
0x00A0	0x6800      	SETF        R0, 0
;__Lib_MathDouble.c,98 :: 		
0x00A2	0x360A      	RLCF        R10, 1, 0
;__Lib_MathDouble.c,99 :: 		
0x00A4	0x3202      	RRCF        R2, 1, 0
;__Lib_MathDouble.c,100 :: 		
SETFOV32EEE:
;__Lib_MathDouble.c,101 :: 		
0x00A6	0x0EFF      	MOVLW       255
;__Lib_MathDouble.c,103 :: 		
L_end_SETFOV32:
0x00A8	0x0012      	RETURN      0
; end of _SETFOV32
_NRM4032:
;__Lib_MathDouble.c,174 :: 		
;__Lib_MathDouble.c,183 :: 		
0x00AA	0xB00C      	BTFSC       R12, 0, 0
;__Lib_MathDouble.c,184 :: 		
0x00AC	0xF000EF97  	GOTO        NRMRND4032
;__Lib_MathDouble.c,185 :: 		
0x00B0	0xA20C      	BTFSS       R12, 1, 0
;__Lib_MathDouble.c,186 :: 		
0x00B2	0xF001EF3D  	GOTO        NRM40JPSETFOV32
;__Lib_MathDouble.c,188 :: 		
0x00B6	0x6A0E      	CLRF        R14, 0
;__Lib_MathDouble.c,189 :: 		
0x00B8	0x0E00      	MOVLW       0
;__Lib_MathDouble.c,190 :: 		
0x00BA	0x6402      	CPFSGT      R2, 0
;__Lib_MathDouble.c,191 :: 		
0x00BC	0xF000EFAE  	GOTO        NRM4032A
;__Lib_MathDouble.c,194 :: 		
0x00C0	0x0EF0      	MOVLW       240
;__Lib_MathDouble.c,195 :: 		
0x00C2	0x1402      	ANDWF       R2, 0, 0
;__Lib_MathDouble.c,196 :: 		
0x00C4	0xA4D8      	BTFSS       STATUS, 2, 0
;__Lib_MathDouble.c,197 :: 		
0x00C6	0xF000EF79  	GOTO        NORM4032
;__Lib_MathDouble.c,199 :: 		
0x00CA	0x3A02      	SWAPF       R2, 1, 0
;__Lib_MathDouble.c,200 :: 		
0x00CC	0x3801      	SWAPF       R1, 0, 0
;__Lib_MathDouble.c,201 :: 		
0x00CE	0x0B0F      	ANDLW       15
;__Lib_MathDouble.c,202 :: 		
0x00D0	0x2602      	ADDWF       R2, 1, 0
;__Lib_MathDouble.c,204 :: 		
0x00D2	0x3801      	SWAPF       R1, 0, 0
;__Lib_MathDouble.c,205 :: 		
0x00D4	0x0BF0      	ANDLW       240
;__Lib_MathDouble.c,206 :: 		
0x00D6	0x6E01      	MOVWF       R1, 0
;__Lib_MathDouble.c,207 :: 		
0x00D8	0x3800      	SWAPF       R0, 0, 0
;__Lib_MathDouble.c,208 :: 		
0x00DA	0x0B0F      	ANDLW       15
;__Lib_MathDouble.c,209 :: 		
0x00DC	0x2601      	ADDWF       R1, 1, 0
;__Lib_MathDouble.c,211 :: 		
0x00DE	0x3800      	SWAPF       R0, 0, 0
;__Lib_MathDouble.c,212 :: 		
0x00E0	0x0BF0      	ANDLW       240
;__Lib_MathDouble.c,213 :: 		
0x00E2	0x6E00      	MOVWF       R0, 0
;__Lib_MathDouble.c,214 :: 		
0x00E4	0x3808      	SWAPF       R8, 0, 0
;__Lib_MathDouble.c,215 :: 		
0x00E6	0x0B0F      	ANDLW       15
;__Lib_MathDouble.c,216 :: 		
0x00E8	0x2600      	ADDWF       R0, 1, 0
;__Lib_MathDouble.c,218 :: 		
0x00EA	0x3808      	SWAPF       R8, 0, 0
;__Lib_MathDouble.c,219 :: 		
0x00EC	0x0BF0      	ANDLW       240
;__Lib_MathDouble.c,220 :: 		
0x00EE	0x6E08      	MOVWF       R8, 0
;__Lib_MathDouble.c,222 :: 		
0x00F0	0x840E      	BSF         R14, 2, 0
;__Lib_MathDouble.c,224 :: 		
NORM4032:
;__Lib_MathDouble.c,225 :: 		
0x00F2	0x90D8      	BCF         STATUS, 0, 0
;__Lib_MathDouble.c,227 :: 		
0x00F4	0xBE02      	BTFSC       R2, 7, 0
;__Lib_MathDouble.c,228 :: 		
0x00F6	0xF000EF92  	GOTO        TNORMUN4032
;__Lib_MathDouble.c,229 :: 		
0x00FA	0x3608      	RLCF        R8, 1, 0
;__Lib_MathDouble.c,230 :: 		
0x00FC	0x3600      	RLCF        R0, 1, 0
;__Lib_MathDouble.c,231 :: 		
0x00FE	0x3601      	RLCF        R1, 1, 0
;__Lib_MathDouble.c,232 :: 		
0x0100	0x3602      	RLCF        R2, 1, 0
;__Lib_MathDouble.c,233 :: 		
0x0102	0x2A0E      	INCF        R14, 1, 0
;__Lib_MathDouble.c,234 :: 		
0x0104	0xBE02      	BTFSC       R2, 7, 0
;__Lib_MathDouble.c,235 :: 		
0x0106	0xF000EF92  	GOTO        TNORMUN4032
;__Lib_MathDouble.c,236 :: 		
0x010A	0x3608      	RLCF        R8, 1, 0
;__Lib_MathDouble.c,237 :: 		
0x010C	0x3600      	RLCF        R0, 1, 0
;__Lib_MathDouble.c,238 :: 		
0x010E	0x3601      	RLCF        R1, 1, 0
;__Lib_MathDouble.c,239 :: 		
0x0110	0x3602      	RLCF        R2, 1, 0
;__Lib_MathDouble.c,240 :: 		
0x0112	0x2A0E      	INCF        R14, 1, 0
;__Lib_MathDouble.c,241 :: 		
0x0114	0xBE02      	BTFSC       R2, 7, 0
;__Lib_MathDouble.c,242 :: 		
0x0116	0xF000EF92  	GOTO        TNORMUN4032
;__Lib_MathDouble.c,243 :: 		
0x011A	0x3608      	RLCF        R8, 1, 0
;__Lib_MathDouble.c,244 :: 		
0x011C	0x3600      	RLCF        R0, 1, 0
;__Lib_MathDouble.c,245 :: 		
0x011E	0x3601      	RLCF        R1, 1, 0
;__Lib_MathDouble.c,246 :: 		
0x0120	0x3602      	RLCF        R2, 1, 0
;__Lib_MathDouble.c,247 :: 		
0x0122	0x2A0E      	INCF        R14, 1, 0
;__Lib_MathDouble.c,249 :: 		
TNORMUN4032:
;__Lib_MathDouble.c,250 :: 		
0x0124	0x500E      	MOVF        R14, 0, 0
;__Lib_MathDouble.c,251 :: 		
0x0126	0x6403      	CPFSGT      R3, 0
;__Lib_MathDouble.c,252 :: 		
0x0128	0xF001EF33  	GOTO        NRM40JPSETFUN32
;__Lib_MathDouble.c,253 :: 		
0x012C	0x5E03      	SUBWF       R3, 1, 0
;__Lib_MathDouble.c,255 :: 		
NRMRND4032:
;__Lib_MathDouble.c,256 :: 		
0x012E	0xBC0B      	BTFSC       R11, 6, 0
;__Lib_MathDouble.c,257 :: 		
0x0130	0xAE08      	BTFSS       R8, 7, 0
;__Lib_MathDouble.c,258 :: 		
0x0132	0xF001EF38  	GOTO        NRM40JPFIXSIGN32
;__Lib_MathDouble.c,259 :: 		
0x0136	0x80D8      	BSF         STATUS, 0, 0
;__Lib_MathDouble.c,260 :: 		
0x0138	0x0E80      	MOVLW       128
;__Lib_MathDouble.c,261 :: 		
0x013A	0x6408      	CPFSGT      R8, 0
;__Lib_MathDouble.c,262 :: 		
0x013C	0x3000      	RRCF        R0, 0, 0
;__Lib_MathDouble.c,263 :: 		
0x013E	0x0E00      	MOVLW       0
;__Lib_MathDouble.c,264 :: 		
0x0140	0x2200      	ADDWFC      R0, 1, 0
;__Lib_MathDouble.c,265 :: 		
0x0142	0x2201      	ADDWFC      R1, 1, 0
;__Lib_MathDouble.c,266 :: 		
0x0144	0x2202      	ADDWFC      R2, 1, 0
;__Lib_MathDouble.c,268 :: 		
0x0146	0xA0D8      	BTFSS       STATUS, 0, 0
;__Lib_MathDouble.c,269 :: 		
0x0148	0xF001EF38  	GOTO        NRM40JPFIXSIGN32
;__Lib_MathDouble.c,270 :: 		
0x014C	0x3202      	RRCF        R2, 1, 0
;__Lib_MathDouble.c,271 :: 		
0x014E	0x3201      	RRCF        R1, 1, 0
;__Lib_MathDouble.c,272 :: 		
0x0150	0x3200      	RRCF        R0, 1, 0
;__Lib_MathDouble.c,273 :: 		
0x0152	0x4A03      	INFSNZ      R3, 1, 0
;__Lib_MathDouble.c,274 :: 		
0x0154	0xF001EF3D  	GOTO        NRM40JPSETFOV32
;__Lib_MathDouble.c,275 :: 		
0x0158	0xF001EF38  	GOTO        NRM40JPFIXSIGN32
;__Lib_MathDouble.c,277 :: 		
NRM4032A:
;__Lib_MathDouble.c,278 :: 		
0x015C	0xF002C001  	MOVFF       R1, R2
;__Lib_MathDouble.c,279 :: 		
0x0160	0xF001C000  	MOVFF       R0, R1
;__Lib_MathDouble.c,280 :: 		
0x0164	0xF000C008  	MOVFF       R8, R0
;__Lib_MathDouble.c,281 :: 		
0x0168	0x6A08      	CLRF        R8, 0
;__Lib_MathDouble.c,282 :: 		
0x016A	0x0E00      	MOVLW       0
;__Lib_MathDouble.c,283 :: 		
0x016C	0x860E      	BSF         R14, 3, 0
;__Lib_MathDouble.c,284 :: 		
0x016E	0x6402      	CPFSGT      R2, 0
;__Lib_MathDouble.c,285 :: 		
0x0170	0xF000EFE5  	GOTO        NRM4032B
;__Lib_MathDouble.c,288 :: 		
0x0174	0x0EF0      	MOVLW       240
;__Lib_MathDouble.c,289 :: 		
0x0176	0x1402      	ANDWF       R2, 0, 0
;__Lib_MathDouble.c,290 :: 		
0x0178	0xA4D8      	BTFSS       STATUS, 2, 0
;__Lib_MathDouble.c,291 :: 		
0x017A	0xF000EFCD  	GOTO        NORM4032A
;__Lib_MathDouble.c,292 :: 		
0x017E	0x3A02      	SWAPF       R2, 1, 0
;__Lib_MathDouble.c,293 :: 		
0x0180	0x3801      	SWAPF       R1, 0, 0
;__Lib_MathDouble.c,294 :: 		
0x0182	0x0B0F      	ANDLW       15
;__Lib_MathDouble.c,295 :: 		
0x0184	0x2602      	ADDWF       R2, 1, 0
;__Lib_MathDouble.c,297 :: 		
0x0186	0x3801      	SWAPF       R1, 0, 0
;__Lib_MathDouble.c,298 :: 		
0x0188	0x0BF0      	ANDLW       240
;__Lib_MathDouble.c,299 :: 		
0x018A	0x6E01      	MOVWF       R1, 0
;__Lib_MathDouble.c,300 :: 		
0x018C	0x3800      	SWAPF       R0, 0, 0
;__Lib_MathDouble.c,301 :: 		
0x018E	0x0B0F      	ANDLW       15
;__Lib_MathDouble.c,302 :: 		
0x0190	0x2601      	ADDWF       R1, 1, 0
;__Lib_MathDouble.c,304 :: 		
0x0192	0x3800      	SWAPF       R0, 0, 0
;__Lib_MathDouble.c,305 :: 		
0x0194	0x0BF0      	ANDLW       240
;__Lib_MathDouble.c,306 :: 		
0x0196	0x6E00      	MOVWF       R0, 0
;__Lib_MathDouble.c,308 :: 		
0x0198	0x840E      	BSF         R14, 2, 0
;__Lib_MathDouble.c,310 :: 		
NORM4032A:
;__Lib_MathDouble.c,311 :: 		
0x019A	0x90D8      	BCF         STATUS, 0, 0
;__Lib_MathDouble.c,313 :: 		
0x019C	0xBE02      	BTFSC       R2, 7, 0
;__Lib_MathDouble.c,314 :: 		
0x019E	0xF000EF92  	GOTO        TNORMUN4032
;__Lib_MathDouble.c,315 :: 		
0x01A2	0x3600      	RLCF        R0, 1, 0
;__Lib_MathDouble.c,316 :: 		
0x01A4	0x3601      	RLCF        R1, 1, 0
;__Lib_MathDouble.c,317 :: 		
0x01A6	0x3602      	RLCF        R2, 1, 0
;__Lib_MathDouble.c,318 :: 		
0x01A8	0x2A0E      	INCF        R14, 1, 0
;__Lib_MathDouble.c,319 :: 		
0x01AA	0xBE02      	BTFSC       R2, 7, 0
;__Lib_MathDouble.c,320 :: 		
0x01AC	0xF000EF92  	GOTO        TNORMUN4032
;__Lib_MathDouble.c,321 :: 		
0x01B0	0x3600      	RLCF        R0, 1, 0
;__Lib_MathDouble.c,322 :: 		
0x01B2	0x3601      	RLCF        R1, 1, 0
;__Lib_MathDouble.c,323 :: 		
0x01B4	0x3602      	RLCF        R2, 1, 0
;__Lib_MathDouble.c,324 :: 		
0x01B6	0x2A0E      	INCF        R14, 1, 0
;__Lib_MathDouble.c,325 :: 		
0x01B8	0xBE02      	BTFSC       R2, 7, 0
;__Lib_MathDouble.c,326 :: 		
0x01BA	0xF000EF92  	GOTO        TNORMUN4032
;__Lib_MathDouble.c,327 :: 		
0x01BE	0x3600      	RLCF        R0, 1, 0
;__Lib_MathDouble.c,328 :: 		
0x01C0	0x3601      	RLCF        R1, 1, 0
;__Lib_MathDouble.c,329 :: 		
0x01C2	0x3602      	RLCF        R2, 1, 0
;__Lib_MathDouble.c,330 :: 		
0x01C4	0x2A0E      	INCF        R14, 1, 0
;__Lib_MathDouble.c,331 :: 		
0x01C6	0xF000EF92  	GOTO        TNORMUN4032
;__Lib_MathDouble.c,333 :: 		
NRM4032B:
;__Lib_MathDouble.c,334 :: 		
0x01CA	0xF002C001  	MOVFF       R1, R2
;__Lib_MathDouble.c,335 :: 		
0x01CE	0xF001C000  	MOVFF       R0, R1
;__Lib_MathDouble.c,336 :: 		
0x01D2	0x6A00      	CLRF        R0, 0
;__Lib_MathDouble.c,337 :: 		
0x01D4	0x0E00      	MOVLW       0
;__Lib_MathDouble.c,338 :: 		
0x01D6	0x960E      	BCF         R14, 3, 0
;__Lib_MathDouble.c,339 :: 		
0x01D8	0x880E      	BSF         R14, 4, 0
;__Lib_MathDouble.c,340 :: 		
0x01DA	0x6402      	CPFSGT      R2, 0
;__Lib_MathDouble.c,341 :: 		
0x01DC	0xF001EF12  	GOTO        NRM4032C
;__Lib_MathDouble.c,344 :: 		
0x01E0	0x0EF0      	MOVLW       240
;__Lib_MathDouble.c,345 :: 		
0x01E2	0x1402      	ANDWF       R2, 0, 0
;__Lib_MathDouble.c,346 :: 		
0x01E4	0xA4D8      	BTFSS       STATUS, 2, 0
;__Lib_MathDouble.c,347 :: 		
0x01E6	0xF000EFFD  	GOTO        NORM4032B
;__Lib_MathDouble.c,349 :: 		
0x01EA	0x3A02      	SWAPF       R2, 1, 0
;__Lib_MathDouble.c,350 :: 		
0x01EC	0x3801      	SWAPF       R1, 0, 0
;__Lib_MathDouble.c,351 :: 		
0x01EE	0x0B0F      	ANDLW       15
;__Lib_MathDouble.c,352 :: 		
0x01F0	0x2602      	ADDWF       R2, 1, 0
;__Lib_MathDouble.c,354 :: 		
0x01F2	0x3801      	SWAPF       R1, 0, 0
;__Lib_MathDouble.c,355 :: 		
0x01F4	0x0BF0      	ANDLW       240
;__Lib_MathDouble.c,356 :: 		
0x01F6	0x6E01      	MOVWF       R1, 0
;__Lib_MathDouble.c,358 :: 		
0x01F8	0x840E      	BSF         R14, 2, 0
;__Lib_MathDouble.c,360 :: 		
NORM4032B:
;__Lib_MathDouble.c,361 :: 		
0x01FA	0x90D8      	BCF         STATUS, 0, 0
;__Lib_MathDouble.c,362 :: 		
0x01FC	0xBE02      	BTFSC       R2, 7, 0
;__Lib_MathDouble.c,363 :: 		
0x01FE	0xF000EF92  	GOTO        TNORMUN4032
;__Lib_MathDouble.c,364 :: 		
0x0202	0x3601      	RLCF        R1, 1, 0
;__Lib_MathDouble.c,365 :: 		
0x0204	0x3602      	RLCF        R2, 1, 0
;__Lib_MathDouble.c,366 :: 		
0x0206	0x2A0E      	INCF        R14, 1, 0
;__Lib_MathDouble.c,367 :: 		
0x0208	0xBE02      	BTFSC       R2, 7, 0
;__Lib_MathDouble.c,368 :: 		
0x020A	0xF000EF92  	GOTO        TNORMUN4032
;__Lib_MathDouble.c,369 :: 		
0x020E	0x3601      	RLCF        R1, 1, 0
;__Lib_MathDouble.c,370 :: 		
0x0210	0x3602      	RLCF        R2, 1, 0
;__Lib_MathDouble.c,371 :: 		
0x0212	0x2A0E      	INCF        R14, 1, 0
;__Lib_MathDouble.c,372 :: 		
0x0214	0xBE02      	BTFSC       R2, 7, 0
;__Lib_MathDouble.c,373 :: 		
0x0216	0xF000EF92  	GOTO        TNORMUN4032
;__Lib_MathDouble.c,374 :: 		
0x021A	0x3601      	RLCF        R1, 1, 0
;__Lib_MathDouble.c,375 :: 		
0x021C	0x3602      	RLCF        R2, 1, 0
;__Lib_MathDouble.c,376 :: 		
0x021E	0x2A0E      	INCF        R14, 1, 0
;__Lib_MathDouble.c,377 :: 		
0x0220	0xF000EF92  	GOTO        TNORMUN4032
;__Lib_MathDouble.c,379 :: 		
NRM4032C:
;__Lib_MathDouble.c,380 :: 		
0x0224	0xF002C001  	MOVFF       R1, R2
;__Lib_MathDouble.c,381 :: 		
0x0228	0x6A01      	CLRF        R1, 0
;__Lib_MathDouble.c,382 :: 		
0x022A	0x0E00      	MOVLW       0
;__Lib_MathDouble.c,383 :: 		
0x022C	0x860E      	BSF         R14, 3, 0
;__Lib_MathDouble.c,384 :: 		
0x022E	0x6402      	CPFSGT      R2, 0
;__Lib_MathDouble.c,385 :: 		
0x0230	0xF001EF42  	GOTO        NRM40JPRES032
;__Lib_MathDouble.c,388 :: 		
0x0234	0x0EF0      	MOVLW       240
;__Lib_MathDouble.c,389 :: 		
0x0236	0x1402      	ANDWF       R2, 0, 0
;__Lib_MathDouble.c,390 :: 		
0x0238	0xA4D8      	BTFSS       STATUS, 2, 0
;__Lib_MathDouble.c,391 :: 		
0x023A	0xF001EF21  	GOTO        NORM4032C
;__Lib_MathDouble.c,392 :: 		
0x023E	0x3A02      	SWAPF       R2, 1, 0
;__Lib_MathDouble.c,394 :: 		
0x0240	0x840E      	BSF         R14, 2, 0
;__Lib_MathDouble.c,396 :: 		
NORM4032C:
;__Lib_MathDouble.c,397 :: 		
0x0242	0x90D8      	BCF         STATUS, 0, 0
;__Lib_MathDouble.c,399 :: 		
0x0244	0xBE02      	BTFSC       R2, 7, 0
;__Lib_MathDouble.c,400 :: 		
0x0246	0xF000EF92  	GOTO        TNORMUN4032
;__Lib_MathDouble.c,401 :: 		
0x024A	0x3602      	RLCF        R2, 1, 0
;__Lib_MathDouble.c,402 :: 		
0x024C	0x2A0E      	INCF        R14, 1, 0
;__Lib_MathDouble.c,403 :: 		
0x024E	0xBE02      	BTFSC       R2, 7, 0
;__Lib_MathDouble.c,404 :: 		
0x0250	0xF000EF92  	GOTO        TNORMUN4032
;__Lib_MathDouble.c,405 :: 		
0x0254	0x3602      	RLCF        R2, 1, 0
;__Lib_MathDouble.c,406 :: 		
0x0256	0x2A0E      	INCF        R14, 1, 0
;__Lib_MathDouble.c,407 :: 		
0x0258	0xBE02      	BTFSC       R2, 7, 0
;__Lib_MathDouble.c,408 :: 		
0x025A	0xF000EF92  	GOTO        TNORMUN4032
;__Lib_MathDouble.c,409 :: 		
0x025E	0x3602      	RLCF        R2, 1, 0
;__Lib_MathDouble.c,410 :: 		
0x0260	0x2A0E      	INCF        R14, 1, 0
;__Lib_MathDouble.c,411 :: 		
0x0262	0xF000EF92  	GOTO        TNORMUN4032
;__Lib_MathDouble.c,413 :: 		
NRM40JPSETFUN32:
;__Lib_MathDouble.c,414 :: 		
0x0266	0x0E01      	MOVLW       1
;__Lib_MathDouble.c,415 :: 		
0x0268	0x6E0C      	MOVWF       R12, 0
;__Lib_MathDouble.c,417 :: 		
0x026A	0xDEFF      	RCALL       _SETFUN32
;__Lib_MathDouble.c,419 :: 		
0x026C	0xF001EF45  	GOTO        NRM40EEE
;__Lib_MathDouble.c,420 :: 		
NRM40JPFIXSIGN32:
;__Lib_MathDouble.c,421 :: 		
0x0270	0x0E02      	MOVLW       2
;__Lib_MathDouble.c,422 :: 		
0x0272	0x6E0C      	MOVWF       R12, 0
;__Lib_MathDouble.c,424 :: 		
0x0274	0xDEF6      	RCALL       _FIXSIGN32
;__Lib_MathDouble.c,426 :: 		
0x0276	0xF001EF45  	GOTO        NRM40EEE
;__Lib_MathDouble.c,427 :: 		
NRM40JPSETFOV32:
;__Lib_MathDouble.c,428 :: 		
0x027A	0x0E04      	MOVLW       4
;__Lib_MathDouble.c,429 :: 		
0x027C	0x6E0C      	MOVWF       R12, 0
;__Lib_MathDouble.c,431 :: 		
0x027E	0xDF09      	RCALL       _SETFOV32
;__Lib_MathDouble.c,433 :: 		
0x0280	0xF001EF45  	GOTO        NRM40EEE
;__Lib_MathDouble.c,434 :: 		
NRM40JPRES032:
;__Lib_MathDouble.c,435 :: 		
0x0284	0x0E08      	MOVLW       8
;__Lib_MathDouble.c,436 :: 		
0x0286	0x6E0C      	MOVWF       R12, 0
;__Lib_MathDouble.c,438 :: 		
0x0288	0xDEFD      	RCALL       _RES032
;__Lib_MathDouble.c,440 :: 		
NRM40EEE:
;__Lib_MathDouble.c,448 :: 		
L_end_NRM4032:
0x028A	0x0012      	RETURN      0
; end of _NRM4032
___CC2DW:
;__Lib_System.c,21 :: 		
;__Lib_System.c,23 :: 		
_CC2DL_Loop1:
;__Lib_System.c,24 :: 		
0x028C	0x0009      	TBLRD*+
;__Lib_System.c,25 :: 		
0x028E	0xFFE6CFF5  	MOVFF       TABLAT, POSTINC1
;__Lib_System.c,26 :: 		
0x0292	0x0600      	DECF        R0, 1, 0
;__Lib_System.c,27 :: 		
0x0294	0xE1FB      	BNZ         _CC2DL_Loop1
;__Lib_System.c,28 :: 		
0x0296	0x0601      	DECF        R1, 1, 0
;__Lib_System.c,29 :: 		
0x0298	0xE1F9      	BNZ         _CC2DL_Loop1
;__Lib_System.c,31 :: 		
L_end___CC2DW:
0x029A	0x0012      	RETURN      0
; end of ___CC2DW
_Add_32x32_FP:
;__Lib_MathDouble.c,563 :: 		
;__Lib_MathDouble.c,578 :: 		
0x029C	0x5002      	MOVF        R2, 0, 0
;__Lib_MathDouble.c,579 :: 		
0x029E	0x1806      	XORWF       R6, 0, 0
;__Lib_MathDouble.c,580 :: 		
0x02A0	0x6E0E      	MOVWF       R14, 0
;__Lib_MathDouble.c,582 :: 		
0x02A2	0x6A08      	CLRF        R8, 0
;__Lib_MathDouble.c,583 :: 		
0x02A4	0x6A09      	CLRF        R9, 0
;__Lib_MathDouble.c,584 :: 		
0x02A6	0x6A0B      	CLRF        R11, 0
;__Lib_MathDouble.c,586 :: 		
0x02A8	0x5003      	MOVF        R3, 0, 0
;__Lib_MathDouble.c,587 :: 		
0x02AA	0x6407      	CPFSGT      R7, 0
;__Lib_MathDouble.c,588 :: 		
0x02AC	0xF002EF41  	GOTO        USEA32
;__Lib_MathDouble.c,591 :: 		
0x02B0	0x5006      	MOVF        R6, 0, 0
;__Lib_MathDouble.c,592 :: 		
0x02B2	0x6E0A      	MOVWF       R10, 0
;__Lib_MathDouble.c,593 :: 		
0x02B4	0x8E06      	BSF         R6, 7, 0
;__Lib_MathDouble.c,594 :: 		
0x02B6	0x8E02      	BSF         R2, 7, 0
;__Lib_MathDouble.c,596 :: 		
0x02B8	0x5003      	MOVF        R3, 0, 0
;__Lib_MathDouble.c,597 :: 		
0x02BA	0x6E0B      	MOVWF       R11, 0
;__Lib_MathDouble.c,598 :: 		
0x02BC	0x5007      	MOVF        R7, 0, 0
;__Lib_MathDouble.c,599 :: 		
0x02BE	0x6E03      	MOVWF       R3, 0
;__Lib_MathDouble.c,601 :: 		
0x02C0	0x0E00      	MOVLW       0
;__Lib_MathDouble.c,602 :: 		
0x02C2	0x640B      	CPFSGT      R11, 0
;__Lib_MathDouble.c,603 :: 		
0x02C4	0xF001EF91  	GOTO        BRETURN32
;__Lib_MathDouble.c,604 :: 		
0x02C8	0x500B      	MOVF        R11, 0, 0
;__Lib_MathDouble.c,605 :: 		
0x02CA	0x5E07      	SUBWF       R7, 1, 0
;__Lib_MathDouble.c,606 :: 		
0x02CC	0xB4D8      	BTFSC       STATUS, 2, 0
;__Lib_MathDouble.c,607 :: 		
0x02CE	0xF002EF32  	GOTO        BLIGNED32
;__Lib_MathDouble.c,609 :: 		
0x02D2	0x0E07      	MOVLW       7
;__Lib_MathDouble.c,610 :: 		
0x02D4	0x6407      	CPFSGT      R7, 0
;__Lib_MathDouble.c,611 :: 		
0x02D6	0xF002EF00  	GOTO        BNIB32
;__Lib_MathDouble.c,613 :: 		
0x02DA	0x5E07      	SUBWF       R7, 1, 0
;__Lib_MathDouble.c,614 :: 		
0x02DC	0xF008C000  	MOVFF       R0, R8
;__Lib_MathDouble.c,615 :: 		
0x02E0	0xF000C001  	MOVFF       R1, R0
;__Lib_MathDouble.c,616 :: 		
0x02E4	0xF001C002  	MOVFF       R2, R1
;__Lib_MathDouble.c,617 :: 		
0x02E8	0x6A02      	CLRF        R2, 0
;__Lib_MathDouble.c,618 :: 		
0x02EA	0x4E07      	DCFSNZ      R7, 1, 0
;__Lib_MathDouble.c,619 :: 		
0x02EC	0xF002EF32  	GOTO        BLIGNED32
;__Lib_MathDouble.c,621 :: 		
0x02F0	0x6407      	CPFSGT      R7, 0
;__Lib_MathDouble.c,622 :: 		
0x02F2	0xF001EFD5  	GOTO        BNIB32A
;__Lib_MathDouble.c,623 :: 		
0x02F6	0x5E07      	SUBWF       R7, 1, 0
;__Lib_MathDouble.c,624 :: 		
0x02F8	0xF008C000  	MOVFF       R0, R8
;__Lib_MathDouble.c,625 :: 		
0x02FC	0xF000C001  	MOVFF       R1, R0
;__Lib_MathDouble.c,626 :: 		
0x0300	0x6A01      	CLRF        R1, 0
;__Lib_MathDouble.c,627 :: 		
0x0302	0x4E07      	DCFSNZ      R7, 1, 0
;__Lib_MathDouble.c,628 :: 		
0x0304	0xF002EF32  	GOTO        BLIGNED32
;__Lib_MathDouble.c,630 :: 		
0x0308	0x6407      	CPFSGT      R7, 0
;__Lib_MathDouble.c,631 :: 		
0x030A	0xF001EFB3  	GOTO        BNIB32B
;__Lib_MathDouble.c,632 :: 		
0x030E	0x5E07      	SUBWF       R7, 1, 0
;__Lib_MathDouble.c,633 :: 		
0x0310	0xF008C000  	MOVFF       R0, R8
;__Lib_MathDouble.c,634 :: 		
0x0314	0x6A00      	CLRF        R0, 0
;__Lib_MathDouble.c,635 :: 		
0x0316	0x4E07      	DCFSNZ      R7, 1, 0
;__Lib_MathDouble.c,636 :: 		
0x0318	0xF002EF32  	GOTO        BLIGNED32
;__Lib_MathDouble.c,638 :: 		
0x031C	0x6407      	CPFSGT      R7, 0
;__Lib_MathDouble.c,639 :: 		
0x031E	0xF001EF9A  	GOTO        BNIB32C
;__Lib_MathDouble.c,641 :: 		
BRETURN32:
;__Lib_MathDouble.c,642 :: 		
0x0322	0xF002C00A  	MOVFF       R10, R2
;__Lib_MathDouble.c,643 :: 		
0x0326	0xF001C005  	MOVFF       R5, R1
;__Lib_MathDouble.c,644 :: 		
0x032A	0xF000C004  	MOVFF       R4, R0
;__Lib_MathDouble.c,645 :: 		
0x032E	0x6A08      	CLRF        R8, 0
;__Lib_MathDouble.c,646 :: 		
0x0330	0xF003EF5B  	GOTO        ADDEOK
;__Lib_MathDouble.c,648 :: 		
BNIB32C:
;__Lib_MathDouble.c,649 :: 		
0x0334	0x0E03      	MOVLW       3
;__Lib_MathDouble.c,650 :: 		
0x0336	0x6407      	CPFSGT      R7, 0
;__Lib_MathDouble.c,651 :: 		
0x0338	0xF001EFA5  	GOTO        BLOOP32C
;__Lib_MathDouble.c,652 :: 		
0x033C	0x5E07      	SUBWF       R7, 1, 0
;__Lib_MathDouble.c,653 :: 		
0x033E	0x3808      	SWAPF       R8, 0, 0
;__Lib_MathDouble.c,654 :: 		
0x0340	0x0B0F      	ANDLW       15
;__Lib_MathDouble.c,655 :: 		
0x0342	0x6E08      	MOVWF       R8, 0
;__Lib_MathDouble.c,656 :: 		
0x0344	0x4E07      	DCFSNZ      R7, 1, 0
;__Lib_MathDouble.c,657 :: 		
0x0346	0xF002EF32  	GOTO        BLIGNED32
;__Lib_MathDouble.c,659 :: 		
BLOOP32C:
;__Lib_MathDouble.c,660 :: 		
0x034A	0x90D8      	BCF         STATUS, 0, 0
;__Lib_MathDouble.c,661 :: 		
0x034C	0x3208      	RRCF        R8, 1, 0
;__Lib_MathDouble.c,662 :: 		
0x034E	0x4E07      	DCFSNZ      R7, 1, 0
;__Lib_MathDouble.c,663 :: 		
0x0350	0xF002EF32  	GOTO        BLIGNED32
;__Lib_MathDouble.c,664 :: 		
0x0354	0x90D8      	BCF         STATUS, 0, 0
;__Lib_MathDouble.c,665 :: 		
0x0356	0x3208      	RRCF        R8, 1, 0
;__Lib_MathDouble.c,666 :: 		
0x0358	0x4E07      	DCFSNZ      R7, 1, 0
;__Lib_MathDouble.c,667 :: 		
0x035A	0xF002EF32  	GOTO        BLIGNED32
;__Lib_MathDouble.c,668 :: 		
0x035E	0x90D8      	BCF         STATUS, 0, 0
;__Lib_MathDouble.c,669 :: 		
0x0360	0x3208      	RRCF        R8, 1, 0
;__Lib_MathDouble.c,670 :: 		
0x0362	0xF002EF32  	GOTO        BLIGNED32
;__Lib_MathDouble.c,672 :: 		
BNIB32B:
;__Lib_MathDouble.c,673 :: 		
0x0366	0x0E03      	MOVLW       3
;__Lib_MathDouble.c,674 :: 		
0x0368	0x6407      	CPFSGT      R7, 0
;__Lib_MathDouble.c,675 :: 		
0x036A	0xF001EFC4  	GOTO        BLOOP32B
;__Lib_MathDouble.c,676 :: 		
0x036E	0x5E07      	SUBWF       R7, 1, 0
;__Lib_MathDouble.c,677 :: 		
0x0370	0x3808      	SWAPF       R8, 0, 0
;__Lib_MathDouble.c,678 :: 		
0x0372	0x0B0F      	ANDLW       15
;__Lib_MathDouble.c,679 :: 		
0x0374	0x6E08      	MOVWF       R8, 0
;__Lib_MathDouble.c,680 :: 		
0x0376	0x3800      	SWAPF       R0, 0, 0
;__Lib_MathDouble.c,681 :: 		
0x0378	0x0BF0      	ANDLW       240
;__Lib_MathDouble.c,682 :: 		
0x037A	0x2608      	ADDWF       R8, 1, 0
;__Lib_MathDouble.c,683 :: 		
0x037C	0x3800      	SWAPF       R0, 0, 0
;__Lib_MathDouble.c,684 :: 		
0x037E	0x0B0F      	ANDLW       15
;__Lib_MathDouble.c,685 :: 		
0x0380	0x6E00      	MOVWF       R0, 0
;__Lib_MathDouble.c,686 :: 		
0x0382	0x4E07      	DCFSNZ      R7, 1, 0
;__Lib_MathDouble.c,687 :: 		
0x0384	0xF002EF32  	GOTO        BLIGNED32
;__Lib_MathDouble.c,689 :: 		
BLOOP32B:
;__Lib_MathDouble.c,690 :: 		
0x0388	0x90D8      	BCF         STATUS, 0, 0
;__Lib_MathDouble.c,691 :: 		
0x038A	0x3200      	RRCF        R0, 1, 0
;__Lib_MathDouble.c,692 :: 		
0x038C	0x3208      	RRCF        R8, 1, 0
;__Lib_MathDouble.c,693 :: 		
0x038E	0x4E07      	DCFSNZ      R7, 1, 0
;__Lib_MathDouble.c,694 :: 		
0x0390	0xF002EF32  	GOTO        BLIGNED32
;__Lib_MathDouble.c,695 :: 		
0x0394	0x90D8      	BCF         STATUS, 0, 0
;__Lib_MathDouble.c,696 :: 		
0x0396	0x3200      	RRCF        R0, 1, 0
;__Lib_MathDouble.c,697 :: 		
0x0398	0x3208      	RRCF        R8, 1, 0
;__Lib_MathDouble.c,698 :: 		
0x039A	0x4E07      	DCFSNZ      R7, 1, 0
;__Lib_MathDouble.c,699 :: 		
0x039C	0xF002EF32  	GOTO        BLIGNED32
;__Lib_MathDouble.c,700 :: 		
0x03A0	0x90D8      	BCF         STATUS, 0, 0
;__Lib_MathDouble.c,701 :: 		
0x03A2	0x3200      	RRCF        R0, 1, 0
;__Lib_MathDouble.c,702 :: 		
0x03A4	0x3208      	RRCF        R8, 1, 0
;__Lib_MathDouble.c,703 :: 		
0x03A6	0xF002EF32  	GOTO        BLIGNED32
;__Lib_MathDouble.c,705 :: 		
BNIB32A:
;__Lib_MathDouble.c,706 :: 		
0x03AA	0x0E03      	MOVLW       3
;__Lib_MathDouble.c,707 :: 		
0x03AC	0x6407      	CPFSGT      R7, 0
;__Lib_MathDouble.c,708 :: 		
0x03AE	0xF001EFEC  	GOTO        BLOOP32A
;__Lib_MathDouble.c,709 :: 		
0x03B2	0x5E07      	SUBWF       R7, 1, 0
;__Lib_MathDouble.c,710 :: 		
0x03B4	0x3808      	SWAPF       R8, 0, 0
;__Lib_MathDouble.c,711 :: 		
0x03B6	0x0B0F      	ANDLW       15
;__Lib_MathDouble.c,712 :: 		
0x03B8	0x6E08      	MOVWF       R8, 0
;__Lib_MathDouble.c,713 :: 		
0x03BA	0x3800      	SWAPF       R0, 0, 0
;__Lib_MathDouble.c,714 :: 		
0x03BC	0x0BF0      	ANDLW       240
;__Lib_MathDouble.c,715 :: 		
0x03BE	0x2608      	ADDWF       R8, 1, 0
;__Lib_MathDouble.c,716 :: 		
0x03C0	0x3800      	SWAPF       R0, 0, 0
;__Lib_MathDouble.c,717 :: 		
0x03C2	0x0B0F      	ANDLW       15
;__Lib_MathDouble.c,718 :: 		
0x03C4	0x6E00      	MOVWF       R0, 0
;__Lib_MathDouble.c,719 :: 		
0x03C6	0x3801      	SWAPF       R1, 0, 0
;__Lib_MathDouble.c,720 :: 		
0x03C8	0x0BF0      	ANDLW       240
;__Lib_MathDouble.c,721 :: 		
0x03CA	0x2600      	ADDWF       R0, 1, 0
;__Lib_MathDouble.c,722 :: 		
0x03CC	0x3801      	SWAPF       R1, 0, 0
;__Lib_MathDouble.c,723 :: 		
0x03CE	0x0B0F      	ANDLW       15
;__Lib_MathDouble.c,724 :: 		
0x03D0	0x6E01      	MOVWF       R1, 0
;__Lib_MathDouble.c,725 :: 		
0x03D2	0x4E07      	DCFSNZ      R7, 1, 0
;__Lib_MathDouble.c,726 :: 		
0x03D4	0xF002EF32  	GOTO        BLIGNED32
;__Lib_MathDouble.c,728 :: 		
BLOOP32A:
;__Lib_MathDouble.c,729 :: 		
0x03D8	0x90D8      	BCF         STATUS, 0, 0
;__Lib_MathDouble.c,730 :: 		
0x03DA	0x3201      	RRCF        R1, 1, 0
;__Lib_MathDouble.c,731 :: 		
0x03DC	0x3200      	RRCF        R0, 1, 0
;__Lib_MathDouble.c,732 :: 		
0x03DE	0x3208      	RRCF        R8, 1, 0
;__Lib_MathDouble.c,733 :: 		
0x03E0	0x4E07      	DCFSNZ      R7, 1, 0
;__Lib_MathDouble.c,734 :: 		
0x03E2	0xF002EF32  	GOTO        BLIGNED32
;__Lib_MathDouble.c,735 :: 		
0x03E6	0x90D8      	BCF         STATUS, 0, 0
;__Lib_MathDouble.c,736 :: 		
0x03E8	0x3201      	RRCF        R1, 1, 0
;__Lib_MathDouble.c,737 :: 		
0x03EA	0x3200      	RRCF        R0, 1, 0
;__Lib_MathDouble.c,738 :: 		
0x03EC	0x3208      	RRCF        R8, 1, 0
;__Lib_MathDouble.c,739 :: 		
0x03EE	0x4E07      	DCFSNZ      R7, 1, 0
;__Lib_MathDouble.c,740 :: 		
0x03F0	0xF002EF32  	GOTO        BLIGNED32
;__Lib_MathDouble.c,741 :: 		
0x03F4	0x90D8      	BCF         STATUS, 0, 0
;__Lib_MathDouble.c,742 :: 		
0x03F6	0x3201      	RRCF        R1, 1, 0
;__Lib_MathDouble.c,743 :: 		
0x03F8	0x3200      	RRCF        R0, 1, 0
;__Lib_MathDouble.c,744 :: 		
0x03FA	0x3208      	RRCF        R8, 1, 0
;__Lib_MathDouble.c,745 :: 		
0x03FC	0xF002EF32  	GOTO        BLIGNED32
;__Lib_MathDouble.c,747 :: 		
BNIB32:
;__Lib_MathDouble.c,748 :: 		
0x0400	0x0E03      	MOVLW       3
;__Lib_MathDouble.c,749 :: 		
0x0402	0x6407      	CPFSGT      R7, 0
;__Lib_MathDouble.c,750 :: 		
0x0404	0xF002EF1D  	GOTO        BLOOP32
;__Lib_MathDouble.c,751 :: 		
0x0408	0x5E07      	SUBWF       R7, 1, 0
;__Lib_MathDouble.c,752 :: 		
0x040A	0x3808      	SWAPF       R8, 0, 0
;__Lib_MathDouble.c,753 :: 		
0x040C	0x0B0F      	ANDLW       15
;__Lib_MathDouble.c,754 :: 		
0x040E	0x6E08      	MOVWF       R8, 0
;__Lib_MathDouble.c,755 :: 		
0x0410	0x3800      	SWAPF       R0, 0, 0
;__Lib_MathDouble.c,756 :: 		
0x0412	0x0BF0      	ANDLW       240
;__Lib_MathDouble.c,757 :: 		
0x0414	0x2608      	ADDWF       R8, 1, 0
;__Lib_MathDouble.c,758 :: 		
0x0416	0x3800      	SWAPF       R0, 0, 0
;__Lib_MathDouble.c,759 :: 		
0x0418	0x0B0F      	ANDLW       15
;__Lib_MathDouble.c,760 :: 		
0x041A	0x6E00      	MOVWF       R0, 0
;__Lib_MathDouble.c,761 :: 		
0x041C	0x3801      	SWAPF       R1, 0, 0
;__Lib_MathDouble.c,762 :: 		
0x041E	0x0BF0      	ANDLW       240
;__Lib_MathDouble.c,763 :: 		
0x0420	0x2600      	ADDWF       R0, 1, 0
;__Lib_MathDouble.c,764 :: 		
0x0422	0x3801      	SWAPF       R1, 0, 0
;__Lib_MathDouble.c,765 :: 		
0x0424	0x0B0F      	ANDLW       15
;__Lib_MathDouble.c,766 :: 		
0x0426	0x6E01      	MOVWF       R1, 0
;__Lib_MathDouble.c,767 :: 		
0x0428	0x3802      	SWAPF       R2, 0, 0
;__Lib_MathDouble.c,768 :: 		
0x042A	0x0BF0      	ANDLW       240
;__Lib_MathDouble.c,769 :: 		
0x042C	0x2601      	ADDWF       R1, 1, 0
;__Lib_MathDouble.c,770 :: 		
0x042E	0x3802      	SWAPF       R2, 0, 0
;__Lib_MathDouble.c,771 :: 		
0x0430	0x0B0F      	ANDLW       15
;__Lib_MathDouble.c,772 :: 		
0x0432	0x6E02      	MOVWF       R2, 0
;__Lib_MathDouble.c,773 :: 		
0x0434	0x4E07      	DCFSNZ      R7, 1, 0
;__Lib_MathDouble.c,774 :: 		
0x0436	0xF002EF32  	GOTO        BLIGNED32
;__Lib_MathDouble.c,776 :: 		
BLOOP32:
;__Lib_MathDouble.c,777 :: 		
0x043A	0x90D8      	BCF         STATUS, 0, 0
;__Lib_MathDouble.c,778 :: 		
0x043C	0x3202      	RRCF        R2, 1, 0
;__Lib_MathDouble.c,779 :: 		
0x043E	0x3201      	RRCF        R1, 1, 0
;__Lib_MathDouble.c,780 :: 		
0x0440	0x3200      	RRCF        R0, 1, 0
;__Lib_MathDouble.c,781 :: 		
0x0442	0x3208      	RRCF        R8, 1, 0
;__Lib_MathDouble.c,782 :: 		
0x0444	0x4E07      	DCFSNZ      R7, 1, 0
;__Lib_MathDouble.c,783 :: 		
0x0446	0xF002EF32  	GOTO        BLIGNED32
;__Lib_MathDouble.c,784 :: 		
0x044A	0x90D8      	BCF         STATUS, 0, 0
;__Lib_MathDouble.c,785 :: 		
0x044C	0x3202      	RRCF        R2, 1, 0
;__Lib_MathDouble.c,786 :: 		
0x044E	0x3201      	RRCF        R1, 1, 0
;__Lib_MathDouble.c,787 :: 		
0x0450	0x3200      	RRCF        R0, 1, 0
;__Lib_MathDouble.c,788 :: 		
0x0452	0x3208      	RRCF        R8, 1, 0
;__Lib_MathDouble.c,789 :: 		
0x0454	0x4E07      	DCFSNZ      R7, 1, 0
;__Lib_MathDouble.c,790 :: 		
0x0456	0xF002EF32  	GOTO        BLIGNED32
;__Lib_MathDouble.c,791 :: 		
0x045A	0x90D8      	BCF         STATUS, 0, 0
;__Lib_MathDouble.c,792 :: 		
0x045C	0x3202      	RRCF        R2, 1, 0
;__Lib_MathDouble.c,793 :: 		
0x045E	0x3201      	RRCF        R1, 1, 0
;__Lib_MathDouble.c,794 :: 		
0x0460	0x3200      	RRCF        R0, 1, 0
;__Lib_MathDouble.c,795 :: 		
0x0462	0x3208      	RRCF        R8, 1, 0
;__Lib_MathDouble.c,797 :: 		
BLIGNED32:
;__Lib_MathDouble.c,798 :: 		
0x0464	0x6A09      	CLRF        R9, 0
;__Lib_MathDouble.c,799 :: 		
0x0466	0x0E00      	MOVLW       0
;__Lib_MathDouble.c,800 :: 		
0x0468	0xAE0E      	BTFSS       R14, 7, 0
;__Lib_MathDouble.c,801 :: 		
0x046A	0xF003EF26  	GOTO        AOK32
;__Lib_MathDouble.c,802 :: 		
0x046E	0x1E08      	COMF        R8, 1, 0
;__Lib_MathDouble.c,803 :: 		
0x0470	0x1E00      	COMF        R0, 1, 0
;__Lib_MathDouble.c,804 :: 		
0x0472	0x1E01      	COMF        R1, 1, 0
;__Lib_MathDouble.c,805 :: 		
0x0474	0x1E02      	COMF        R2, 1, 0
;__Lib_MathDouble.c,806 :: 		
0x0476	0x2A08      	INCF        R8, 1, 0
;__Lib_MathDouble.c,807 :: 		
0x0478	0x2200      	ADDWFC      R0, 1, 0
;__Lib_MathDouble.c,808 :: 		
0x047A	0x2201      	ADDWFC      R1, 1, 0
;__Lib_MathDouble.c,809 :: 		
0x047C	0x2202      	ADDWFC      R2, 1, 0
;__Lib_MathDouble.c,810 :: 		
0x047E	0xF003EF26  	GOTO        AOK32
;__Lib_MathDouble.c,812 :: 		
USEA32:
;__Lib_MathDouble.c,813 :: 		
0x0482	0x5007      	MOVF        R7, 0, 0
;__Lib_MathDouble.c,814 :: 		
0x0484	0xA4D8      	BTFSS       STATUS, 2, 0
;__Lib_MathDouble.c,815 :: 		
0x0486	0xF002EF47  	GOTO        BNE032
;__Lib_MathDouble.c,816 :: 		
0x048A	0xF003EF5B  	GOTO        ADDEOK
;__Lib_MathDouble.c,818 :: 		
BNE032:
;__Lib_MathDouble.c,819 :: 		
0x048E	0x6A09      	CLRF        R9, 0
;__Lib_MathDouble.c,820 :: 		
0x0490	0xF00AC002  	MOVFF       R2, R10
;__Lib_MathDouble.c,821 :: 		
0x0494	0x8E02      	BSF         R2, 7, 0
;__Lib_MathDouble.c,822 :: 		
0x0496	0x8E06      	BSF         R6, 7, 0
;__Lib_MathDouble.c,824 :: 		
0x0498	0x5007      	MOVF        R7, 0, 0
;__Lib_MathDouble.c,825 :: 		
0x049A	0x5C03      	SUBWF       R3, 0, 0
;__Lib_MathDouble.c,826 :: 		
0x049C	0x6E07      	MOVWF       R7, 0
;__Lib_MathDouble.c,827 :: 		
0x049E	0xB4D8      	BTFSC       STATUS, 2, 0
;__Lib_MathDouble.c,828 :: 		
0x04A0	0xF003EF19  	GOTO        ALIGNED32
;__Lib_MathDouble.c,830 :: 		
0x04A4	0x0E07      	MOVLW       7
;__Lib_MathDouble.c,831 :: 		
0x04A6	0x6407      	CPFSGT      R7, 0
;__Lib_MathDouble.c,832 :: 		
0x04A8	0xF002EFE7  	GOTO        ANIB32
;__Lib_MathDouble.c,833 :: 		
0x04AC	0x5E07      	SUBWF       R7, 1, 0
;__Lib_MathDouble.c,834 :: 		
0x04AE	0x5004      	MOVF        R4, 0, 0
;__Lib_MathDouble.c,835 :: 		
0x04B0	0x6E09      	MOVWF       R9, 0
;__Lib_MathDouble.c,836 :: 		
0x04B2	0x5005      	MOVF        R5, 0, 0
;__Lib_MathDouble.c,837 :: 		
0x04B4	0x6E04      	MOVWF       R4, 0
;__Lib_MathDouble.c,838 :: 		
0x04B6	0x5006      	MOVF        R6, 0, 0
;__Lib_MathDouble.c,839 :: 		
0x04B8	0x6E05      	MOVWF       R5, 0
;__Lib_MathDouble.c,840 :: 		
0x04BA	0x6A06      	CLRF        R6, 0
;__Lib_MathDouble.c,841 :: 		
0x04BC	0x4E07      	DCFSNZ      R7, 1, 0
;__Lib_MathDouble.c,842 :: 		
0x04BE	0xF003EF19  	GOTO        ALIGNED32
;__Lib_MathDouble.c,844 :: 		
0x04C2	0x0E07      	MOVLW       7
;__Lib_MathDouble.c,845 :: 		
0x04C4	0x6407      	CPFSGT      R7, 0
;__Lib_MathDouble.c,846 :: 		
0x04C6	0xF002EFBC  	GOTO        ANIB32A
;__Lib_MathDouble.c,847 :: 		
0x04CA	0x5E07      	SUBWF       R7, 1, 0
;__Lib_MathDouble.c,848 :: 		
0x04CC	0x5004      	MOVF        R4, 0, 0
;__Lib_MathDouble.c,849 :: 		
0x04CE	0x6E09      	MOVWF       R9, 0
;__Lib_MathDouble.c,850 :: 		
0x04D0	0x5005      	MOVF        R5, 0, 0
;__Lib_MathDouble.c,851 :: 		
0x04D2	0x6E04      	MOVWF       R4, 0
;__Lib_MathDouble.c,852 :: 		
0x04D4	0x6A05      	CLRF        R5, 0
;__Lib_MathDouble.c,853 :: 		
0x04D6	0x4E07      	DCFSNZ      R7, 1, 0
;__Lib_MathDouble.c,854 :: 		
0x04D8	0xF003EF19  	GOTO        ALIGNED32
;__Lib_MathDouble.c,856 :: 		
0x04DC	0x0E07      	MOVLW       7
;__Lib_MathDouble.c,857 :: 		
0x04DE	0x6407      	CPFSGT      R7, 0
;__Lib_MathDouble.c,858 :: 		
0x04E0	0xF002EF9A  	GOTO        ANIB32B
;__Lib_MathDouble.c,859 :: 		
0x04E4	0x5E07      	SUBWF       R7, 1, 0
;__Lib_MathDouble.c,860 :: 		
0x04E6	0x5004      	MOVF        R4, 0, 0
;__Lib_MathDouble.c,861 :: 		
0x04E8	0x6E09      	MOVWF       R9, 0
;__Lib_MathDouble.c,862 :: 		
0x04EA	0x6A04      	CLRF        R4, 0
;__Lib_MathDouble.c,863 :: 		
0x04EC	0x4E07      	DCFSNZ      R7, 1, 0
;__Lib_MathDouble.c,864 :: 		
0x04EE	0xF003EF19  	GOTO        ALIGNED32
;__Lib_MathDouble.c,866 :: 		
0x04F2	0x0E07      	MOVLW       7
;__Lib_MathDouble.c,867 :: 		
0x04F4	0x6407      	CPFSGT      R7, 0
;__Lib_MathDouble.c,868 :: 		
0x04F6	0xF002EF81  	GOTO        ANIB32C
;__Lib_MathDouble.c,870 :: 		
0x04FA	0xF002C00A  	MOVFF       R10, R2
;__Lib_MathDouble.c,871 :: 		
0x04FE	0xF003EF5B  	GOTO        ADDEOK
;__Lib_MathDouble.c,873 :: 		
ANIB32C:
;__Lib_MathDouble.c,874 :: 		
0x0502	0x0E03      	MOVLW       3
;__Lib_MathDouble.c,875 :: 		
0x0504	0x6407      	CPFSGT      R7, 0
;__Lib_MathDouble.c,876 :: 		
0x0506	0xF002EF8C  	GOTO        ALOOP32C
;__Lib_MathDouble.c,877 :: 		
0x050A	0x5E07      	SUBWF       R7, 1, 0
;__Lib_MathDouble.c,878 :: 		
0x050C	0x3809      	SWAPF       R9, 0, 0
;__Lib_MathDouble.c,879 :: 		
0x050E	0x0B0F      	ANDLW       15
;__Lib_MathDouble.c,880 :: 		
0x0510	0x6E09      	MOVWF       R9, 0
;__Lib_MathDouble.c,881 :: 		
0x0512	0x4E07      	DCFSNZ      R7, 1, 0
;__Lib_MathDouble.c,882 :: 		
0x0514	0xF003EF19  	GOTO        ALIGNED32
;__Lib_MathDouble.c,884 :: 		
ALOOP32C:
;__Lib_MathDouble.c,885 :: 		
0x0518	0x90D8      	BCF         STATUS, 0, 0
;__Lib_MathDouble.c,886 :: 		
0x051A	0x3209      	RRCF        R9, 1, 0
;__Lib_MathDouble.c,887 :: 		
0x051C	0x4E07      	DCFSNZ      R7, 1, 0
;__Lib_MathDouble.c,888 :: 		
0x051E	0xF003EF19  	GOTO        ALIGNED32
;__Lib_MathDouble.c,889 :: 		
0x0522	0x90D8      	BCF         STATUS, 0, 0
;__Lib_MathDouble.c,890 :: 		
0x0524	0x3209      	RRCF        R9, 1, 0
;__Lib_MathDouble.c,891 :: 		
0x0526	0x4E07      	DCFSNZ      R7, 1, 0
;__Lib_MathDouble.c,892 :: 		
0x0528	0xF003EF19  	GOTO        ALIGNED32
;__Lib_MathDouble.c,893 :: 		
0x052C	0x90D8      	BCF         STATUS, 0, 0
;__Lib_MathDouble.c,894 :: 		
0x052E	0x3209      	RRCF        R9, 1, 0
;__Lib_MathDouble.c,895 :: 		
0x0530	0xF003EF19  	GOTO        ALIGNED32
;__Lib_MathDouble.c,897 :: 		
ANIB32B:
;__Lib_MathDouble.c,898 :: 		
0x0534	0x0E03      	MOVLW       3
;__Lib_MathDouble.c,899 :: 		
0x0536	0x6407      	CPFSGT      R7, 0
;__Lib_MathDouble.c,900 :: 		
0x0538	0xF002EFAB  	GOTO        ALOOP32B
;__Lib_MathDouble.c,901 :: 		
0x053C	0x5E07      	SUBWF       R7, 1, 0
;__Lib_MathDouble.c,902 :: 		
0x053E	0x3809      	SWAPF       R9, 0, 0
;__Lib_MathDouble.c,903 :: 		
0x0540	0x0B0F      	ANDLW       15
;__Lib_MathDouble.c,904 :: 		
0x0542	0x6E09      	MOVWF       R9, 0
;__Lib_MathDouble.c,905 :: 		
0x0544	0x3804      	SWAPF       R4, 0, 0
;__Lib_MathDouble.c,906 :: 		
0x0546	0x0BF0      	ANDLW       240
;__Lib_MathDouble.c,907 :: 		
0x0548	0x2609      	ADDWF       R9, 1, 0
;__Lib_MathDouble.c,908 :: 		
0x054A	0x3804      	SWAPF       R4, 0, 0
;__Lib_MathDouble.c,909 :: 		
0x054C	0x0B0F      	ANDLW       15
;__Lib_MathDouble.c,910 :: 		
0x054E	0x6E04      	MOVWF       R4, 0
;__Lib_MathDouble.c,911 :: 		
0x0550	0x4E07      	DCFSNZ      R7, 1, 0
;__Lib_MathDouble.c,912 :: 		
0x0552	0xF003EF19  	GOTO        ALIGNED32
;__Lib_MathDouble.c,914 :: 		
ALOOP32B:
;__Lib_MathDouble.c,915 :: 		
0x0556	0x90D8      	BCF         STATUS, 0, 0
;__Lib_MathDouble.c,916 :: 		
0x0558	0x3204      	RRCF        R4, 1, 0
;__Lib_MathDouble.c,917 :: 		
0x055A	0x3209      	RRCF        R9, 1, 0
;__Lib_MathDouble.c,918 :: 		
0x055C	0x4E07      	DCFSNZ      R7, 1, 0
;__Lib_MathDouble.c,919 :: 		
0x055E	0xF003EF19  	GOTO        ALIGNED32
;__Lib_MathDouble.c,920 :: 		
0x0562	0x90D8      	BCF         STATUS, 0, 0
;__Lib_MathDouble.c,921 :: 		
0x0564	0x3204      	RRCF        R4, 1, 0
;__Lib_MathDouble.c,922 :: 		
0x0566	0x3209      	RRCF        R9, 1, 0
;__Lib_MathDouble.c,923 :: 		
0x0568	0x4E07      	DCFSNZ      R7, 1, 0
;__Lib_MathDouble.c,924 :: 		
0x056A	0xF003EF19  	GOTO        ALIGNED32
;__Lib_MathDouble.c,925 :: 		
0x056E	0x90D8      	BCF         STATUS, 0, 0
;__Lib_MathDouble.c,926 :: 		
0x0570	0x3204      	RRCF        R4, 1, 0
;__Lib_MathDouble.c,927 :: 		
0x0572	0x3209      	RRCF        R9, 1, 0
;__Lib_MathDouble.c,928 :: 		
0x0574	0xF003EF19  	GOTO        ALIGNED32
;__Lib_MathDouble.c,930 :: 		
ANIB32A:
;__Lib_MathDouble.c,931 :: 		
0x0578	0x0E03      	MOVLW       3
;__Lib_MathDouble.c,932 :: 		
0x057A	0x6407      	CPFSGT      R7, 0
;__Lib_MathDouble.c,933 :: 		
0x057C	0xF002EFD3  	GOTO        ALOOP32A
;__Lib_MathDouble.c,934 :: 		
0x0580	0x5E07      	SUBWF       R7, 1, 0
;__Lib_MathDouble.c,935 :: 		
0x0582	0x3809      	SWAPF       R9, 0, 0
;__Lib_MathDouble.c,936 :: 		
0x0584	0x0B0F      	ANDLW       15
;__Lib_MathDouble.c,937 :: 		
0x0586	0x6E09      	MOVWF       R9, 0
;__Lib_MathDouble.c,938 :: 		
0x0588	0x3804      	SWAPF       R4, 0, 0
;__Lib_MathDouble.c,939 :: 		
0x058A	0x0BF0      	ANDLW       240
;__Lib_MathDouble.c,940 :: 		
0x058C	0x2609      	ADDWF       R9, 1, 0
;__Lib_MathDouble.c,941 :: 		
0x058E	0x3804      	SWAPF       R4, 0, 0
;__Lib_MathDouble.c,942 :: 		
0x0590	0x0B0F      	ANDLW       15
;__Lib_MathDouble.c,943 :: 		
0x0592	0x6E04      	MOVWF       R4, 0
;__Lib_MathDouble.c,944 :: 		
0x0594	0x3805      	SWAPF       R5, 0, 0
;__Lib_MathDouble.c,945 :: 		
0x0596	0x0BF0      	ANDLW       240
;__Lib_MathDouble.c,946 :: 		
0x0598	0x2604      	ADDWF       R4, 1, 0
;__Lib_MathDouble.c,947 :: 		
0x059A	0x3805      	SWAPF       R5, 0, 0
;__Lib_MathDouble.c,948 :: 		
0x059C	0x0B0F      	ANDLW       15
;__Lib_MathDouble.c,949 :: 		
0x059E	0x6E05      	MOVWF       R5, 0
;__Lib_MathDouble.c,950 :: 		
0x05A0	0x4E07      	DCFSNZ      R7, 1, 0
;__Lib_MathDouble.c,951 :: 		
0x05A2	0xF003EF19  	GOTO        ALIGNED32
;__Lib_MathDouble.c,953 :: 		
ALOOP32A:
;__Lib_MathDouble.c,954 :: 		
0x05A6	0x90D8      	BCF         STATUS, 0, 0
;__Lib_MathDouble.c,955 :: 		
0x05A8	0x3205      	RRCF        R5, 1, 0
;__Lib_MathDouble.c,956 :: 		
0x05AA	0x3204      	RRCF        R4, 1, 0
;__Lib_MathDouble.c,957 :: 		
0x05AC	0x3209      	RRCF        R9, 1, 0
;__Lib_MathDouble.c,958 :: 		
0x05AE	0x4E07      	DCFSNZ      R7, 1, 0
;__Lib_MathDouble.c,959 :: 		
0x05B0	0xF003EF19  	GOTO        ALIGNED32
;__Lib_MathDouble.c,960 :: 		
0x05B4	0x90D8      	BCF         STATUS, 0, 0
;__Lib_MathDouble.c,961 :: 		
0x05B6	0x3205      	RRCF        R5, 1, 0
;__Lib_MathDouble.c,962 :: 		
0x05B8	0x3204      	RRCF        R4, 1, 0
;__Lib_MathDouble.c,963 :: 		
0x05BA	0x3209      	RRCF        R9, 1, 0
;__Lib_MathDouble.c,964 :: 		
0x05BC	0x4E07      	DCFSNZ      R7, 1, 0
;__Lib_MathDouble.c,965 :: 		
0x05BE	0xF003EF19  	GOTO        ALIGNED32
;__Lib_MathDouble.c,966 :: 		
0x05C2	0x90D8      	BCF         STATUS, 0, 0
;__Lib_MathDouble.c,967 :: 		
0x05C4	0x3205      	RRCF        R5, 1, 0
;__Lib_MathDouble.c,968 :: 		
0x05C6	0x3204      	RRCF        R4, 1, 0
;__Lib_MathDouble.c,969 :: 		
0x05C8	0x3209      	RRCF        R9, 1, 0
;__Lib_MathDouble.c,970 :: 		
0x05CA	0xF003EF19  	GOTO        ALIGNED32
;__Lib_MathDouble.c,972 :: 		
ANIB32:
;__Lib_MathDouble.c,973 :: 		
0x05CE	0x0E03      	MOVLW       3
;__Lib_MathDouble.c,974 :: 		
0x05D0	0x6407      	CPFSGT      R7, 0
;__Lib_MathDouble.c,975 :: 		
0x05D2	0xF003EF04  	GOTO        ALOOP32
;__Lib_MathDouble.c,976 :: 		
0x05D6	0x5E07      	SUBWF       R7, 1, 0
;__Lib_MathDouble.c,977 :: 		
0x05D8	0x3809      	SWAPF       R9, 0, 0
;__Lib_MathDouble.c,978 :: 		
0x05DA	0x0B0F      	ANDLW       15
;__Lib_MathDouble.c,979 :: 		
0x05DC	0x6E09      	MOVWF       R9, 0
;__Lib_MathDouble.c,980 :: 		
0x05DE	0x3804      	SWAPF       R4, 0, 0
;__Lib_MathDouble.c,981 :: 		
0x05E0	0x0BF0      	ANDLW       240
;__Lib_MathDouble.c,982 :: 		
0x05E2	0x2609      	ADDWF       R9, 1, 0
;__Lib_MathDouble.c,983 :: 		
0x05E4	0x3804      	SWAPF       R4, 0, 0
;__Lib_MathDouble.c,984 :: 		
0x05E6	0x0B0F      	ANDLW       15
;__Lib_MathDouble.c,985 :: 		
0x05E8	0x6E04      	MOVWF       R4, 0
;__Lib_MathDouble.c,986 :: 		
0x05EA	0x3805      	SWAPF       R5, 0, 0
;__Lib_MathDouble.c,987 :: 		
0x05EC	0x0BF0      	ANDLW       240
;__Lib_MathDouble.c,988 :: 		
0x05EE	0x2604      	ADDWF       R4, 1, 0
;__Lib_MathDouble.c,989 :: 		
0x05F0	0x3805      	SWAPF       R5, 0, 0
;__Lib_MathDouble.c,990 :: 		
0x05F2	0x0B0F      	ANDLW       15
;__Lib_MathDouble.c,991 :: 		
0x05F4	0x6E05      	MOVWF       R5, 0
;__Lib_MathDouble.c,992 :: 		
0x05F6	0x3806      	SWAPF       R6, 0, 0
;__Lib_MathDouble.c,993 :: 		
0x05F8	0x0BF0      	ANDLW       240
;__Lib_MathDouble.c,994 :: 		
0x05FA	0x2605      	ADDWF       R5, 1, 0
;__Lib_MathDouble.c,995 :: 		
0x05FC	0x3806      	SWAPF       R6, 0, 0
;__Lib_MathDouble.c,996 :: 		
0x05FE	0x0B0F      	ANDLW       15
;__Lib_MathDouble.c,997 :: 		
0x0600	0x6E06      	MOVWF       R6, 0
;__Lib_MathDouble.c,998 :: 		
0x0602	0x4E07      	DCFSNZ      R7, 1, 0
;__Lib_MathDouble.c,999 :: 		
0x0604	0xF003EF19  	GOTO        ALIGNED32
;__Lib_MathDouble.c,1001 :: 		
ALOOP32:
;__Lib_MathDouble.c,1002 :: 		
0x0608	0x90D8      	BCF         STATUS, 0, 0
;__Lib_MathDouble.c,1003 :: 		
0x060A	0x3206      	RRCF        R6, 1, 0
;__Lib_MathDouble.c,1004 :: 		
0x060C	0x3205      	RRCF        R5, 1, 0
;__Lib_MathDouble.c,1005 :: 		
0x060E	0x3204      	RRCF        R4, 1, 0
;__Lib_MathDouble.c,1006 :: 		
0x0610	0x3209      	RRCF        R9, 1, 0
;__Lib_MathDouble.c,1007 :: 		
0x0612	0x4E07      	DCFSNZ      R7, 1, 0
;__Lib_MathDouble.c,1008 :: 		
0x0614	0xF003EF19  	GOTO        ALIGNED32
;__Lib_MathDouble.c,1009 :: 		
0x0618	0x90D8      	BCF         STATUS, 0, 0
;__Lib_MathDouble.c,1010 :: 		
0x061A	0x3206      	RRCF        R6, 1, 0
;__Lib_MathDouble.c,1011 :: 		
0x061C	0x3205      	RRCF        R5, 1, 0
;__Lib_MathDouble.c,1012 :: 		
0x061E	0x3204      	RRCF        R4, 1, 0
;__Lib_MathDouble.c,1013 :: 		
0x0620	0x3209      	RRCF        R9, 1, 0
;__Lib_MathDouble.c,1014 :: 		
0x0622	0x4E07      	DCFSNZ      R7, 1, 0
;__Lib_MathDouble.c,1015 :: 		
0x0624	0xF003EF19  	GOTO        ALIGNED32
;__Lib_MathDouble.c,1016 :: 		
0x0628	0x90D8      	BCF         STATUS, 0, 0
;__Lib_MathDouble.c,1017 :: 		
0x062A	0x3206      	RRCF        R6, 1, 0
;__Lib_MathDouble.c,1018 :: 		
0x062C	0x3205      	RRCF        R5, 1, 0
;__Lib_MathDouble.c,1019 :: 		
0x062E	0x3204      	RRCF        R4, 1, 0
;__Lib_MathDouble.c,1020 :: 		
0x0630	0x3209      	RRCF        R9, 1, 0
;__Lib_MathDouble.c,1022 :: 		
ALIGNED32:
;__Lib_MathDouble.c,1023 :: 		
0x0632	0x6A08      	CLRF        R8, 0
;__Lib_MathDouble.c,1024 :: 		
0x0634	0x0E00      	MOVLW       0
;__Lib_MathDouble.c,1025 :: 		
0x0636	0xAE0E      	BTFSS       R14, 7, 0
;__Lib_MathDouble.c,1026 :: 		
0x0638	0xF003EF26  	GOTO        AOK32
;__Lib_MathDouble.c,1027 :: 		
0x063C	0x1E09      	COMF        R9, 1, 0
;__Lib_MathDouble.c,1028 :: 		
0x063E	0x1E04      	COMF        R4, 1, 0
;__Lib_MathDouble.c,1029 :: 		
0x0640	0x1E05      	COMF        R5, 1, 0
;__Lib_MathDouble.c,1030 :: 		
0x0642	0x1E06      	COMF        R6, 1, 0
;__Lib_MathDouble.c,1031 :: 		
0x0644	0x2A09      	INCF        R9, 1, 0
;__Lib_MathDouble.c,1032 :: 		
0x0646	0x2204      	ADDWFC      R4, 1, 0
;__Lib_MathDouble.c,1033 :: 		
0x0648	0x2205      	ADDWFC      R5, 1, 0
;__Lib_MathDouble.c,1034 :: 		
0x064A	0x2206      	ADDWFC      R6, 1, 0
;__Lib_MathDouble.c,1036 :: 		
AOK32:
;__Lib_MathDouble.c,1037 :: 		
0x064C	0x5009      	MOVF        R9, 0, 0
;__Lib_MathDouble.c,1038 :: 		
0x064E	0x2608      	ADDWF       R8, 1, 0
;__Lib_MathDouble.c,1039 :: 		
0x0650	0x5004      	MOVF        R4, 0, 0
;__Lib_MathDouble.c,1040 :: 		
0x0652	0x2200      	ADDWFC      R0, 1, 0
;__Lib_MathDouble.c,1041 :: 		
0x0654	0x5005      	MOVF        R5, 0, 0
;__Lib_MathDouble.c,1042 :: 		
0x0656	0x2201      	ADDWFC      R1, 1, 0
;__Lib_MathDouble.c,1043 :: 		
0x0658	0x5006      	MOVF        R6, 0, 0
;__Lib_MathDouble.c,1044 :: 		
0x065A	0x2202      	ADDWFC      R2, 1, 0
;__Lib_MathDouble.c,1046 :: 		
0x065C	0xBE0E      	BTFSC       R14, 7, 0
;__Lib_MathDouble.c,1047 :: 		
0x065E	0xF003EF3D  	GOTO        ACOMP32
;__Lib_MathDouble.c,1048 :: 		
0x0662	0xA0D8      	BTFSS       STATUS, 0, 0
;__Lib_MathDouble.c,1049 :: 		
0x0664	0xF003EF4C  	GOTO        ADDJPNRMRND4032
;__Lib_MathDouble.c,1051 :: 		
0x0668	0x3202      	RRCF        R2, 1, 0
;__Lib_MathDouble.c,1052 :: 		
0x066A	0x3201      	RRCF        R1, 1, 0
;__Lib_MathDouble.c,1053 :: 		
0x066C	0x3200      	RRCF        R0, 1, 0
;__Lib_MathDouble.c,1054 :: 		
0x066E	0x3208      	RRCF        R8, 1, 0
;__Lib_MathDouble.c,1055 :: 		
0x0670	0x3E03      	INCFSZ      R3, 1, 0
;__Lib_MathDouble.c,1056 :: 		
0x0672	0xF003EF4C  	GOTO        ADDJPNRMRND4032
;__Lib_MathDouble.c,1057 :: 		
0x0676	0xF003EF56  	GOTO        ADDJPSETFOV32
;__Lib_MathDouble.c,1059 :: 		
ACOMP32:
;__Lib_MathDouble.c,1060 :: 		
0x067A	0xB0D8      	BTFSC       STATUS, 0, 0
;__Lib_MathDouble.c,1061 :: 		
0x067C	0xF003EF51  	GOTO        ADDJPNRM4032
;__Lib_MathDouble.c,1062 :: 		
0x0680	0x0E00      	MOVLW       0
;__Lib_MathDouble.c,1063 :: 		
0x0682	0x1E08      	COMF        R8, 1, 0
;__Lib_MathDouble.c,1064 :: 		
0x0684	0x1E00      	COMF        R0, 1, 0
;__Lib_MathDouble.c,1065 :: 		
0x0686	0x1E01      	COMF        R1, 1, 0
;__Lib_MathDouble.c,1066 :: 		
0x0688	0x1E02      	COMF        R2, 1, 0
;__Lib_MathDouble.c,1067 :: 		
0x068A	0x2A08      	INCF        R8, 1, 0
;__Lib_MathDouble.c,1068 :: 		
0x068C	0x2200      	ADDWFC      R0, 1, 0
;__Lib_MathDouble.c,1069 :: 		
0x068E	0x2201      	ADDWFC      R1, 1, 0
;__Lib_MathDouble.c,1070 :: 		
0x0690	0x2202      	ADDWFC      R2, 1, 0
;__Lib_MathDouble.c,1071 :: 		
0x0692	0x7E0A      	BTG         R10, 7, 0
;__Lib_MathDouble.c,1072 :: 		
0x0694	0xF003EF51  	GOTO        ADDJPNRM4032
;__Lib_MathDouble.c,1074 :: 		
ADDJPNRMRND4032:
;__Lib_MathDouble.c,1075 :: 		
0x0698	0x0E01      	MOVLW       1
;__Lib_MathDouble.c,1076 :: 		
0x069A	0x6E0C      	MOVWF       R12, 0
;__Lib_MathDouble.c,1078 :: 		
0x069C	0xDD06      	RCALL       _NRM4032
;__Lib_MathDouble.c,1080 :: 		
0x069E	0xF003EF5D  	GOTO        ADDEEE
;__Lib_MathDouble.c,1081 :: 		
ADDJPNRM4032:
;__Lib_MathDouble.c,1082 :: 		
0x06A2	0x0E02      	MOVLW       2
;__Lib_MathDouble.c,1083 :: 		
0x06A4	0x6E0C      	MOVWF       R12, 0
;__Lib_MathDouble.c,1085 :: 		
0x06A6	0xDD01      	RCALL       _NRM4032
;__Lib_MathDouble.c,1087 :: 		
0x06A8	0xF003EF5D  	GOTO        ADDEEE
;__Lib_MathDouble.c,1088 :: 		
ADDJPSETFOV32:
;__Lib_MathDouble.c,1089 :: 		
0x06AC	0x0E04      	MOVLW       4
;__Lib_MathDouble.c,1090 :: 		
0x06AE	0x6E0C      	MOVWF       R12, 0
;__Lib_MathDouble.c,1092 :: 		
0x06B0	0xDCF0      	RCALL       _SETFOV32
;__Lib_MathDouble.c,1094 :: 		
0x06B2	0xF003EF5D  	GOTO        ADDEEE
;__Lib_MathDouble.c,1095 :: 		
ADDEOK:
;__Lib_MathDouble.c,1096 :: 		
0x06B6	0x0E00      	MOVLW       0
;__Lib_MathDouble.c,1097 :: 		
0x06B8	0x6E0C      	MOVWF       R12, 0
;__Lib_MathDouble.c,1098 :: 		
ADDEEE:
;__Lib_MathDouble.c,1105 :: 		
L_end_Add_32x32_FP:
0x06BA	0x0012      	RETURN      0
; end of _Add_32x32_FP
_main:
0x06BC	0x6A18      	CLRF        _counter 
0x06BE	0x6A19      	CLRF        25 
0x06C0	0x6A1A      	CLRF        26 
0x06C2	0x6A1B      	CLRF        27 
;PWM___Interrup.c,71 :: 		void main()
;PWM___Interrup.c,74 :: 		INTCON  = 0xA0;                           //Habilita interrupo global e interrupo do Timer0
0x06C4	0x0EA0      	MOVLW       160
0x06C6	0x6EF2      	MOVWF       INTCON 
;PWM___Interrup.c,78 :: 		TMR0ON_bit = 0x01;                        //bit 7: Liga o Timer0
0x06C8	0x8ED5      	BSF         TMR0ON_bit, BitPos(TMR0ON_bit+0) 
;PWM___Interrup.c,79 :: 		T08BIT_bit = 0x00;                        //bit 6: Habilita o modo de 16 bits para o Timer0
0x06CA	0x9CD5      	BCF         T08BIT_bit, BitPos(T08BIT_bit+0) 
;PWM___Interrup.c,80 :: 		T0CS_bit   = 0x00;                        //bit 5: Timer0 incrementa com o ciclo de mquina
0x06CC	0x9AD5      	BCF         T0CS_bit, BitPos(T0CS_bit+0) 
;PWM___Interrup.c,81 :: 		PSA_bit    = 0x01;                        //bit 3: Timer0 sem prescaler (1:1)
0x06CE	0x86D5      	BSF         PSA_bit, BitPos(PSA_bit+0) 
;PWM___Interrup.c,83 :: 		ra2_bit = 1;
0x06D0	0x8480      	BSF         RA2_bit, BitPos(RA2_bit+0) 
;PWM___Interrup.c,84 :: 		cvrcon = 0xef;
0x06D2	0x0EEF      	MOVLW       239
0x06D4	0x6EB5      	MOVWF       CVRCON 
;PWM___Interrup.c,90 :: 		TMR0L      = 0xff;                        //byte menos significativo
0x06D6	0x0EFF      	MOVLW       255
0x06D8	0x6ED6      	MOVWF       TMR0L 
;PWM___Interrup.c,91 :: 		TMR0H      = 0xff;                        //byte mais significativo
0x06DA	0x0EFF      	MOVLW       255
0x06DC	0x6ED7      	MOVWF       TMR0H 
;PWM___Interrup.c,107 :: 		trisb6_bit = 1 ;
0x06DE	0x8C93      	BSF         TRISB6_bit, BitPos(TRISB6_bit+0) 
;PWM___Interrup.c,108 :: 		trisb7_bit = 1 ;
0x06E0	0x8E93      	BSF         TRISB7_bit, BitPos(TRISB7_bit+0) 
;PWM___Interrup.c,109 :: 		TRISB   = 0x7F;       //RB0 est configurado como sada (0111 1111b)
0x06E2	0x0E7F      	MOVLW       127
0x06E4	0x6E93      	MOVWF       TRISB 
;PWM___Interrup.c,110 :: 		ADCON1  = 0x0F;                           //Configura os pinos do PORTB como digitais
0x06E6	0x0E0F      	MOVLW       15
0x06E8	0x6EC1      	MOVWF       ADCON1 
;PWM___Interrup.c,115 :: 		while(1)                                  //Loop infinito
L_main1:
;PWM___Interrup.c,117 :: 		cvrcon = 0xee;                   //pos
0x06EA	0x0EEE      	MOVLW       238
0x06EC	0x6EB5      	MOVWF       CVRCON 
;PWM___Interrup.c,118 :: 		delay_us(916);                   // aguarda 500us
0x06EE	0x0E0F      	MOVLW       15
0x06F0	0x6E0C      	MOVWF       R12, 0
0x06F2	0x0E45      	MOVLW       69
0x06F4	0x6E0D      	MOVWF       R13, 0
L_main3:
0x06F6	0x2E0D      	DECFSZ      R13, 1, 0
0x06F8	0xD7FE      	BRA         L_main3
0x06FA	0x2E0C      	DECFSZ      R12, 1, 0
0x06FC	0xD7FC      	BRA         L_main3
;PWM___Interrup.c,119 :: 		cvrcon = 0xe0;                   //negativo
0x06FE	0x0EE0      	MOVLW       224
0x0700	0x6EB5      	MOVWF       CVRCON 
;PWM___Interrup.c,120 :: 		delay_us(916);                   // aguarda 500us
0x0702	0x0E0F      	MOVLW       15
0x0704	0x6E0C      	MOVWF       R12, 0
0x0706	0x0E45      	MOVLW       69
0x0708	0x6E0D      	MOVWF       R13, 0
L_main4:
0x070A	0x2E0D      	DECFSZ      R13, 1, 0
0x070C	0xD7FE      	BRA         L_main4
0x070E	0x2E0C      	DECFSZ      R12, 1, 0
0x0710	0xD7FC      	BRA         L_main4
;PWM___Interrup.c,121 :: 		cvrcon = 0xe7;                   // aguarda 3000us
0x0712	0x0EE7      	MOVLW       231
0x0714	0x6EB5      	MOVWF       CVRCON 
;PWM___Interrup.c,122 :: 		delay_us(5500);
0x0716	0x0E56      	MOVLW       86
0x0718	0x6E0C      	MOVWF       R12, 0
0x071A	0x0EB5      	MOVLW       181
0x071C	0x6E0D      	MOVWF       R13, 0
L_main5:
0x071E	0x2E0D      	DECFSZ      R13, 1, 0
0x0720	0xD7FE      	BRA         L_main5
0x0722	0x2E0C      	DECFSZ      R12, 1, 0
0x0724	0xD7FC      	BRA         L_main5
0x0726	0x0000      	NOP
0x0728	0x0000      	NOP
;PWM___Interrup.c,123 :: 		} // end while
0x072A	0xD7DF      	BRA         L_main1
;PWM___Interrup.c,125 :: 		} // end main
L_end_main:
0x072C	0xD7FF      	BRA         $+0
; end of _main
Symbol List:
//** Routines locations **
//ADDRESS    SIZE    PROCEDURE
//----------------------------------------------
0x0008      [90]    _interrupt
0x0062       [8]    _FIXSIGN32
0x006A      [26]    _SETFUN32
0x0084      [14]    _RES032
0x0092      [24]    _SETFOV32
0x00AA     [482]    _NRM4032
0x028C      [16]    ___CC2DW
0x029C    [1056]    _Add_32x32_FP
0x06BC     [114]    _main
//** Variables locations ** 
//ADDRESS    SIZE    VARIABLE
//----------------------------------------------
0x0000       [1]    EEPROM_Write_SaveINTCON_L0
0x0000       [1]    __Lib_SoftI2C_PutZerosToLATScl_temp_scl_L0
0x0000       [1]    UART1_Init_tmp_L0
0x0000       [1]    R0
0x0000       [1]    FLASH_Erase_64_SaveINTCON_L0
0x0000       [1]    __Lib_SoftI2C_PutZerosToLATSda_temp_sda_L0
0x0000       [1]    SPI1_Write_tmp_L0
0x0001       [1]    __Lib_TFT_JPEG_FileRead_i_L0
0x0001       [1]    __Lib_PS2_Wait_Falling_nsample_L0
0x0001       [1]    __Lib_TFT_16bit_JPEG_FileReadBytes_Result_L0
0x0001       [1]    __Lib_TFT_16bit_JPEG_FileRead_i_L0
0x0001       [1]    R1
0x0001       [1]    __Lib_USB_genHID_?FLOC____Lib_USB_genHID_USB_Handle_BusyT1
0x0001       [2]    FLASH_Read_N_Bytes_i_L0
0x0001       [1]    __Lib_Conversions_Adjust_Hex_tmp_L0
0x0001       [1]    FLASH_Erase_Write_64_i_L0
0x0001       [1]    __Lib_TFT_JPEG_FileReadBytes_Result_L0
0x0001       [1]    FLASH_Write_32_i_L0
0x0001       [1]    ispunct_rslt_L0
0x0001       [1]    UART1_Read___tmp_UART1_Read_L0
0x0002       [2]    memcpy_dd_L0
0x0002       [2]    memchr_s_L0
0x0002       [2]    memset_pp_L0
0x0002       [2]    strlen_cp_L0
0x0002       [1]    R2
0x0002       [1]    __Lib_USB_genHID_USB_CtrlTrf_Rx_Service_byteToRead_L0
0x0002       [1]    FLASH_Erase_Write_64_j_L0
0x0002       [1]    FLASH_Write_32_SaveINTCON_L0
0x0003       [1]    __Lib_Sprinti_?FLOC____Lib_Sprinti_Do_FillT29
0x0003       [2]    Ltrim_original_L0
0x0003       [2]    MM_TotalFreeMemSize_Tot_L0
0x0003       [2]    memmove_tt_L0
0x0003       [1]    MM_Init_i_L0
0x0003       [1]    R3
0x0003       [2]    __Lib_MmcFat16_f16_toInt_l_L0
0x0003       [1]    FLASH_Erase_Write_64_SaveINTCON_L0
0x0003       [1]    __Lib_USB_genHID_USB_CtrlTrf_Rx_Service_i_L0
0x0003       [2]    __Lib_USB_genHID_USB_CtrlTrf_Tx_Service_byteToSend_L0
0x0004       [2]    __Lib_MemManager_MM_GetMemAlign_P_L0
0x0004       [2]    strncat_cp_L0
0x0004       [2]    __Lib_USB_genHID_USB_Transfer_Packet_handle_L0
0x0004       [2]    __Lib_USB_genHID_USB_Std_Feature_Req_Handler_p_L0
0x0004       [2]    memcpy_ss_L0
0x0004       [2]    strcpy_cp_L0
0x0004       [2]    strcat_cp_L0
0x0004       [2]    frexp_pom_L0
0x0004       [1]    R4
0x0004       [1]    __Lib_USB_genHID_GetMaxIndexInDevDsc_index_L0
0x0004       [1]    __Lib_Sprinti_?FLOC____Lib_Sprinti_Do_FillT40
0x0004       [2]    __Lib_USB_genHID_USB_Get_Status_Handler_p_L2
0x0004       [2]    strncpy_cp_L0
0x0005       [2]    Ltrim_p_L0
0x0005       [2]    LongIntToHex_input_half_L0
0x0005       [1]    R5
0x0005       [2]    memmove_ff_L0
0x0005       [2]    LongWordToHex_input_half_L0
0x0005       [1]    __Lib_Sprinti_?FLOC____Lib_Sprinti_Do_FillT54
0x0005       [1]    MM_TotalFreeMemSize_i_L0
0x0006       [1]    __Lib_MemManager_MM_GetMemAlign_i_L0
0x0006       [2]    __Lib_USB_genHID_GetMaxIndexInConfigDsc_totalLen_L0
0x0006       [1]    R6
0x0006       [1]    __Lib_Sprinti_?FLOC____Lib_Sprinti_Do_FillT69
0x0007       [1]    __Lib_TFT_JPEG_GenerateHuffmanTables_bLength_L0
0x0007       [1]    R7
0x0007       [1]    __Lib_TFT_16bit_JPEG_GenerateHuffmanTables_bLength_L0
0x0008       [3]    __Lib_USB_genHID_GetMaxIndexInConfigDsc_ptr_L0
0x0008       [1]    R8
0x0008       [1]    __Lib_TFT_JPEG_GenerateHuffmanTables_bTable_L0
0x0008       [1]    __Lib_TFT_16bit_JPEG_GenerateHuffmanTables_bTable_L0
0x0009       [4]    __Lib_MmcFat16_f16_toLong_l_L0
0x0009       [1]    R9
0x000A       [1]    R10
0x000B       [1]    R11
0x000C       [1]    R12
0x000D       [1]    R13
0x000E       [1]    R14
0x000F       [1]    R15
0x0010       [1]    R16
0x0011       [1]    R17
0x0012       [1]    R18
0x0013       [1]    R19
0x0014       [1]    R20
0x0018       [4]    _counter
0x0F80       [0]    RA2_bit
0x0F93       [0]    TRISB6_bit
0x0F93       [0]    TRISB7_bit
0x0F93       [1]    TRISB
0x0FB5       [1]    CVRCON
0x0FC1       [1]    ADCON1
0x0FD5       [0]    T08BIT_bit
0x0FD5       [0]    TMR0ON_bit
0x0FD5       [0]    T0CS_bit
0x0FD5       [0]    PSA_bit
0x0FD6       [1]    TMR0L
0x0FD7       [1]    TMR0H
0x0FD8       [1]    STATUS
0x0FD9       [1]    FSR2L
0x0FDA       [1]    FSR2H
0x0FDE       [1]    POSTINC2
0x0FE0       [1]    BSR
0x0FE1       [1]    FSR1L
0x0FE2       [1]    FSR1H
0x0FE4       [1]    PREINC1
0x0FE6       [1]    POSTINC1
0x0FE7       [1]    INDF1
0x0FE8       [1]    WREG
0x0FE9       [1]    FSR0L
0x0FEA       [1]    FSR0H
0x0FEE       [1]    POSTINC0
0x0FF2       [0]    TMR0IF_bit
0x0FF2       [1]    INTCON
0x0FF3       [1]    PRODL
0x0FF4       [1]    PRODH
0x0FF5       [1]    TABLAT
0x0FF6       [1]    TBLPTRL
0x0FF7       [1]    TBLPTRH
0x0FF8       [1]    TBLPTRU
