;  LST file generated by mikroListExporter - v.2.0 
; Date/Time: 02/08/2022 20:27:55
;----------------------------------------------

;Address Opcode 	ASM
0x0000	0xF008EF00  	GOTO        4096
0x0004	0x0000      	NOP
0x0006	0x0000      	NOP
0x0008	0xF000EF00  	GOTO        0
0x000C	0x0000      	NOP
0x000E	0x0000      	NOP
0x0010	0x0000      	NOP
0x0012	0x0000      	NOP
0x0014	0x0000      	NOP
0x0016	0x0000      	NOP
0x0018	0xD7F3      	BRA         0
_Delay_10us:
;__Lib_Delays.c,11 :: 		void Delay_10us() {
;__Lib_Delays.c,12 :: 		Delay_us(10);
0x001C	0x0E27      	MOVLW       39
0x001E	0x6E0D      	MOVWF       R13, 0
L_Delay_10us1:
0x0020	0x2E0D      	DECFSZ      R13, 1, 0
0x0022	0xD7FE      	BRA         L_Delay_10us1
0x0024	0x0000      	NOP
0x0026	0x0000      	NOP
;__Lib_Delays.c,13 :: 		}
L_end_Delay_10us:
0x0028	0x0012      	RETURN      0
; end of _Delay_10us
_Delay_1us:
;__Lib_Delays.c,7 :: 		void Delay_1us() {
;__Lib_Delays.c,8 :: 		Delay_us(1);
0x002A	0x0E03      	MOVLW       3
0x002C	0x6E0D      	MOVWF       R13, 0
L_Delay_1us0:
0x002E	0x2E0D      	DECFSZ      R13, 1, 0
0x0030	0xD7FE      	BRA         L_Delay_1us0
0x0032	0x0000      	NOP
0x0034	0x0000      	NOP
;__Lib_Delays.c,9 :: 		}
L_end_Delay_1us:
0x0036	0x0012      	RETURN      0
; end of _Delay_1us
__Lib_Glcd_Strobe:
;__Lib_Glcd.c,32 :: 		
;__Lib_Glcd.c,33 :: 		
0x0038	0xDFF1      	RCALL       _Delay_10us
;__Lib_Glcd.c,34 :: 		
0x003A	0x8484      	BSF         GLCD_EN, BitPos(GLCD_EN+0) 
;__Lib_Glcd.c,35 :: 		
0x003C	0xDFEF      	RCALL       _Delay_10us
;__Lib_Glcd.c,36 :: 		
0x003E	0x9484      	BCF         GLCD_EN, BitPos(GLCD_EN+0) 
;__Lib_Glcd.c,37 :: 		
L_end_Strobe:
0x0040	0x0012      	RETURN      0
; end of __Lib_Glcd_Strobe
_Glcd_Set_Page:
;__Lib_Glcd.c,40 :: 		
;__Lib_Glcd.c,42 :: 		
0x0042	0x9084      	BCF         GLCD_RS, BitPos(GLCD_RS+0) 
;__Lib_Glcd.c,43 :: 		
0x0044	0x9284      	BCF         GLCD_RW, BitPos(GLCD_RW+0) 
;__Lib_Glcd.c,44 :: 		
0x0046	0x0EB8      	MOVLW       184
0x0048	0x0100      	MOVLB       0
0x004A	0x1167      	IORWF       FARG_Glcd_Set_Page_page, 0, 1
0x004C	0x6E83      	MOVWF       GLCD_DataPort 
;__Lib_Glcd.c,45 :: 		
0x004E	0xDFF4      	RCALL       __Lib_Glcd_Strobe
;__Lib_Glcd.c,46 :: 		
L_end_Glcd_Set_Page:
0x0050	0x0012      	RETURN      0
; end of _Glcd_Set_Page
_Glcd_Set_X:
;__Lib_Glcd.c,61 :: 		
;__Lib_Glcd.c,63 :: 		
0x0052	0x0E7F      	MOVLW       127
0x0054	0x0100      	MOVLB       0
0x0056	0x1567      	ANDWF       FARG_Glcd_Set_X_x_pos, 0, 1
0x0058	0x6E00      	MOVWF       R0 
0x005A	0xF067C000  	MOVFF       R0, FARG_Glcd_Set_X_x_pos
;__Lib_Glcd.c,64 :: 		
0x005E	0x9084      	BCF         GLCD_RS, BitPos(GLCD_RS+0) 
;__Lib_Glcd.c,65 :: 		
0x0060	0x9284      	BCF         GLCD_RW, BitPos(GLCD_RW+0) 
;__Lib_Glcd.c,67 :: 		
0x0062	0x0EBF      	MOVLW       191
0x0064	0x1600      	ANDWF       R0, 1 
0x0066	0xF067C000  	MOVFF       R0, FARG_Glcd_Set_X_x_pos
;__Lib_Glcd.c,68 :: 		
0x006A	0x8C00      	BSF         R0, 6 
0x006C	0xF067C000  	MOVFF       R0, FARG_Glcd_Set_X_x_pos
;__Lib_Glcd.c,70 :: 		
0x0070	0xFF83C000  	MOVFF       R0, GLCD_DataPort
;__Lib_Glcd.c,71 :: 		
0x0074	0xDFE1      	RCALL       __Lib_Glcd_Strobe
;__Lib_Glcd.c,72 :: 		
L_end_Glcd_Set_X:
0x0076	0x0012      	RETURN      0
; end of _Glcd_Set_X
_Mul_16X16_U:
;__Lib_Math.c,440 :: 		
;__Lib_Math.c,447 :: 		
0x0078	0x6A0B      	CLRF        R11, 0
;__Lib_Math.c,448 :: 		
0x007A	0x6A0A      	CLRF        R10, 0
;__Lib_Math.c,449 :: 		
0x007C	0x6A09      	CLRF        R9, 0
;__Lib_Math.c,450 :: 		
0x007E	0x5000      	MOVF        R0, 0, 0
;__Lib_Math.c,451 :: 		
0x0080	0x0204      	MULWF       R4, 0
;__Lib_Math.c,453 :: 		
0x0082	0xF009CFF4  	MOVFF       PRODH, R9
;__Lib_Math.c,454 :: 		
0x0086	0xF008CFF3  	MOVFF       PRODL, R8
;__Lib_Math.c,455 :: 		
0x008A	0x5001      	MOVF        R1, 0, 0
;__Lib_Math.c,456 :: 		
0x008C	0x0205      	MULWF       R5, 0
;__Lib_Math.c,458 :: 		
0x008E	0xF00BCFF4  	MOVFF       PRODH, R11
;__Lib_Math.c,459 :: 		
0x0092	0xF00ACFF3  	MOVFF       PRODL, R10
;__Lib_Math.c,460 :: 		
0x0096	0x5000      	MOVF        R0, 0, 0
;__Lib_Math.c,461 :: 		
0x0098	0x0205      	MULWF       R5, 0
;__Lib_Math.c,463 :: 		
0x009A	0x50F3      	MOVF        PRODL, 0, 0
;__Lib_Math.c,464 :: 		
0x009C	0x2609      	ADDWF       R9, 1, 0
;__Lib_Math.c,465 :: 		
0x009E	0x50F4      	MOVF        PRODH, 0, 0
;__Lib_Math.c,466 :: 		
0x00A0	0x220A      	ADDWFC      R10, 1, 0
;__Lib_Math.c,467 :: 		
0x00A2	0x6AE8      	CLRF        WREG, 0
;__Lib_Math.c,468 :: 		
0x00A4	0x220B      	ADDWFC      R11, 1, 0
;__Lib_Math.c,469 :: 		
0x00A6	0x5001      	MOVF        R1, 0, 0
;__Lib_Math.c,470 :: 		
0x00A8	0x0204      	MULWF       R4, 0
;__Lib_Math.c,472 :: 		
0x00AA	0x50F3      	MOVF        PRODL, 0, 0
;__Lib_Math.c,473 :: 		
0x00AC	0x2609      	ADDWF       R9, 1, 0
;__Lib_Math.c,474 :: 		
0x00AE	0x50F4      	MOVF        PRODH, 0, 0
;__Lib_Math.c,475 :: 		
0x00B0	0x220A      	ADDWFC      R10, 1, 0
;__Lib_Math.c,476 :: 		
0x00B2	0x6AE8      	CLRF        WREG, 0
;__Lib_Math.c,477 :: 		
0x00B4	0x220B      	ADDWFC      R11, 1, 0
;__Lib_Math.c,479 :: 		
0x00B6	0xF000C008  	MOVFF       R8, R0
;__Lib_Math.c,480 :: 		
0x00BA	0xF001C009  	MOVFF       R9, R1
;__Lib_Math.c,481 :: 		
0x00BE	0xF002C00A  	MOVFF       R10, R2
;__Lib_Math.c,482 :: 		
0x00C2	0xF003C00B  	MOVFF       R11, R3
;__Lib_Math.c,485 :: 		
L_end_Mul_16X16_U:
0x00C6	0x0012      	RETURN      0
; end of _Mul_16X16_U
_Glcd_Set_Side:
;__Lib_Glcd.c,49 :: 		
;__Lib_Glcd.c,50 :: 		
0x00C8	0x0E7F      	MOVLW       127
0x00CA	0x0100      	MOVLB       0
0x00CC	0x1567      	ANDWF       FARG_Glcd_Set_Side_x_pos, 0, 1
0x00CE	0x6E01      	MOVWF       R1 
0x00D0	0xF067C001  	MOVFF       R1, FARG_Glcd_Set_Side_x_pos
;__Lib_Glcd.c,51 :: 		
0x00D4	0xAC01      	BTFSS       R1, 6 
0x00D6	0xD003      	BRA         L_Glcd_Set_Side0
;__Lib_Glcd.c,52 :: 		
0x00D8	0x8A80      	BSF         GLCD_CS1, BitPos(GLCD_CS1+0) 
;__Lib_Glcd.c,53 :: 		
0x00DA	0x9082      	BCF         GLCD_CS2, BitPos(GLCD_CS2+0) 
;__Lib_Glcd.c,54 :: 		
0x00DC	0xD002      	BRA         L_Glcd_Set_Side1
L_Glcd_Set_Side0:
;__Lib_Glcd.c,55 :: 		
0x00DE	0x9A80      	BCF         GLCD_CS1, BitPos(GLCD_CS1+0) 
;__Lib_Glcd.c,56 :: 		
0x00E0	0x8082      	BSF         GLCD_CS2, BitPos(GLCD_CS2+0) 
;__Lib_Glcd.c,57 :: 		
L_Glcd_Set_Side1:
;__Lib_Glcd.c,58 :: 		
L_end_Glcd_Set_Side:
0x00E2	0x0012      	RETURN      0
; end of _Glcd_Set_Side
_Glcd_Write_Data:
;__Lib_Glcd.c,114 :: 		
;__Lib_Glcd.c,116 :: 		
0x00E4	0x9484      	BCF         GLCD_EN, BitPos(GLCD_EN+0) 
;__Lib_Glcd.c,117 :: 		
0x00E6	0x8084      	BSF         GLCD_RS, BitPos(GLCD_RS+0) 
;__Lib_Glcd.c,118 :: 		
0x00E8	0x9284      	BCF         GLCD_RW, BitPos(GLCD_RW+0) 
;__Lib_Glcd.c,120 :: 		
0x00EA	0xFF83C067  	MOVFF       FARG_Glcd_Write_Data_ddata, GLCD_DataPort
;__Lib_Glcd.c,121 :: 		
0x00EE	0xDFA4      	RCALL       __Lib_Glcd_Strobe
;__Lib_Glcd.c,122 :: 		
L_end_Glcd_Write_Data:
0x00F0	0x0012      	RETURN      0
; end of _Glcd_Write_Data
_Glcd_Read_Data:
;__Lib_Glcd.c,75 :: 		
;__Lib_Glcd.c,80 :: 		
0x00F2	0x0E12      	MOVLW       18
0x00F4	0x6E00      	MOVWF       R0 
0x00F6	0x0E00      	MOVLW       0
0x00F8	0x6E01      	MOVWF       R1 
0x00FA	0x0E83      	MOVLW       GLCD_DataPort
0x00FC	0x2400      	ADDWF       R0, 0 
0x00FE	0x6EE1      	MOVWF       FSR1L 
0x0100	0x0E0F      	MOVLW       hi_addr(GLCD_DataPort)
0x0102	0x2001      	ADDWFC      R1, 0 
0x0104	0x6EE2      	MOVWF       FSR1L+1 
0x0106	0x0EFF      	MOVLW       255
0x0108	0x6EE6      	MOVWF       POSTINC1 
;__Lib_Glcd.c,82 :: 		
0x010A	0xDF8F      	RCALL       _Delay_1us
;__Lib_Glcd.c,83 :: 		
0x010C	0xDF8E      	RCALL       _Delay_1us
;__Lib_Glcd.c,85 :: 		
0x010E	0x8084      	BSF         GLCD_RS, BitPos(GLCD_RS+0) 
;__Lib_Glcd.c,86 :: 		
0x0110	0x9484      	BCF         GLCD_EN, BitPos(GLCD_EN+0) 
;__Lib_Glcd.c,87 :: 		
0x0112	0x8284      	BSF         GLCD_RW, BitPos(GLCD_RW+0) 
;__Lib_Glcd.c,89 :: 		
0x0114	0x8484      	BSF         GLCD_EN, BitPos(GLCD_EN+0) 
;__Lib_Glcd.c,91 :: 		
0x0116	0xDF82      	RCALL       _Delay_10us
;__Lib_Glcd.c,99 :: 		
0x0118	0xF067CF83  	MOVFF       GLCD_DataPort, Glcd_Read_Data_local_L0
;__Lib_Glcd.c,101 :: 		
0x011C	0x9484      	BCF         GLCD_EN, BitPos(GLCD_EN+0) 
;__Lib_Glcd.c,102 :: 		
0x011E	0x9284      	BCF         GLCD_RW, BitPos(GLCD_RW+0) 
;__Lib_Glcd.c,104 :: 		
0x0120	0xDF84      	RCALL       _Delay_1us
;__Lib_Glcd.c,105 :: 		
0x0122	0xDF83      	RCALL       _Delay_1us
;__Lib_Glcd.c,108 :: 		
0x0124	0x0E12      	MOVLW       18
0x0126	0x6E00      	MOVWF       R0 
0x0128	0x0E00      	MOVLW       0
0x012A	0x6E01      	MOVWF       R1 
0x012C	0x0E83      	MOVLW       GLCD_DataPort
0x012E	0x2400      	ADDWF       R0, 0 
0x0130	0x6EE1      	MOVWF       FSR1L 
0x0132	0x0E0F      	MOVLW       hi_addr(GLCD_DataPort)
0x0134	0x2001      	ADDWFC      R1, 0 
0x0136	0x6EE2      	MOVWF       FSR1L+1 
0x0138	0x6AE6      	CLRF        POSTINC1 
;__Lib_Glcd.c,110 :: 		
0x013A	0xF000C067  	MOVFF       Glcd_Read_Data_local_L0, R0
;__Lib_Glcd.c,111 :: 		
L_end_Glcd_Read_Data:
0x013E	0x0012      	RETURN      0
; end of _Glcd_Read_Data
_UART1_Data_Ready:
;__Lib_UART_c67.c,34 :: 		
;__Lib_UART_c67.c,35 :: 		
0x0140	0x0E00      	MOVLW       0
0x0142	0xBA9E      	BTFSC       PIR1, 5 
0x0144	0x0E01      	MOVLW       1
0x0146	0x6E00      	MOVWF       R0 
;__Lib_UART_c67.c,36 :: 		
L_end_UART1_Data_Ready:
0x0148	0x0012      	RETURN      0
; end of _UART1_Data_Ready
_UART1_Read:
;__Lib_UART_c67.c,39 :: 		
;__Lib_UART_c67.c,42 :: 		
0x014A	0xF001CFAE  	MOVFF       RCREG, R1
;__Lib_UART_c67.c,43 :: 		
0x014E	0xA2AB      	BTFSS       RCSTA, 1 
0x0150	0xD002      	BRA         L_UART1_Read2
;__Lib_UART_c67.c,44 :: 		
0x0152	0x98AB      	BCF         RCSTA, 4 
;__Lib_UART_c67.c,45 :: 		
0x0154	0x88AB      	BSF         RCSTA, 4 
;__Lib_UART_c67.c,46 :: 		
L_UART1_Read2:
;__Lib_UART_c67.c,47 :: 		
0x0156	0xF000C001  	MOVFF       R1, R0
;__Lib_UART_c67.c,48 :: 		
L_end_UART1_Read:
0x015A	0x0012      	RETURN      0
; end of _UART1_Read
_Glcd_Write_Char:
;__Lib_Glcd.c,217 :: 		
;__Lib_Glcd.c,221 :: 		
0x015C	0x0100      	MOVLB       0
0x015E	0x5163      	MOVF        FARG_Glcd_Write_Char_page_num, 0, 1
0x0160	0x0807      	SUBLW       7
0x0162	0xE201      	BC          L_Glcd_Write_Char14
;__Lib_Glcd.c,222 :: 		
0x0164	0xD082      	BRA         L_end_Glcd_Write_Char
L_Glcd_Write_Char14:
;__Lib_Glcd.c,224 :: 		
0x0166	0x503C      	MOVF        __Lib_Glcd_fontOffset, 0 
0x0168	0x5D61      	SUBWF       FARG_Glcd_Write_Char_chr, 0, 1
0x016A	0x6E00      	MOVWF       R0 
0x016C	0xF001C03D  	MOVFF       __Lib_Glcd_fontOffset+1, R1
0x0170	0x0E00      	MOVLW       0
0x0172	0x5601      	SUBFWB      R1, 1 
0x0174	0xF004C03B  	MOVFF       __Lib_Glcd_fontW, R4
0x0178	0x0E00      	MOVLW       0
0x017A	0x6E05      	MOVWF       R5 
0x017C	0xDF7D      	RCALL       _Mul_16X16_U
0x017E	0xF065C000  	MOVFF       R0, Glcd_Write_Char_pointer_L0
0x0182	0xF066C001  	MOVFF       R1, Glcd_Write_Char_pointer_L0+1
;__Lib_Glcd.c,226 :: 		
0x0186	0xF067C062  	MOVFF       FARG_Glcd_Write_Char_x_pos, FARG_Glcd_Set_X_x_pos
0x018A	0xDF63      	RCALL       _Glcd_Set_X
;__Lib_Glcd.c,227 :: 		
0x018C	0xF067C063  	MOVFF       FARG_Glcd_Write_Char_page_num, FARG_Glcd_Set_Page_page
0x0190	0xDF58      	RCALL       _Glcd_Set_Page
;__Lib_Glcd.c,229 :: 		
0x0192	0x6A5D      	CLRF        Glcd_Write_Char_ii_L0 
L_Glcd_Write_Char15:
0x0194	0x503B      	MOVF        __Lib_Glcd_fontW, 0 
0x0196	0x5C5D      	SUBWF       Glcd_Write_Char_ii_L0, 0 
0x0198	0xE249      	BC          L_Glcd_Write_Char16
;__Lib_Glcd.c,230 :: 		
0x019A	0x5162      	MOVF        FARG_Glcd_Write_Char_x_pos, 0, 1
0x019C	0x087F      	SUBLW       127
0x019E	0xE201      	BC          L_Glcd_Write_Char18
;__Lib_Glcd.c,231 :: 		
0x01A0	0xD064      	BRA         L_end_Glcd_Write_Char
L_Glcd_Write_Char18:
;__Lib_Glcd.c,232 :: 		
0x01A2	0xF067C062  	MOVFF       FARG_Glcd_Write_Char_x_pos, FARG_Glcd_Set_Side_x_pos
0x01A6	0xDF90      	RCALL       _Glcd_Set_Side
;__Lib_Glcd.c,233 :: 		
0x01A8	0xF067C063  	MOVFF       FARG_Glcd_Write_Char_page_num, FARG_Glcd_Set_Page_page
0x01AC	0xDF4A      	RCALL       _Glcd_Set_Page
;__Lib_Glcd.c,234 :: 		
0x01AE	0xF067C062  	MOVFF       FARG_Glcd_Write_Char_x_pos, FARG_Glcd_Set_X_x_pos
0x01B2	0xDF4F      	RCALL       _Glcd_Set_X
;__Lib_Glcd.c,236 :: 		
0x01B4	0xDF9E      	RCALL       _Glcd_Read_Data
0x01B6	0xF05EC000  	MOVFF       R0, Glcd_Write_Char_data_read_L0
;__Lib_Glcd.c,237 :: 		
0x01BA	0xDF9B      	RCALL       _Glcd_Read_Data
0x01BC	0xF05EC000  	MOVFF       R0, Glcd_Write_Char_data_read_L0
;__Lib_Glcd.c,239 :: 		
0x01C0	0xF067C062  	MOVFF       FARG_Glcd_Write_Char_x_pos, FARG_Glcd_Set_Side_x_pos
0x01C4	0xDF81      	RCALL       _Glcd_Set_Side
;__Lib_Glcd.c,240 :: 		
0x01C6	0xF067C063  	MOVFF       FARG_Glcd_Write_Char_page_num, FARG_Glcd_Set_Page_page
0x01CA	0xDF3B      	RCALL       _Glcd_Set_Page
;__Lib_Glcd.c,241 :: 		
0x01CC	0xF067C062  	MOVFF       FARG_Glcd_Write_Char_x_pos, FARG_Glcd_Set_X_x_pos
0x01D0	0xDF40      	RCALL       _Glcd_Set_X
;__Lib_Glcd.c,244 :: 		
0x01D2	0x5165      	MOVF        Glcd_Write_Char_pointer_L0, 0, 1
0x01D4	0x243E      	ADDWF       __Lib_Glcd_fontDef, 0 
0x01D6	0x6EF6      	MOVWF       TBLPTR 
0x01D8	0x5166      	MOVF        Glcd_Write_Char_pointer_L0+1, 0, 1
0x01DA	0x203F      	ADDWFC      __Lib_Glcd_fontDef+1, 0 
0x01DC	0x6EF7      	MOVWF       TBLPTR+1 
0x01DE	0x0E00      	MOVLW       0
0x01E0	0xBF66      	BTFSC       Glcd_Write_Char_pointer_L0+1, 7, 1
0x01E2	0x0EFF      	MOVLW       255
0x01E4	0x2040      	ADDWFC      __Lib_Glcd_fontDef+2, 0 
0x01E6	0x6EF8      	MOVWF       TBLPTR+2 
0x01E8	0x0009      	TBLRD*+
0x01EA	0xF000CFF5  	MOVFF       TABLAT, R0
0x01EE	0xF05FC000  	MOVFF       R0, Glcd_Write_Char_font_ch_L0
0x01F2	0x4B65      	INFSNZ      Glcd_Write_Char_pointer_L0, 1, 1
0x01F4	0x2B66      	INCF        Glcd_Write_Char_pointer_L0+1, 1, 1
;__Lib_Glcd.c,245 :: 		
0x01F6	0x1C00      	COMF        R0, 0 
0x01F8	0x6F60      	MOVWF       Glcd_Write_Char_font_ch_inv_L0, 1
;__Lib_Glcd.c,248 :: 		
0x01FA	0xD009      	BRA         L_Glcd_Write_Char19
;__Lib_Glcd.c,249 :: 		
L_Glcd_Write_Char21:
0x01FC	0xF05EC060  	MOVFF       Glcd_Write_Char_font_ch_inv_L0, Glcd_Write_Char_data_read_L0
0x0200	0xD00F      	BRA         L_Glcd_Write_Char20
;__Lib_Glcd.c,250 :: 		
L_Glcd_Write_Char22:
0x0202	0xF05EC05F  	MOVFF       Glcd_Write_Char_font_ch_L0, Glcd_Write_Char_data_read_L0
0x0206	0xD00C      	BRA         L_Glcd_Write_Char20
;__Lib_Glcd.c,251 :: 		
L_Glcd_Write_Char23:
0x0208	0x505F      	MOVF        Glcd_Write_Char_font_ch_L0, 0 
0x020A	0x1A5E      	XORWF       Glcd_Write_Char_data_read_L0, 1 
;__Lib_Glcd.c,252 :: 		
0x020C	0xD009      	BRA         L_Glcd_Write_Char20
L_Glcd_Write_Char19:
0x020E	0x5164      	MOVF        FARG_Glcd_Write_Char_color, 0, 1
0x0210	0x0A00      	XORLW       0
0x0212	0xE0F4      	BZ          L_Glcd_Write_Char21
0x0214	0x5164      	MOVF        FARG_Glcd_Write_Char_color, 0, 1
0x0216	0x0A01      	XORLW       1
0x0218	0xE0F4      	BZ          L_Glcd_Write_Char22
0x021A	0x5164      	MOVF        FARG_Glcd_Write_Char_color, 0, 1
0x021C	0x0A02      	XORLW       2
0x021E	0xE0F4      	BZ          L_Glcd_Write_Char23
L_Glcd_Write_Char20:
;__Lib_Glcd.c,254 :: 		
0x0220	0xF067C05E  	MOVFF       Glcd_Write_Char_data_read_L0, FARG_Glcd_Write_Data_ddata
0x0224	0xDF5F      	RCALL       _Glcd_Write_Data
;__Lib_Glcd.c,255 :: 		
0x0226	0x2B62      	INCF        FARG_Glcd_Write_Char_x_pos, 1, 1
;__Lib_Glcd.c,229 :: 		
0x0228	0x2A5D      	INCF        Glcd_Write_Char_ii_L0, 1 
;__Lib_Glcd.c,256 :: 		
0x022A	0xD7B4      	BRA         L_Glcd_Write_Char15
L_Glcd_Write_Char16:
;__Lib_Glcd.c,259 :: 		
0x022C	0xF067C062  	MOVFF       FARG_Glcd_Write_Char_x_pos, FARG_Glcd_Set_Side_x_pos
0x0230	0xDF4B      	RCALL       _Glcd_Set_Side
;__Lib_Glcd.c,260 :: 		
0x0232	0xF067C063  	MOVFF       FARG_Glcd_Write_Char_page_num, FARG_Glcd_Set_Page_page
0x0236	0xDF05      	RCALL       _Glcd_Set_Page
;__Lib_Glcd.c,261 :: 		
0x0238	0xF067C062  	MOVFF       FARG_Glcd_Write_Char_x_pos, FARG_Glcd_Set_X_x_pos
0x023C	0xDF0A      	RCALL       _Glcd_Set_X
;__Lib_Glcd.c,263 :: 		
0x023E	0x0EFF      	MOVLW       255
0x0240	0x6E5F      	MOVWF       Glcd_Write_Char_font_ch_L0 
;__Lib_Glcd.c,264 :: 		
0x0242	0x6B60      	CLRF        Glcd_Write_Char_font_ch_inv_L0, 1
;__Lib_Glcd.c,266 :: 		
0x0244	0xD00C      	BRA         L_Glcd_Write_Char24
;__Lib_Glcd.c,267 :: 		
L_Glcd_Write_Char26:
;__Lib_Glcd.c,268 :: 		
0x0246	0xF05EC05F  	MOVFF       Glcd_Write_Char_font_ch_L0, Glcd_Write_Char_data_read_L0
;__Lib_Glcd.c,269 :: 		
0x024A	0xF067C05F  	MOVFF       Glcd_Write_Char_font_ch_L0, FARG_Glcd_Write_Data_ddata
0x024E	0xDF4A      	RCALL       _Glcd_Write_Data
;__Lib_Glcd.c,270 :: 		
0x0250	0xD00C      	BRA         L_Glcd_Write_Char25
;__Lib_Glcd.c,271 :: 		
L_Glcd_Write_Char27:
;__Lib_Glcd.c,272 :: 		
0x0252	0xF05EC060  	MOVFF       Glcd_Write_Char_font_ch_inv_L0, Glcd_Write_Char_data_read_L0
;__Lib_Glcd.c,273 :: 		
0x0256	0xF067C060  	MOVFF       Glcd_Write_Char_font_ch_inv_L0, FARG_Glcd_Write_Data_ddata
0x025A	0xDF44      	RCALL       _Glcd_Write_Data
;__Lib_Glcd.c,274 :: 		
0x025C	0xD006      	BRA         L_Glcd_Write_Char25
;__Lib_Glcd.c,275 :: 		
L_Glcd_Write_Char24:
0x025E	0x5164      	MOVF        FARG_Glcd_Write_Char_color, 0, 1
0x0260	0x0A00      	XORLW       0
0x0262	0xE0F1      	BZ          L_Glcd_Write_Char26
0x0264	0x5164      	MOVF        FARG_Glcd_Write_Char_color, 0, 1
0x0266	0x0A01      	XORLW       1
0x0268	0xE0F4      	BZ          L_Glcd_Write_Char27
L_Glcd_Write_Char25:
;__Lib_Glcd.c,277 :: 		
L_end_Glcd_Write_Char:
0x026A	0x0012      	RETURN      0
; end of _Glcd_Write_Char
_Glcd_Init:
;__Lib_Glcd.c,147 :: 		
;__Lib_Glcd.c,148 :: 		
0x026C	0x6A2D      	CLRF        __Lib_Glcd_FontInitialized 
;__Lib_Glcd.c,149 :: 		
0x026E	0x6A2B      	CLRF        __Lib_Glcd_ExternalFontSet 
0x0270	0x6A2C      	CLRF        __Lib_Glcd_ExternalFontSet+1 
;__Lib_Glcd.c,151 :: 		
0x0272	0x9693      	BCF         GLCD_RST_Direction, BitPos(GLCD_RST_Direction+0) 
;__Lib_Glcd.c,152 :: 		
0x0274	0x9496      	BCF         GLCD_EN_Direction, BitPos(GLCD_EN_Direction+0) 
;__Lib_Glcd.c,153 :: 		
0x0276	0x9096      	BCF         GLCD_RS_Direction, BitPos(GLCD_RS_Direction+0) 
;__Lib_Glcd.c,154 :: 		
0x0278	0x9296      	BCF         GLCD_RW_Direction, BitPos(GLCD_RW_Direction+0) 
;__Lib_Glcd.c,155 :: 		
0x027A	0x9A92      	BCF         GLCD_CS1_Direction, BitPos(GLCD_CS1_Direction+0) 
;__Lib_Glcd.c,156 :: 		
0x027C	0x9094      	BCF         GLCD_CS2_Direction, BitPos(GLCD_CS2_Direction+0) 
;__Lib_Glcd.c,158 :: 		
0x027E	0x9681      	BCF         GLCD_RST, BitPos(GLCD_RST+0) 
;__Lib_Glcd.c,163 :: 		
0x0280	0x0E12      	MOVLW       18
0x0282	0x6E00      	MOVWF       R0 
0x0284	0x0E00      	MOVLW       0
0x0286	0x6E01      	MOVWF       R1 
0x0288	0x0E83      	MOVLW       GLCD_DataPort
0x028A	0x2400      	ADDWF       R0, 0 
0x028C	0x6EE1      	MOVWF       FSR1L 
0x028E	0x0E0F      	MOVLW       hi_addr(GLCD_DataPort)
0x0290	0x2001      	ADDWFC      R1, 0 
0x0292	0x6EE2      	MOVWF       FSR1L+1 
0x0294	0x6AE6      	CLRF        POSTINC1 
;__Lib_Glcd.c,173 :: 		
0x0296	0x9084      	BCF         GLCD_RS, BitPos(GLCD_RS+0) 
;__Lib_Glcd.c,174 :: 		
0x0298	0x9284      	BCF         GLCD_RW, BitPos(GLCD_RW+0) 
;__Lib_Glcd.c,176 :: 		
0x029A	0x9A80      	BCF         GLCD_CS1, BitPos(GLCD_CS1+0) 
;__Lib_Glcd.c,177 :: 		
0x029C	0x8082      	BSF         GLCD_CS2, BitPos(GLCD_CS2+0) 
;__Lib_Glcd.c,179 :: 		
0x029E	0x8681      	BSF         GLCD_RST, BitPos(GLCD_RST+0) 
;__Lib_Glcd.c,186 :: 		
0x02A0	0x0E3F      	MOVLW       63
0x02A2	0x6E83      	MOVWF       GLCD_DataPort 
;__Lib_Glcd.c,187 :: 		
0x02A4	0xDEC9      	RCALL       __Lib_Glcd_Strobe
;__Lib_Glcd.c,189 :: 		
0x02A6	0x0EC0      	MOVLW       192
0x02A8	0x6E83      	MOVWF       GLCD_DataPort 
;__Lib_Glcd.c,190 :: 		
0x02AA	0xDEC6      	RCALL       __Lib_Glcd_Strobe
;__Lib_Glcd.c,192 :: 		
0x02AC	0x8A80      	BSF         GLCD_CS1, BitPos(GLCD_CS1+0) 
;__Lib_Glcd.c,193 :: 		
0x02AE	0x9082      	BCF         GLCD_CS2, BitPos(GLCD_CS2+0) 
;__Lib_Glcd.c,195 :: 		
0x02B0	0x0E3F      	MOVLW       63
0x02B2	0x6E83      	MOVWF       GLCD_DataPort 
;__Lib_Glcd.c,196 :: 		
0x02B4	0xDEC1      	RCALL       __Lib_Glcd_Strobe
;__Lib_Glcd.c,198 :: 		
0x02B6	0x0EC0      	MOVLW       192
0x02B8	0x6E83      	MOVWF       GLCD_DataPort 
;__Lib_Glcd.c,199 :: 		
0x02BA	0xDEBE      	RCALL       __Lib_Glcd_Strobe
;__Lib_Glcd.c,201 :: 		
L_end_Glcd_Init:
0x02BC	0x0012      	RETURN      0
; end of _Glcd_Init
_UART1_Init:
;__Lib_UART_c67.c,15 :: 		
;__Lib_UART_c67.c,18 :: 		
0x02BE	0x0EFF      	MOVLW       _UART1_Write
0x02C0	0x6E27      	MOVWF       _UART_Wr_Ptr 
0x02C2	0x0EFF      	MOVLW       hi_addr(_UART1_Write)
0x02C4	0x6E28      	MOVWF       _UART_Wr_Ptr+1 
0x02C6	0x0EFF      	MOVLW       FARG_UART1_Write_data_
0x02C8	0x6E29      	MOVWF       _UART_Wr_Ptr+2 
0x02CA	0x0EFF      	MOVLW       hi_addr(FARG_UART1_Write_data_)
0x02CC	0x6E2A      	MOVWF       _UART_Wr_Ptr+3 
;__Lib_UART_c67.c,19 :: 		
0x02CE	0x0E4A      	MOVLW       _UART1_Read
0x02D0	0x6E36      	MOVWF       _UART_Rd_Ptr 
0x02D2	0x0E01      	MOVLW       hi_addr(_UART1_Read)
0x02D4	0x6E37      	MOVWF       _UART_Rd_Ptr+1 
0x02D6	0x0E00      	MOVLW       0
0x02D8	0x6E38      	MOVWF       _UART_Rd_Ptr+2 
0x02DA	0x0E00      	MOVLW       0
0x02DC	0x6E39      	MOVWF       _UART_Rd_Ptr+3 
;__Lib_UART_c67.c,20 :: 		
0x02DE	0x0E40      	MOVLW       _UART1_Data_Ready
0x02E0	0x6E2E      	MOVWF       _UART_Rdy_Ptr 
0x02E2	0x0E01      	MOVLW       hi_addr(_UART1_Data_Ready)
0x02E4	0x6E2F      	MOVWF       _UART_Rdy_Ptr+1 
0x02E6	0x0E00      	MOVLW       0
0x02E8	0x6E30      	MOVWF       _UART_Rdy_Ptr+2 
0x02EA	0x0E00      	MOVLW       0
0x02EC	0x6E31      	MOVWF       _UART_Rdy_Ptr+3 
;__Lib_UART_c67.c,21 :: 		
0x02EE	0x0EFF      	MOVLW       _UART1_Tx_Idle
0x02F0	0x6E32      	MOVWF       _UART_Tx_Idle_Ptr 
0x02F2	0x0EFF      	MOVLW       hi_addr(_UART1_Tx_Idle)
0x02F4	0x6E33      	MOVWF       _UART_Tx_Idle_Ptr+1 
0x02F6	0x0E00      	MOVLW       0
0x02F8	0x6E34      	MOVWF       _UART_Tx_Idle_Ptr+2 
0x02FA	0x0E00      	MOVLW       0
0x02FC	0x6E35      	MOVWF       _UART_Tx_Idle_Ptr+3 
;__Lib_UART_c67.c,23 :: 		
0x02FE	0x8AAC      	BSF         TXSTA, 5 
;__Lib_UART_c67.c,24 :: 		
0x0300	0x0E90      	MOVLW       144
0x0302	0x6EAB      	MOVWF       RCSTA 
;__Lib_UART_c67.c,25 :: 		
0x0304	0x8E94      	BSF         TRISC7_bit, BitPos(TRISC7_bit+0) 
;__Lib_UART_c67.c,26 :: 		
0x0306	0x9C94      	BCF         TRISC6_bit, BitPos(TRISC6_bit+0) 
;__Lib_UART_c67.c,28 :: 		
L_UART1_Init0:
0x0308	0xAA9E      	BTFSS       PIR1, 5 
0x030A	0xD003      	BRA         L_UART1_Init1
;__Lib_UART_c67.c,29 :: 		
0x030C	0xF000CFAE  	MOVFF       RCREG, R0
0x0310	0xD7FB      	BRA         L_UART1_Init0
L_UART1_Init1:
;__Lib_UART_c67.c,30 :: 		
L_end_UART1_Init:
0x0312	0x0012      	RETURN      0
; end of _UART1_Init
___CC2DW:
;__Lib_System.c,21 :: 		
;__Lib_System.c,23 :: 		
_CC2DL_Loop1:
;__Lib_System.c,24 :: 		
0x0314	0x0009      	TBLRD*+
;__Lib_System.c,25 :: 		
0x0316	0xFFE6CFF5  	MOVFF       TABLAT, POSTINC1
;__Lib_System.c,26 :: 		
0x031A	0x0600      	DECF        R0, 1, 0
;__Lib_System.c,27 :: 		
0x031C	0xE1FB      	BNZ         _CC2DL_Loop1
;__Lib_System.c,28 :: 		
0x031E	0x0601      	DECF        R1, 1, 0
;__Lib_System.c,29 :: 		
0x0320	0xE1F9      	BNZ         _CC2DL_Loop1
;__Lib_System.c,31 :: 		
L_end___CC2DW:
0x0322	0x0012      	RETURN      0
; end of ___CC2DW
_Glcd_Fill:
;__Lib_Glcd.c,125 :: 		
;__Lib_Glcd.c,128 :: 		
0x0324	0x9A80      	BCF         GLCD_CS1, BitPos(GLCD_CS1+0) 
0x0326	0x8082      	BSF         GLCD_CS2, BitPos(GLCD_CS2+0) 
;__Lib_Glcd.c,129 :: 		
0x0328	0x6A57      	CLRF        Glcd_Fill_page_L0 
L_Glcd_Fill2:
0x032A	0x5057      	MOVF        Glcd_Fill_page_L0, 0 
0x032C	0x0807      	SUBLW       7
0x032E	0xE30E      	BNC         L_Glcd_Fill3
;__Lib_Glcd.c,130 :: 		
0x0330	0xF067C057  	MOVFF       Glcd_Fill_page_L0, FARG_Glcd_Set_Page_page
0x0334	0xDE86      	RCALL       _Glcd_Set_Page
;__Lib_Glcd.c,132 :: 		
0x0336	0x6A56      	CLRF        Glcd_Fill_yy_L0 
L_Glcd_Fill5:
0x0338	0x5056      	MOVF        Glcd_Fill_yy_L0, 0 
0x033A	0x083F      	SUBLW       63
0x033C	0xE305      	BNC         L_Glcd_Fill6
;__Lib_Glcd.c,133 :: 		
0x033E	0xF067C055  	MOVFF       FARG_Glcd_Fill_pattern, FARG_Glcd_Write_Data_ddata
0x0342	0xDED0      	RCALL       _Glcd_Write_Data
;__Lib_Glcd.c,132 :: 		
0x0344	0x2A56      	INCF        Glcd_Fill_yy_L0, 1 
;__Lib_Glcd.c,135 :: 		
0x0346	0xD7F8      	BRA         L_Glcd_Fill5
L_Glcd_Fill6:
;__Lib_Glcd.c,129 :: 		
0x0348	0x2A57      	INCF        Glcd_Fill_page_L0, 1 
;__Lib_Glcd.c,136 :: 		
0x034A	0xD7EF      	BRA         L_Glcd_Fill2
L_Glcd_Fill3:
;__Lib_Glcd.c,138 :: 		
0x034C	0x9082      	BCF         GLCD_CS2, BitPos(GLCD_CS2+0) 
0x034E	0x8A80      	BSF         GLCD_CS1, BitPos(GLCD_CS1+0) 
;__Lib_Glcd.c,139 :: 		
0x0350	0x6A57      	CLRF        Glcd_Fill_page_L0 
L_Glcd_Fill8:
0x0352	0x5057      	MOVF        Glcd_Fill_page_L0, 0 
0x0354	0x0807      	SUBLW       7
0x0356	0xE30E      	BNC         L_Glcd_Fill9
;__Lib_Glcd.c,140 :: 		
0x0358	0xF067C057  	MOVFF       Glcd_Fill_page_L0, FARG_Glcd_Set_Page_page
0x035C	0xDE72      	RCALL       _Glcd_Set_Page
;__Lib_Glcd.c,141 :: 		
0x035E	0x6A56      	CLRF        Glcd_Fill_yy_L0 
L_Glcd_Fill11:
0x0360	0x5056      	MOVF        Glcd_Fill_yy_L0, 0 
0x0362	0x083F      	SUBLW       63
0x0364	0xE305      	BNC         L_Glcd_Fill12
;__Lib_Glcd.c,142 :: 		
0x0366	0xF067C055  	MOVFF       FARG_Glcd_Fill_pattern, FARG_Glcd_Write_Data_ddata
0x036A	0xDEBC      	RCALL       _Glcd_Write_Data
;__Lib_Glcd.c,141 :: 		
0x036C	0x2A56      	INCF        Glcd_Fill_yy_L0, 1 
;__Lib_Glcd.c,142 :: 		
0x036E	0xD7F8      	BRA         L_Glcd_Fill11
L_Glcd_Fill12:
;__Lib_Glcd.c,139 :: 		
0x0370	0x2A57      	INCF        Glcd_Fill_page_L0, 1 
;__Lib_Glcd.c,143 :: 		
0x0372	0xD7EF      	BRA         L_Glcd_Fill8
L_Glcd_Fill9:
;__Lib_Glcd.c,144 :: 		
L_end_Glcd_Fill:
0x0374	0x0012      	RETURN      0
; end of _Glcd_Fill
_UART1_Read_Text:
;__Lib_UART_c67.c,78 :: 		
;__Lib_UART_c67.c,79 :: 		
0x0376	0x6A5B      	CLRF        UART1_Read_Text_out_idx_L0 
0x0378	0x6A5C      	CLRF        UART1_Read_Text_delim_idx_L0 
;__Lib_UART_c67.c,81 :: 		
L_UART1_Read_Text7:
0x037A	0x5259      	MOVF        FARG_UART1_Read_Text_Attempts, 1 
0x037C	0xE041      	BZ          L_UART1_Read_Text8
;__Lib_UART_c67.c,83 :: 		
0x037E	0x5059      	MOVF        FARG_UART1_Read_Text_Attempts, 0 
0x0380	0x0AFF      	XORLW       255
0x0382	0xA4D8      	BTFSS       STATUS, 2 
;__Lib_UART_c67.c,84 :: 		
0x0384	0x0659      	DECF        FARG_UART1_Read_Text_Attempts, 1 
L_UART1_Read_Text9:
;__Lib_UART_c67.c,86 :: 		
L_UART1_Read_Text10:
0x0386	0xDEDC      	RCALL       _UART1_Data_Ready
0x0388	0x5000      	MOVF        R0, 0 
0x038A	0x0A00      	XORLW       0
0x038C	0xE101      	BNZ         L_UART1_Read_Text11
;__Lib_UART_c67.c,87 :: 		
0x038E	0xD7FB      	BRA         L_UART1_Read_Text10
L_UART1_Read_Text11:
;__Lib_UART_c67.c,89 :: 		
0x0390	0xDEDC      	RCALL       _UART1_Read
0x0392	0xF05AC000  	MOVFF       R0, UART1_Read_Text_r_data_L0
;__Lib_UART_c67.c,90 :: 		
0x0396	0x505B      	MOVF        UART1_Read_Text_out_idx_L0, 0 
0x0398	0x2455      	ADDWF       FARG_UART1_Read_Text_Output, 0 
0x039A	0x6EE1      	MOVWF       FSR1L 
0x039C	0x0E00      	MOVLW       0
0x039E	0x2056      	ADDWFC      FARG_UART1_Read_Text_Output+1, 0 
0x03A0	0x6EE2      	MOVWF       FSR1L+1 
0x03A2	0xFFE6C000  	MOVFF       R0, POSTINC1
0x03A6	0x2A5B      	INCF        UART1_Read_Text_out_idx_L0, 1 
;__Lib_UART_c67.c,91 :: 		
0x03A8	0x505C      	MOVF        UART1_Read_Text_delim_idx_L0, 0 
0x03AA	0x2457      	ADDWF       FARG_UART1_Read_Text_Delimiter, 0 
0x03AC	0x6EE9      	MOVWF       FSR0L 
0x03AE	0x0E00      	MOVLW       0
0x03B0	0x2058      	ADDWFC      FARG_UART1_Read_Text_Delimiter+1, 0 
0x03B2	0x6EEA      	MOVWF       FSR0L+1 
0x03B4	0x50EE      	MOVF        POSTINC0, 0 
0x03B6	0x185A      	XORWF       UART1_Read_Text_r_data_L0, 0 
0x03B8	0xE102      	BNZ         L_UART1_Read_Text12
;__Lib_UART_c67.c,92 :: 		
0x03BA	0x2A5C      	INCF        UART1_Read_Text_delim_idx_L0, 1 
;__Lib_UART_c67.c,93 :: 		
0x03BC	0xD009      	BRA         L_UART1_Read_Text13
L_UART1_Read_Text12:
;__Lib_UART_c67.c,95 :: 		
0x03BE	0x6A5C      	CLRF        UART1_Read_Text_delim_idx_L0 
;__Lib_UART_c67.c,96 :: 		
0x03C0	0xFFE9C057  	MOVFF       FARG_UART1_Read_Text_Delimiter, FSR0L
0x03C4	0xFFEAC058  	MOVFF       FARG_UART1_Read_Text_Delimiter+1, FSR0H
0x03C8	0x50EE      	MOVF        POSTINC0, 0 
0x03CA	0x185A      	XORWF       UART1_Read_Text_r_data_L0, 0 
0x03CC	0xB4D8      	BTFSC       STATUS, 2 
;__Lib_UART_c67.c,97 :: 		
0x03CE	0x2A5C      	INCF        UART1_Read_Text_delim_idx_L0, 1 
;__Lib_UART_c67.c,98 :: 		
L_UART1_Read_Text14:
;__Lib_UART_c67.c,99 :: 		
L_UART1_Read_Text13:
;__Lib_UART_c67.c,101 :: 		
0x03D0	0x505C      	MOVF        UART1_Read_Text_delim_idx_L0, 0 
0x03D2	0x2457      	ADDWF       FARG_UART1_Read_Text_Delimiter, 0 
0x03D4	0x6EE9      	MOVWF       FSR0L 
0x03D6	0x0E00      	MOVLW       0
0x03D8	0x2058      	ADDWFC      FARG_UART1_Read_Text_Delimiter+1, 0 
0x03DA	0x6EEA      	MOVWF       FSR0L+1 
0x03DC	0x50EE      	MOVF        POSTINC0, 0 
0x03DE	0x0A00      	XORLW       0
0x03E0	0xE10E      	BNZ         L_UART1_Read_Text15
;__Lib_UART_c67.c,102 :: 		
0x03E2	0x505C      	MOVF        UART1_Read_Text_delim_idx_L0, 0 
0x03E4	0x5C5B      	SUBWF       UART1_Read_Text_out_idx_L0, 0 
0x03E6	0x6E00      	MOVWF       R0 
0x03E8	0x6A01      	CLRF        R1 
0x03EA	0x0E00      	MOVLW       0
0x03EC	0x5A01      	SUBWFB      R1, 1 
0x03EE	0x5000      	MOVF        R0, 0 
0x03F0	0x2455      	ADDWF       FARG_UART1_Read_Text_Output, 0 
0x03F2	0x6EE1      	MOVWF       FSR1L 
0x03F4	0x5001      	MOVF        R1, 0 
0x03F6	0x2056      	ADDWFC      FARG_UART1_Read_Text_Output+1, 0 
0x03F8	0x6EE2      	MOVWF       FSR1L+1 
0x03FA	0x6AE6      	CLRF        POSTINC1 
;__Lib_UART_c67.c,103 :: 		
0x03FC	0xD006      	BRA         L_end_UART1_Read_Text
;__Lib_UART_c67.c,104 :: 		
L_UART1_Read_Text15:
;__Lib_UART_c67.c,106 :: 		
0x03FE	0xD7BD      	BRA         L_UART1_Read_Text7
L_UART1_Read_Text8:
;__Lib_UART_c67.c,107 :: 		
0x0400	0xFFE1C055  	MOVFF       FARG_UART1_Read_Text_Output, FSR1L
0x0404	0xFFE2C056  	MOVFF       FARG_UART1_Read_Text_Output+1, FSR1H
0x0408	0x6AE6      	CLRF        POSTINC1 
;__Lib_UART_c67.c,108 :: 		
L_end_UART1_Read_Text:
0x040A	0x0012      	RETURN      0
; end of _UART1_Read_Text
_Glcd_Write_Text:
;__Lib_Glcd.c,281 :: 		
;__Lib_Glcd.c,282 :: 		
0x040C	0x6A5A      	CLRF        Glcd_Write_Text_i_L0 
;__Lib_Glcd.c,284 :: 		
0x040E	0x502D      	MOVF        __Lib_Glcd_FontInitialized, 0 
0x0410	0x0A00      	XORLW       0
0x0412	0xE10E      	BNZ         L_Glcd_Write_Text28
;__Lib_Glcd.c,286 :: 		
0x0414	0x0E05      	MOVLW       5
0x0416	0x6E3B      	MOVWF       __Lib_Glcd_fontW 
;__Lib_Glcd.c,287 :: 		
0x0418	0x0E07      	MOVLW       7
0x041A	0x6E3A      	MOVWF       __Lib_Glcd_fontH 
;__Lib_Glcd.c,288 :: 		
0x041C	0x0E7A      	MOVLW       _font5x7
0x041E	0x6E3E      	MOVWF       __Lib_Glcd_fontDef 
0x0420	0x0E06      	MOVLW       hi_addr(_font5x7)
0x0422	0x6E3F      	MOVWF       __Lib_Glcd_fontDef+1 
0x0424	0x0E00      	MOVLW       higher_addr(_font5x7)
0x0426	0x6E40      	MOVWF       __Lib_Glcd_fontDef+2 
;__Lib_Glcd.c,289 :: 		
0x0428	0x0E20      	MOVLW       32
0x042A	0x6E3C      	MOVWF       __Lib_Glcd_fontOffset 
0x042C	0x0E00      	MOVLW       0
0x042E	0x6E3D      	MOVWF       __Lib_Glcd_fontOffset+1 
;__Lib_Glcd.c,290 :: 		
L_Glcd_Write_Text28:
;__Lib_Glcd.c,293 :: 		
L_Glcd_Write_Text29:
0x0430	0x505A      	MOVF        Glcd_Write_Text_i_L0, 0 
0x0432	0x2455      	ADDWF       FARG_Glcd_Write_Text_text, 0 
0x0434	0x6EE9      	MOVWF       FSR0L 
0x0436	0x0E00      	MOVLW       0
0x0438	0x2056      	ADDWFC      FARG_Glcd_Write_Text_text+1, 0 
0x043A	0x6EEA      	MOVWF       FSR0L+1 
0x043C	0x52EE      	MOVF        POSTINC0, 1 
0x043E	0xE016      	BZ          L_Glcd_Write_Text30
;__Lib_Glcd.c,294 :: 		
0x0440	0x505A      	MOVF        Glcd_Write_Text_i_L0, 0 
0x0442	0x2455      	ADDWF       FARG_Glcd_Write_Text_text, 0 
0x0444	0x6EE9      	MOVWF       FSR0L 
0x0446	0x0E00      	MOVLW       0
0x0448	0x2056      	ADDWFC      FARG_Glcd_Write_Text_text+1, 0 
0x044A	0x6EEA      	MOVWF       FSR0L+1 
0x044C	0xF061CFEE  	MOVFF       POSTINC0, FARG_Glcd_Write_Char_chr
0x0450	0xF062C057  	MOVFF       FARG_Glcd_Write_Text_x_pos, FARG_Glcd_Write_Char_x_pos
0x0454	0xF063C058  	MOVFF       FARG_Glcd_Write_Text_page_num, FARG_Glcd_Write_Char_page_num
0x0458	0xF064C059  	MOVFF       FARG_Glcd_Write_Text_color, FARG_Glcd_Write_Char_color
0x045C	0xDE7F      	RCALL       _Glcd_Write_Char
;__Lib_Glcd.c,295 :: 		
0x045E	0x503B      	MOVF        __Lib_Glcd_fontW, 0 
0x0460	0x0F01      	ADDLW       1
0x0462	0x6E00      	MOVWF       R0 
0x0464	0x5000      	MOVF        R0, 0 
0x0466	0x2657      	ADDWF       FARG_Glcd_Write_Text_x_pos, 1 
;__Lib_Glcd.c,296 :: 		
0x0468	0x2A5A      	INCF        Glcd_Write_Text_i_L0, 1 
;__Lib_Glcd.c,297 :: 		
0x046A	0xD7E2      	BRA         L_Glcd_Write_Text29
L_Glcd_Write_Text30:
;__Lib_Glcd.c,298 :: 		
L_end_Glcd_Write_Text:
0x046C	0x0012      	RETURN      0
; end of _Glcd_Write_Text
_Glcd_Set_Font:
;__Lib_Glcd.c,205 :: 		
;__Lib_Glcd.c,206 :: 		
0x046E	0xF03EC055  	MOVFF       FARG_Glcd_Set_Font_activeFont, __Lib_Glcd_fontDef
0x0472	0xF03FC056  	MOVFF       FARG_Glcd_Set_Font_activeFont+1, __Lib_Glcd_fontDef+1
0x0476	0xF040C057  	MOVFF       FARG_Glcd_Set_Font_activeFont+2, __Lib_Glcd_fontDef+2
;__Lib_Glcd.c,207 :: 		
0x047A	0xF03CC05A  	MOVFF       FARG_Glcd_Set_Font_aFontOffs, __Lib_Glcd_fontOffset
0x047E	0xF03DC05B  	MOVFF       FARG_Glcd_Set_Font_aFontOffs+1, __Lib_Glcd_fontOffset+1
;__Lib_Glcd.c,208 :: 		
0x0482	0xF03BC058  	MOVFF       FARG_Glcd_Set_Font_aFontWidth, __Lib_Glcd_fontW
;__Lib_Glcd.c,209 :: 		
0x0486	0xF03AC059  	MOVFF       FARG_Glcd_Set_Font_aFontHeight, __Lib_Glcd_fontH
;__Lib_Glcd.c,210 :: 		
0x048A	0x0E01      	MOVLW       1
0x048C	0x6E2D      	MOVWF       __Lib_Glcd_FontInitialized 
;__Lib_Glcd.c,211 :: 		
L_end_Glcd_Set_Font:
0x048E	0x0012      	RETURN      0
; end of _Glcd_Set_Font
0x086C	0xF015EE10  	LFSR        1, 21
0x0870	0x0E12      	MOVLW       18
0x0872	0x6E00      	MOVWF       R0 
0x0874	0x0E01      	MOVLW       1
0x0876	0x6E01      	MOVWF       R1 
0x0878	0x0E5A      	MOVLW       90
0x087A	0x6EF6      	MOVWF       TBLPTR 
0x087C	0x0E08      	MOVLW       8
0x087E	0x6EF7      	MOVWF       TBLPTRH 
0x0880	0x0E00      	MOVLW       0
0x0882	0x6EF8      	MOVWF       TBLPTRU 
0x0884	0xF001EC8A  	CALL        788, 0
0x0888	0x0012      	RETURN      0
_main:
0x1000	0xF004EC36  	CALL        2156, 0
;Bluetooth.c,18 :: 		void main() org 0x1000
;Bluetooth.c,20 :: 		delay_ms(3000); // Delay para estabilizar
0x1004	0x0EB7      	MOVLW       183
0x1006	0x6E0B      	MOVWF       R11, 0
0x1008	0x0EA1      	MOVLW       161
0x100A	0x6E0C      	MOVWF       R12, 0
0x100C	0x0EC3      	MOVLW       195
0x100E	0x6E0D      	MOVWF       R13, 0
L_main0:
0x1010	0x2E0D      	DECFSZ      R13, 1, 0
0x1012	0xD7FE      	BRA         L_main0
0x1014	0x2E0C      	DECFSZ      R12, 1, 0
0x1016	0xD7FC      	BRA         L_main0
0x1018	0x2E0B      	DECFSZ      R11, 1, 0
0x101A	0xD7FA      	BRA         L_main0
0x101C	0x0000      	NOP
0x101E	0x0000      	NOP
;Bluetooth.c,21 :: 		adcon1=0x0F; //Passa alguns pinos do pic para formato digital
0x1020	0x0E0F      	MOVLW       15
0x1022	0x6EC1      	MOVWF       ADCON1 
;Bluetooth.c,22 :: 		trisd=0x00;  // define a porta d como saída
0x1024	0x6A95      	CLRF        TRISD 
;Bluetooth.c,23 :: 		rcon=0x80;
0x1026	0x0E80      	MOVLW       128
0x1028	0x6ED0      	MOVWF       RCON 
;Bluetooth.c,24 :: 		cmcon=0x0F;
0x102A	0x0E0F      	MOVLW       15
0x102C	0x6EB4      	MOVWF       CMCON 
;Bluetooth.c,25 :: 		intcon2=0;
0x102E	0x6AF1      	CLRF        INTCON2 
;Bluetooth.c,27 :: 		UART1_Init(9600);//inicia o modulo UART com velocidade de 9600bps
0x1030	0x86B8      	BSF         BAUDCON, 3, 0
0x1032	0x0E04      	MOVLW       4
0x1034	0x6EB0      	MOVWF       SPBRGH 
0x1036	0x0EE1      	MOVLW       225
0x1038	0x6EAF      	MOVWF       SPBRG 
0x103A	0x84AC      	BSF         TXSTA, 2, 0
0x103C	0xF001EC5F  	CALL        _UART1_Init, 0
;Bluetooth.c,28 :: 		delay_ms(100);//espere 10ms para estabilizar
0x1040	0x0E07      	MOVLW       7
0x1042	0x6E0B      	MOVWF       R11, 0
0x1044	0x0E17      	MOVLW       23
0x1046	0x6E0C      	MOVWF       R12, 0
0x1048	0x0E6A      	MOVLW       106
0x104A	0x6E0D      	MOVWF       R13, 0
L_main1:
0x104C	0x2E0D      	DECFSZ      R13, 1, 0
0x104E	0xD7FE      	BRA         L_main1
0x1050	0x2E0C      	DECFSZ      R12, 1, 0
0x1052	0xD7FC      	BRA         L_main1
0x1054	0x2E0B      	DECFSZ      R11, 1, 0
0x1056	0xD7FA      	BRA         L_main1
0x1058	0x0000      	NOP
;Bluetooth.c,30 :: 		Glcd_Init(); //Inicializar o GLCD
0x105A	0xF001EC36  	CALL        _Glcd_Init, 0
;Bluetooth.c,31 :: 		Glcd_Fill(0);
0x105E	0x6A55      	CLRF        FARG_Glcd_Fill_pattern 
0x1060	0xF001EC92  	CALL        _Glcd_Fill, 0
;Bluetooth.c,32 :: 		Glcd_Set_Font(Font_Glcd_System5x7,5,7,32);
0x1064	0x0E90      	MOVLW       _Font_Glcd_System5x7
0x1066	0x6E55      	MOVWF       FARG_Glcd_Set_Font_activeFont 
0x1068	0x0E04      	MOVLW       hi_addr(_Font_Glcd_System5x7)
0x106A	0x6E56      	MOVWF       FARG_Glcd_Set_Font_activeFont+1 
0x106C	0x0E00      	MOVLW       higher_addr(_Font_Glcd_System5x7)
0x106E	0x6E57      	MOVWF       FARG_Glcd_Set_Font_activeFont+2 
0x1070	0x0E05      	MOVLW       5
0x1072	0x6E58      	MOVWF       FARG_Glcd_Set_Font_aFontWidth 
0x1074	0x0E07      	MOVLW       7
0x1076	0x6E59      	MOVWF       FARG_Glcd_Set_Font_aFontHeight 
0x1078	0x0E20      	MOVLW       32
0x107A	0x6E5A      	MOVWF       FARG_Glcd_Set_Font_aFontOffs 
0x107C	0x0E00      	MOVLW       0
0x107E	0x6E5B      	MOVWF       FARG_Glcd_Set_Font_aFontOffs+1 
0x1080	0xF002EC37  	CALL        _Glcd_Set_Font, 0
;Bluetooth.c,34 :: 		delay_ms(100);
0x1084	0x0E07      	MOVLW       7
0x1086	0x6E0B      	MOVWF       R11, 0
0x1088	0x0E17      	MOVLW       23
0x108A	0x6E0C      	MOVWF       R12, 0
0x108C	0x0E6A      	MOVLW       106
0x108E	0x6E0D      	MOVWF       R13, 0
L_main2:
0x1090	0x2E0D      	DECFSZ      R13, 1, 0
0x1092	0xD7FE      	BRA         L_main2
0x1094	0x2E0C      	DECFSZ      R12, 1, 0
0x1096	0xD7FC      	BRA         L_main2
0x1098	0x2E0B      	DECFSZ      R11, 1, 0
0x109A	0xD7FA      	BRA         L_main2
0x109C	0x0000      	NOP
;Bluetooth.c,35 :: 		Glcd_Write_Text(msg,10,3,1);
0x109E	0x0E18      	MOVLW       _msg
0x10A0	0x6E55      	MOVWF       FARG_Glcd_Write_Text_text 
0x10A2	0x0E00      	MOVLW       hi_addr(_msg)
0x10A4	0x6E56      	MOVWF       FARG_Glcd_Write_Text_text+1 
0x10A6	0x0E0A      	MOVLW       10
0x10A8	0x6E57      	MOVWF       FARG_Glcd_Write_Text_x_pos 
0x10AA	0x0E03      	MOVLW       3
0x10AC	0x6E58      	MOVWF       FARG_Glcd_Write_Text_page_num 
0x10AE	0x0E01      	MOVLW       1
0x10B0	0x6E59      	MOVWF       FARG_Glcd_Write_Text_color 
0x10B2	0xF002EC06  	CALL        _Glcd_Write_Text, 0
;Bluetooth.c,37 :: 		while(1)
L_main3:
;Bluetooth.c,39 :: 		if (UART1_Data_Ready() == 1)
0x10B6	0xF000ECA0  	CALL        _UART1_Data_Ready, 0
0x10BA	0x5000      	MOVF        R0, 0 
0x10BC	0x0A01      	XORLW       1
0x10BE	0xE120      	BNZ         L_main5
;Bluetooth.c,41 :: 		UART1_Read_Text(txt, "//",16);
0x10C0	0x0E41      	MOVLW       _txt
0x10C2	0x6E55      	MOVWF       FARG_UART1_Read_Text_Output 
0x10C4	0x0E00      	MOVLW       hi_addr(_txt)
0x10C6	0x6E56      	MOVWF       FARG_UART1_Read_Text_Output+1 
0x10C8	0x0E15      	MOVLW       ?lstr1_Bluetooth
0x10CA	0x6E57      	MOVWF       FARG_UART1_Read_Text_Delimiter 
0x10CC	0x0E00      	MOVLW       hi_addr(?lstr1_Bluetooth)
0x10CE	0x6E58      	MOVWF       FARG_UART1_Read_Text_Delimiter+1 
0x10D0	0x0E10      	MOVLW       16
0x10D2	0x6E59      	MOVWF       FARG_UART1_Read_Text_Attempts 
0x10D4	0xF001ECBB  	CALL        _UART1_Read_Text, 0
;Bluetooth.c,42 :: 		delay_ms(10);
0x10D8	0x0E9C      	MOVLW       156
0x10DA	0x6E0C      	MOVWF       R12, 0
0x10DC	0x0ED7      	MOVLW       215
0x10DE	0x6E0D      	MOVWF       R13, 0
L_main6:
0x10E0	0x2E0D      	DECFSZ      R13, 1, 0
0x10E2	0xD7FE      	BRA         L_main6
0x10E4	0x2E0C      	DECFSZ      R12, 1, 0
0x10E6	0xD7FC      	BRA         L_main6
;Bluetooth.c,43 :: 		Glcd_Write_Text(txt,40,5,1);
0x10E8	0x0E41      	MOVLW       _txt
0x10EA	0x6E55      	MOVWF       FARG_Glcd_Write_Text_text 
0x10EC	0x0E00      	MOVLW       hi_addr(_txt)
0x10EE	0x6E56      	MOVWF       FARG_Glcd_Write_Text_text+1 
0x10F0	0x0E28      	MOVLW       40
0x10F2	0x6E57      	MOVWF       FARG_Glcd_Write_Text_x_pos 
0x10F4	0x0E05      	MOVLW       5
0x10F6	0x6E58      	MOVWF       FARG_Glcd_Write_Text_page_num 
0x10F8	0x0E01      	MOVLW       1
0x10FA	0x6E59      	MOVWF       FARG_Glcd_Write_Text_color 
0x10FC	0xF002EC06  	CALL        _Glcd_Write_Text, 0
;Bluetooth.c,44 :: 		}
L_main5:
;Bluetooth.c,45 :: 		}
0x1100	0xD7DA      	BRA         L_main3
;Bluetooth.c,46 :: 		}
L_end_main:
0x1102	0xD7FF      	BRA         $+0
; end of _main
;__Lib_GlcdFonts.c,7 :: _Font_Glcd_System5x7
0x0490	0x0000 ;_Font_Glcd_System5x7+0
0x0492	0x0000 ;_Font_Glcd_System5x7+2
0x0494	0x0000 ;_Font_Glcd_System5x7+4
0x0496	0x4F00 ;_Font_Glcd_System5x7+6
0x0498	0x0000 ;_Font_Glcd_System5x7+8
0x049A	0x0700 ;_Font_Glcd_System5x7+10
0x049C	0x0700 ;_Font_Glcd_System5x7+12
0x049E	0x1400 ;_Font_Glcd_System5x7+14
0x04A0	0x147F ;_Font_Glcd_System5x7+16
0x04A2	0x147F ;_Font_Glcd_System5x7+18
0x04A4	0x2A24 ;_Font_Glcd_System5x7+20
0x04A6	0x2A7F ;_Font_Glcd_System5x7+22
0x04A8	0x2312 ;_Font_Glcd_System5x7+24
0x04AA	0x0813 ;_Font_Glcd_System5x7+26
0x04AC	0x6264 ;_Font_Glcd_System5x7+28
0x04AE	0x4936 ;_Font_Glcd_System5x7+30
0x04B0	0x2255 ;_Font_Glcd_System5x7+32
0x04B2	0x0020 ;_Font_Glcd_System5x7+34
0x04B4	0x0305 ;_Font_Glcd_System5x7+36
0x04B6	0x0000 ;_Font_Glcd_System5x7+38
0x04B8	0x1C00 ;_Font_Glcd_System5x7+40
0x04BA	0x4122 ;_Font_Glcd_System5x7+42
0x04BC	0x0000 ;_Font_Glcd_System5x7+44
0x04BE	0x2241 ;_Font_Glcd_System5x7+46
0x04C0	0x001C ;_Font_Glcd_System5x7+48
0x04C2	0x0814 ;_Font_Glcd_System5x7+50
0x04C4	0x083E ;_Font_Glcd_System5x7+52
0x04C6	0x0814 ;_Font_Glcd_System5x7+54
0x04C8	0x3E08 ;_Font_Glcd_System5x7+56
0x04CA	0x0808 ;_Font_Glcd_System5x7+58
0x04CC	0x3050 ;_Font_Glcd_System5x7+60
0x04CE	0x0000 ;_Font_Glcd_System5x7+62
0x04D0	0x0800 ;_Font_Glcd_System5x7+64
0x04D2	0x0808 ;_Font_Glcd_System5x7+66
0x04D4	0x0808 ;_Font_Glcd_System5x7+68
0x04D6	0x6000 ;_Font_Glcd_System5x7+70
0x04D8	0x0060 ;_Font_Glcd_System5x7+72
0x04DA	0x2000 ;_Font_Glcd_System5x7+74
0x04DC	0x0810 ;_Font_Glcd_System5x7+76
0x04DE	0x0204 ;_Font_Glcd_System5x7+78
0x04E0	0x513E ;_Font_Glcd_System5x7+80
0x04E2	0x4549 ;_Font_Glcd_System5x7+82
0x04E4	0x003E ;_Font_Glcd_System5x7+84
0x04E6	0x7F42 ;_Font_Glcd_System5x7+86
0x04E8	0x0040 ;_Font_Glcd_System5x7+88
0x04EA	0x6142 ;_Font_Glcd_System5x7+90
0x04EC	0x4951 ;_Font_Glcd_System5x7+92
0x04EE	0x2146 ;_Font_Glcd_System5x7+94
0x04F0	0x4541 ;_Font_Glcd_System5x7+96
0x04F2	0x314B ;_Font_Glcd_System5x7+98
0x04F4	0x1418 ;_Font_Glcd_System5x7+100
0x04F6	0x7F12 ;_Font_Glcd_System5x7+102
0x04F8	0x2710 ;_Font_Glcd_System5x7+104
0x04FA	0x4545 ;_Font_Glcd_System5x7+106
0x04FC	0x3945 ;_Font_Glcd_System5x7+108
0x04FE	0x4A3C ;_Font_Glcd_System5x7+110
0x0500	0x4949 ;_Font_Glcd_System5x7+112
0x0502	0x0130 ;_Font_Glcd_System5x7+114
0x0504	0x0971 ;_Font_Glcd_System5x7+116
0x0506	0x0305 ;_Font_Glcd_System5x7+118
0x0508	0x4936 ;_Font_Glcd_System5x7+120
0x050A	0x4949 ;_Font_Glcd_System5x7+122
0x050C	0x0636 ;_Font_Glcd_System5x7+124
0x050E	0x4949 ;_Font_Glcd_System5x7+126
0x0510	0x1E29 ;_Font_Glcd_System5x7+128
0x0512	0x3600 ;_Font_Glcd_System5x7+130
0x0514	0x0036 ;_Font_Glcd_System5x7+132
0x0516	0x0000 ;_Font_Glcd_System5x7+134
0x0518	0x3656 ;_Font_Glcd_System5x7+136
0x051A	0x0000 ;_Font_Glcd_System5x7+138
0x051C	0x1408 ;_Font_Glcd_System5x7+140
0x051E	0x4122 ;_Font_Glcd_System5x7+142
0x0520	0x1400 ;_Font_Glcd_System5x7+144
0x0522	0x1414 ;_Font_Glcd_System5x7+146
0x0524	0x1414 ;_Font_Glcd_System5x7+148
0x0526	0x4100 ;_Font_Glcd_System5x7+150
0x0528	0x1422 ;_Font_Glcd_System5x7+152
0x052A	0x0208 ;_Font_Glcd_System5x7+154
0x052C	0x5101 ;_Font_Glcd_System5x7+156
0x052E	0x0609 ;_Font_Glcd_System5x7+158
0x0530	0x413E ;_Font_Glcd_System5x7+160
0x0532	0x555D ;_Font_Glcd_System5x7+162
0x0534	0x7E1E ;_Font_Glcd_System5x7+164
0x0536	0x1111 ;_Font_Glcd_System5x7+166
0x0538	0x7E11 ;_Font_Glcd_System5x7+168
0x053A	0x497F ;_Font_Glcd_System5x7+170
0x053C	0x4949 ;_Font_Glcd_System5x7+172
0x053E	0x3E36 ;_Font_Glcd_System5x7+174
0x0540	0x4141 ;_Font_Glcd_System5x7+176
0x0542	0x2241 ;_Font_Glcd_System5x7+178
0x0544	0x417F ;_Font_Glcd_System5x7+180
0x0546	0x2241 ;_Font_Glcd_System5x7+182
0x0548	0x7F1C ;_Font_Glcd_System5x7+184
0x054A	0x4949 ;_Font_Glcd_System5x7+186
0x054C	0x4149 ;_Font_Glcd_System5x7+188
0x054E	0x097F ;_Font_Glcd_System5x7+190
0x0550	0x0909 ;_Font_Glcd_System5x7+192
0x0552	0x3E01 ;_Font_Glcd_System5x7+194
0x0554	0x4941 ;_Font_Glcd_System5x7+196
0x0556	0x7A49 ;_Font_Glcd_System5x7+198
0x0558	0x087F ;_Font_Glcd_System5x7+200
0x055A	0x0808 ;_Font_Glcd_System5x7+202
0x055C	0x007F ;_Font_Glcd_System5x7+204
0x055E	0x7F41 ;_Font_Glcd_System5x7+206
0x0560	0x0041 ;_Font_Glcd_System5x7+208
0x0562	0x4020 ;_Font_Glcd_System5x7+210
0x0564	0x3F41 ;_Font_Glcd_System5x7+212
0x0566	0x7F01 ;_Font_Glcd_System5x7+214
0x0568	0x1408 ;_Font_Glcd_System5x7+216
0x056A	0x4122 ;_Font_Glcd_System5x7+218
0x056C	0x407F ;_Font_Glcd_System5x7+220
0x056E	0x4040 ;_Font_Glcd_System5x7+222
0x0570	0x7F40 ;_Font_Glcd_System5x7+224
0x0572	0x0C02 ;_Font_Glcd_System5x7+226
0x0574	0x7F02 ;_Font_Glcd_System5x7+228
0x0576	0x047F ;_Font_Glcd_System5x7+230
0x0578	0x1008 ;_Font_Glcd_System5x7+232
0x057A	0x3E7F ;_Font_Glcd_System5x7+234
0x057C	0x4141 ;_Font_Glcd_System5x7+236
0x057E	0x3E41 ;_Font_Glcd_System5x7+238
0x0580	0x097F ;_Font_Glcd_System5x7+240
0x0582	0x0909 ;_Font_Glcd_System5x7+242
0x0584	0x3E06 ;_Font_Glcd_System5x7+244
0x0586	0x5141 ;_Font_Glcd_System5x7+246
0x0588	0x5E21 ;_Font_Glcd_System5x7+248
0x058A	0x097F ;_Font_Glcd_System5x7+250
0x058C	0x2919 ;_Font_Glcd_System5x7+252
0x058E	0x2646 ;_Font_Glcd_System5x7+254
0x0590	0x4949 ;_Font_Glcd_System5x7+256
0x0592	0x3249 ;_Font_Glcd_System5x7+258
0x0594	0x0101 ;_Font_Glcd_System5x7+260
0x0596	0x017F ;_Font_Glcd_System5x7+262
0x0598	0x3F01 ;_Font_Glcd_System5x7+264
0x059A	0x4040 ;_Font_Glcd_System5x7+266
0x059C	0x3F40 ;_Font_Glcd_System5x7+268
0x059E	0x201F ;_Font_Glcd_System5x7+270
0x05A0	0x2040 ;_Font_Glcd_System5x7+272
0x05A2	0x3F1F ;_Font_Glcd_System5x7+274
0x05A4	0x3840 ;_Font_Glcd_System5x7+276
0x05A6	0x3F40 ;_Font_Glcd_System5x7+278
0x05A8	0x1463 ;_Font_Glcd_System5x7+280
0x05AA	0x1408 ;_Font_Glcd_System5x7+282
0x05AC	0x0763 ;_Font_Glcd_System5x7+284
0x05AE	0x7008 ;_Font_Glcd_System5x7+286
0x05B0	0x0708 ;_Font_Glcd_System5x7+288
0x05B2	0x5161 ;_Font_Glcd_System5x7+290
0x05B4	0x4549 ;_Font_Glcd_System5x7+292
0x05B6	0x0043 ;_Font_Glcd_System5x7+294
0x05B8	0x417F ;_Font_Glcd_System5x7+296
0x05BA	0x0041 ;_Font_Glcd_System5x7+298
0x05BC	0x0402 ;_Font_Glcd_System5x7+300
0x05BE	0x1008 ;_Font_Glcd_System5x7+302
0x05C0	0x0020 ;_Font_Glcd_System5x7+304
0x05C2	0x4141 ;_Font_Glcd_System5x7+306
0x05C4	0x007F ;_Font_Glcd_System5x7+308
0x05C6	0x0204 ;_Font_Glcd_System5x7+310
0x05C8	0x0201 ;_Font_Glcd_System5x7+312
0x05CA	0x4004 ;_Font_Glcd_System5x7+314
0x05CC	0x4040 ;_Font_Glcd_System5x7+316
0x05CE	0x4040 ;_Font_Glcd_System5x7+318
0x05D0	0x0000 ;_Font_Glcd_System5x7+320
0x05D2	0x0503 ;_Font_Glcd_System5x7+322
0x05D4	0x2000 ;_Font_Glcd_System5x7+324
0x05D6	0x5454 ;_Font_Glcd_System5x7+326
0x05D8	0x7854 ;_Font_Glcd_System5x7+328
0x05DA	0x447F ;_Font_Glcd_System5x7+330
0x05DC	0x4444 ;_Font_Glcd_System5x7+332
0x05DE	0x3838 ;_Font_Glcd_System5x7+334
0x05E0	0x4444 ;_Font_Glcd_System5x7+336
0x05E2	0x4444 ;_Font_Glcd_System5x7+338
0x05E4	0x4438 ;_Font_Glcd_System5x7+340
0x05E6	0x4444 ;_Font_Glcd_System5x7+342
0x05E8	0x387F ;_Font_Glcd_System5x7+344
0x05EA	0x5454 ;_Font_Glcd_System5x7+346
0x05EC	0x1854 ;_Font_Glcd_System5x7+348
0x05EE	0x0404 ;_Font_Glcd_System5x7+350
0x05F0	0x057E ;_Font_Glcd_System5x7+352
0x05F2	0x0805 ;_Font_Glcd_System5x7+354
0x05F4	0x5454 ;_Font_Glcd_System5x7+356
0x05F6	0x3C54 ;_Font_Glcd_System5x7+358
0x05F8	0x087F ;_Font_Glcd_System5x7+360
0x05FA	0x0404 ;_Font_Glcd_System5x7+362
0x05FC	0x0078 ;_Font_Glcd_System5x7+364
0x05FE	0x7D44 ;_Font_Glcd_System5x7+366
0x0600	0x0040 ;_Font_Glcd_System5x7+368
0x0602	0x4020 ;_Font_Glcd_System5x7+370
0x0604	0x3D44 ;_Font_Glcd_System5x7+372
0x0606	0x7F00 ;_Font_Glcd_System5x7+374
0x0608	0x2810 ;_Font_Glcd_System5x7+376
0x060A	0x0044 ;_Font_Glcd_System5x7+378
0x060C	0x4100 ;_Font_Glcd_System5x7+380
0x060E	0x407F ;_Font_Glcd_System5x7+382
0x0610	0x7C00 ;_Font_Glcd_System5x7+384
0x0612	0x7C04 ;_Font_Glcd_System5x7+386
0x0614	0x7804 ;_Font_Glcd_System5x7+388
0x0616	0x087C ;_Font_Glcd_System5x7+390
0x0618	0x0404 ;_Font_Glcd_System5x7+392
0x061A	0x3878 ;_Font_Glcd_System5x7+394
0x061C	0x4444 ;_Font_Glcd_System5x7+396
0x061E	0x3844 ;_Font_Glcd_System5x7+398
0x0620	0x147C ;_Font_Glcd_System5x7+400
0x0622	0x1414 ;_Font_Glcd_System5x7+402
0x0624	0x0808 ;_Font_Glcd_System5x7+404
0x0626	0x1414 ;_Font_Glcd_System5x7+406
0x0628	0x7C14 ;_Font_Glcd_System5x7+408
0x062A	0x087C ;_Font_Glcd_System5x7+410
0x062C	0x0404 ;_Font_Glcd_System5x7+412
0x062E	0x4800 ;_Font_Glcd_System5x7+414
0x0630	0x5454 ;_Font_Glcd_System5x7+416
0x0632	0x2454 ;_Font_Glcd_System5x7+418
0x0634	0x0404 ;_Font_Glcd_System5x7+420
0x0636	0x443F ;_Font_Glcd_System5x7+422
0x0638	0x3C44 ;_Font_Glcd_System5x7+424
0x063A	0x4040 ;_Font_Glcd_System5x7+426
0x063C	0x7C20 ;_Font_Glcd_System5x7+428
0x063E	0x201C ;_Font_Glcd_System5x7+430
0x0640	0x2040 ;_Font_Glcd_System5x7+432
0x0642	0x3C1C ;_Font_Glcd_System5x7+434
0x0644	0x3040 ;_Font_Glcd_System5x7+436
0x0646	0x3C40 ;_Font_Glcd_System5x7+438
0x0648	0x2844 ;_Font_Glcd_System5x7+440
0x064A	0x2810 ;_Font_Glcd_System5x7+442
0x064C	0x0C44 ;_Font_Glcd_System5x7+444
0x064E	0x5050 ;_Font_Glcd_System5x7+446
0x0650	0x3C50 ;_Font_Glcd_System5x7+448
0x0652	0x6444 ;_Font_Glcd_System5x7+450
0x0654	0x4C54 ;_Font_Glcd_System5x7+452
0x0656	0x0844 ;_Font_Glcd_System5x7+454
0x0658	0x4136 ;_Font_Glcd_System5x7+456
0x065A	0x0041 ;_Font_Glcd_System5x7+458
0x065C	0x0000 ;_Font_Glcd_System5x7+460
0x065E	0x0077 ;_Font_Glcd_System5x7+462
0x0660	0x0000 ;_Font_Glcd_System5x7+464
0x0662	0x4141 ;_Font_Glcd_System5x7+466
0x0664	0x0836 ;_Font_Glcd_System5x7+468
0x0666	0x0808 ;_Font_Glcd_System5x7+470
0x0668	0x1C2A ;_Font_Glcd_System5x7+472
0x066A	0x0808 ;_Font_Glcd_System5x7+474
0x066C	0x2A1C ;_Font_Glcd_System5x7+476
0x066E	0x0808 ;_Font_Glcd_System5x7+478
0x0670	0xFFFF ;_Font_Glcd_System5x7+480
0x0672	0xFFFF ;_Font_Glcd_System5x7+482
0x0674	0x06FF ;_Font_Glcd_System5x7+484
0x0676	0x0909 ;_Font_Glcd_System5x7+486
0x0678	0x0006 ;_Font_Glcd_System5x7+488
; end of _Font_Glcd_System5x7
;__Lib_GlcdFonts.c,612 :: _font5x7
0x067A	0x0000 ;_font5x7+0
0x067C	0x0000 ;_font5x7+2
0x067E	0x0000 ;_font5x7+4
0x0680	0x5F00 ;_font5x7+6
0x0682	0x0000 ;_font5x7+8
0x0684	0x0700 ;_font5x7+10
0x0686	0x0700 ;_font5x7+12
0x0688	0x1400 ;_font5x7+14
0x068A	0x147F ;_font5x7+16
0x068C	0x147F ;_font5x7+18
0x068E	0x2A24 ;_font5x7+20
0x0690	0x2A7F ;_font5x7+22
0x0692	0x2312 ;_font5x7+24
0x0694	0x0813 ;_font5x7+26
0x0696	0x6264 ;_font5x7+28
0x0698	0x4936 ;_font5x7+30
0x069A	0x2255 ;_font5x7+32
0x069C	0x0050 ;_font5x7+34
0x069E	0x0305 ;_font5x7+36
0x06A0	0x0000 ;_font5x7+38
0x06A2	0x1C00 ;_font5x7+40
0x06A4	0x4122 ;_font5x7+42
0x06A6	0x0000 ;_font5x7+44
0x06A8	0x2241 ;_font5x7+46
0x06AA	0x001C ;_font5x7+48
0x06AC	0x2A08 ;_font5x7+50
0x06AE	0x2A1C ;_font5x7+52
0x06B0	0x0808 ;_font5x7+54
0x06B2	0x3E08 ;_font5x7+56
0x06B4	0x0808 ;_font5x7+58
0x06B6	0x5000 ;_font5x7+60
0x06B8	0x0030 ;_font5x7+62
0x06BA	0x0800 ;_font5x7+64
0x06BC	0x0808 ;_font5x7+66
0x06BE	0x0808 ;_font5x7+68
0x06C0	0x3000 ;_font5x7+70
0x06C2	0x0030 ;_font5x7+72
0x06C4	0x2000 ;_font5x7+74
0x06C6	0x0810 ;_font5x7+76
0x06C8	0x0204 ;_font5x7+78
0x06CA	0x513E ;_font5x7+80
0x06CC	0x4549 ;_font5x7+82
0x06CE	0x003E ;_font5x7+84
0x06D0	0x7F42 ;_font5x7+86
0x06D2	0x0040 ;_font5x7+88
0x06D4	0x6142 ;_font5x7+90
0x06D6	0x4951 ;_font5x7+92
0x06D8	0x2146 ;_font5x7+94
0x06DA	0x4541 ;_font5x7+96
0x06DC	0x314B ;_font5x7+98
0x06DE	0x1418 ;_font5x7+100
0x06E0	0x7F12 ;_font5x7+102
0x06E2	0x2710 ;_font5x7+104
0x06E4	0x4545 ;_font5x7+106
0x06E6	0x3945 ;_font5x7+108
0x06E8	0x4A3C ;_font5x7+110
0x06EA	0x4949 ;_font5x7+112
0x06EC	0x0130 ;_font5x7+114
0x06EE	0x0971 ;_font5x7+116
0x06F0	0x0305 ;_font5x7+118
0x06F2	0x4936 ;_font5x7+120
0x06F4	0x4949 ;_font5x7+122
0x06F6	0x0636 ;_font5x7+124
0x06F8	0x4949 ;_font5x7+126
0x06FA	0x1E29 ;_font5x7+128
0x06FC	0x3600 ;_font5x7+130
0x06FE	0x0036 ;_font5x7+132
0x0700	0x0000 ;_font5x7+134
0x0702	0x3656 ;_font5x7+136
0x0704	0x0000 ;_font5x7+138
0x0706	0x0800 ;_font5x7+140
0x0708	0x2214 ;_font5x7+142
0x070A	0x1441 ;_font5x7+144
0x070C	0x1414 ;_font5x7+146
0x070E	0x1414 ;_font5x7+148
0x0710	0x2241 ;_font5x7+150
0x0712	0x0814 ;_font5x7+152
0x0714	0x0200 ;_font5x7+154
0x0716	0x5101 ;_font5x7+156
0x0718	0x0609 ;_font5x7+158
0x071A	0x4932 ;_font5x7+160
0x071C	0x4179 ;_font5x7+162
0x071E	0x7E3E ;_font5x7+164
0x0720	0x1111 ;_font5x7+166
0x0722	0x7E11 ;_font5x7+168
0x0724	0x497F ;_font5x7+170
0x0726	0x4949 ;_font5x7+172
0x0728	0x3E36 ;_font5x7+174
0x072A	0x4141 ;_font5x7+176
0x072C	0x2241 ;_font5x7+178
0x072E	0x417F ;_font5x7+180
0x0730	0x2241 ;_font5x7+182
0x0732	0x7F1C ;_font5x7+184
0x0734	0x4949 ;_font5x7+186
0x0736	0x4149 ;_font5x7+188
0x0738	0x097F ;_font5x7+190
0x073A	0x0109 ;_font5x7+192
0x073C	0x3E01 ;_font5x7+194
0x073E	0x4141 ;_font5x7+196
0x0740	0x3251 ;_font5x7+198
0x0742	0x087F ;_font5x7+200
0x0744	0x0808 ;_font5x7+202
0x0746	0x007F ;_font5x7+204
0x0748	0x7F41 ;_font5x7+206
0x074A	0x0041 ;_font5x7+208
0x074C	0x4020 ;_font5x7+210
0x074E	0x3F41 ;_font5x7+212
0x0750	0x7F01 ;_font5x7+214
0x0752	0x1408 ;_font5x7+216
0x0754	0x4122 ;_font5x7+218
0x0756	0x407F ;_font5x7+220
0x0758	0x4040 ;_font5x7+222
0x075A	0x7F40 ;_font5x7+224
0x075C	0x0402 ;_font5x7+226
0x075E	0x7F02 ;_font5x7+228
0x0760	0x047F ;_font5x7+230
0x0762	0x1008 ;_font5x7+232
0x0764	0x3E7F ;_font5x7+234
0x0766	0x4141 ;_font5x7+236
0x0768	0x3E41 ;_font5x7+238
0x076A	0x097F ;_font5x7+240
0x076C	0x0909 ;_font5x7+242
0x076E	0x3E06 ;_font5x7+244
0x0770	0x5141 ;_font5x7+246
0x0772	0x5E21 ;_font5x7+248
0x0774	0x097F ;_font5x7+250
0x0776	0x2919 ;_font5x7+252
0x0778	0x4646 ;_font5x7+254
0x077A	0x4949 ;_font5x7+256
0x077C	0x3149 ;_font5x7+258
0x077E	0x0101 ;_font5x7+260
0x0780	0x017F ;_font5x7+262
0x0782	0x3F01 ;_font5x7+264
0x0784	0x4040 ;_font5x7+266
0x0786	0x3F40 ;_font5x7+268
0x0788	0x201F ;_font5x7+270
0x078A	0x2040 ;_font5x7+272
0x078C	0x7F1F ;_font5x7+274
0x078E	0x1820 ;_font5x7+276
0x0790	0x7F20 ;_font5x7+278
0x0792	0x1463 ;_font5x7+280
0x0794	0x1408 ;_font5x7+282
0x0796	0x0363 ;_font5x7+284
0x0798	0x7804 ;_font5x7+286
0x079A	0x0304 ;_font5x7+288
0x079C	0x5161 ;_font5x7+290
0x079E	0x4549 ;_font5x7+292
0x07A0	0x0043 ;_font5x7+294
0x07A2	0x7F00 ;_font5x7+296
0x07A4	0x4141 ;_font5x7+298
0x07A6	0x0402 ;_font5x7+300
0x07A8	0x1008 ;_font5x7+302
0x07AA	0x4120 ;_font5x7+304
0x07AC	0x7F41 ;_font5x7+306
0x07AE	0x0000 ;_font5x7+308
0x07B0	0x0204 ;_font5x7+310
0x07B2	0x0201 ;_font5x7+312
0x07B4	0x4004 ;_font5x7+314
0x07B6	0x4040 ;_font5x7+316
0x07B8	0x4040 ;_font5x7+318
0x07BA	0x0100 ;_font5x7+320
0x07BC	0x0402 ;_font5x7+322
0x07BE	0x2000 ;_font5x7+324
0x07C0	0x5454 ;_font5x7+326
0x07C2	0x7854 ;_font5x7+328
0x07C4	0x487F ;_font5x7+330
0x07C6	0x4444 ;_font5x7+332
0x07C8	0x3838 ;_font5x7+334
0x07CA	0x4444 ;_font5x7+336
0x07CC	0x2044 ;_font5x7+338
0x07CE	0x4438 ;_font5x7+340
0x07D0	0x4844 ;_font5x7+342
0x07D2	0x387F ;_font5x7+344
0x07D4	0x5454 ;_font5x7+346
0x07D6	0x1854 ;_font5x7+348
0x07D8	0x7E08 ;_font5x7+350
0x07DA	0x0109 ;_font5x7+352
0x07DC	0x0802 ;_font5x7+354
0x07DE	0x5414 ;_font5x7+356
0x07E0	0x3C54 ;_font5x7+358
0x07E2	0x087F ;_font5x7+360
0x07E4	0x0404 ;_font5x7+362
0x07E6	0x0078 ;_font5x7+364
0x07E8	0x7D44 ;_font5x7+366
0x07EA	0x0040 ;_font5x7+368
0x07EC	0x4020 ;_font5x7+370
0x07EE	0x3D44 ;_font5x7+372
0x07F0	0x0000 ;_font5x7+374
0x07F2	0x107F ;_font5x7+376
0x07F4	0x4428 ;_font5x7+378
0x07F6	0x4100 ;_font5x7+380
0x07F8	0x407F ;_font5x7+382
0x07FA	0x7C00 ;_font5x7+384
0x07FC	0x1804 ;_font5x7+386
0x07FE	0x7804 ;_font5x7+388
0x0800	0x087C ;_font5x7+390
0x0802	0x0404 ;_font5x7+392
0x0804	0x3878 ;_font5x7+394
0x0806	0x4444 ;_font5x7+396
0x0808	0x3844 ;_font5x7+398
0x080A	0x147C ;_font5x7+400
0x080C	0x1414 ;_font5x7+402
0x080E	0x0808 ;_font5x7+404
0x0810	0x1414 ;_font5x7+406
0x0812	0x7C18 ;_font5x7+408
0x0814	0x087C ;_font5x7+410
0x0816	0x0404 ;_font5x7+412
0x0818	0x4808 ;_font5x7+414
0x081A	0x5454 ;_font5x7+416
0x081C	0x2054 ;_font5x7+418
0x081E	0x3F04 ;_font5x7+420
0x0820	0x4044 ;_font5x7+422
0x0822	0x3C20 ;_font5x7+424
0x0824	0x4040 ;_font5x7+426
0x0826	0x7C20 ;_font5x7+428
0x0828	0x201C ;_font5x7+430
0x082A	0x2040 ;_font5x7+432
0x082C	0x3C1C ;_font5x7+434
0x082E	0x3040 ;_font5x7+436
0x0830	0x3C40 ;_font5x7+438
0x0832	0x2844 ;_font5x7+440
0x0834	0x2810 ;_font5x7+442
0x0836	0x0C44 ;_font5x7+444
0x0838	0x5050 ;_font5x7+446
0x083A	0x3C50 ;_font5x7+448
0x083C	0x6444 ;_font5x7+450
0x083E	0x4C54 ;_font5x7+452
0x0840	0x0044 ;_font5x7+454
0x0842	0x3608 ;_font5x7+456
0x0844	0x0041 ;_font5x7+458
0x0846	0x0000 ;_font5x7+460
0x0848	0x007F ;_font5x7+462
0x084A	0x0000 ;_font5x7+464
0x084C	0x3641 ;_font5x7+466
0x084E	0x0008 ;_font5x7+468
0x0850	0x0808 ;_font5x7+470
0x0852	0x1C2A ;_font5x7+472
0x0854	0x0808 ;_font5x7+474
0x0856	0x2A1C ;_font5x7+476
0x0858	0x0808 ;_font5x7+478
; end of _font5x7
;Bluetooth.c,0 :: ?ICS?lstr1_Bluetooth
0x085A	0x2F2F ;?ICS?lstr1_Bluetooth+0
0x085C	0x00 ;?ICS?lstr1_Bluetooth+2
; end of ?ICS?lstr1_Bluetooth
;Bluetooth.c,0 :: ?ICS_msg
0x085D	0x6144 ;?ICS_msg+0
0x085F	0x6F64 ;?ICS_msg+2
0x0861	0x5220 ;?ICS_msg+4
0x0863	0x6365 ;?ICS_msg+6
0x0865	0x6265 ;?ICS_msg+8
0x0867	0x6469 ;?ICS_msg+10
0x0869	0x3A6F ;?ICS_msg+12
0x086B	0x00 ;?ICS_msg+14
; end of ?ICS_msg
Symbol List:
//** Routines locations **
//ADDRESS    SIZE    PROCEDURE
//----------------------------------------------
0x001C      [14]    _Delay_10us
0x002A      [14]    _Delay_1us
0x0038      [10]    __Lib_Glcd_Strobe
0x0042      [16]    _Glcd_Set_Page
0x0052      [38]    _Glcd_Set_X
0x0078      [80]    _Mul_16X16_U
0x00C8      [28]    _Glcd_Set_Side
0x00E4      [14]    _Glcd_Write_Data
0x00F2      [78]    _Glcd_Read_Data
0x0140      [10]    _UART1_Data_Ready
0x014A      [18]    _UART1_Read
0x015C     [272]    _Glcd_Write_Char
0x026C      [82]    _Glcd_Init
0x02BE      [86]    _UART1_Init
0x0314      [16]    ___CC2DW
0x0324      [82]    _Glcd_Fill
0x0376     [150]    _UART1_Read_Text
0x040C      [98]    _Glcd_Write_Text
0x046E      [34]    _Glcd_Set_Font
0x1000     [260]    _main
//** Variables locations ** 
//ADDRESS    SIZE    VARIABLE
//----------------------------------------------
0x0000       [1]    R0
0x0000       [1]    FLASH_Erase_64_SaveINTCON_L0
0x0000       [1]    __Lib_SoftI2C_PutZerosToLATSda_temp_sda_L0
0x0000       [1]    SPI1_Write_tmp_L0
0x0000       [1]    UART1_Init_tmp_L0
0x0000       [1]    __Lib_SoftI2C_PutZerosToLATScl_temp_scl_L0
0x0000       [1]    EEPROM_Write_SaveINTCON_L0
0x0001       [1]    ispunct_rslt_L0
0x0001       [1]    __Lib_TFT_JPEG_FileReadBytes_Result_L0
0x0001       [1]    R1
0x0001       [1]    __Lib_Conversions_Adjust_Hex_tmp_L0
0x0001       [2]    FLASH_Read_N_Bytes_i_L0
0x0001       [1]    __Lib_USB_genHID_?FLOC____Lib_USB_genHID_USB_Handle_BusyT1
0x0001       [1]    UART1_Read___tmp_UART1_Read_L0
0x0001       [1]    __Lib_PS2_Wait_Falling_nsample_L0
0x0001       [1]    FLASH_Erase_Write_64_i_L0
0x0001       [1]    __Lib_TFT_16bit_JPEG_FileRead_i_L0
0x0001       [1]    __Lib_TFT_JPEG_FileRead_i_L0
0x0001       [1]    FLASH_Write_32_i_L0
0x0001       [1]    __Lib_TFT_16bit_JPEG_FileReadBytes_Result_L0
0x0002       [2]    strlen_cp_L0
0x0002       [1]    R2
0x0002       [1]    __Lib_USB_genHID_USB_CtrlTrf_Rx_Service_byteToRead_L0
0x0002       [2]    memchr_s_L0
0x0002       [2]    memcpy_dd_L0
0x0002       [2]    memset_pp_L0
0x0002       [1]    FLASH_Write_32_SaveINTCON_L0
0x0002       [1]    FLASH_Erase_Write_64_j_L0
0x0003       [2]    Ltrim_original_L0
0x0003       [1]    MM_Init_i_L0
0x0003       [1]    FLASH_Erase_Write_64_SaveINTCON_L0
0x0003       [1]    R3
0x0003       [1]    __Lib_Sprinti_?FLOC____Lib_Sprinti_Do_FillT29
0x0003       [2]    memmove_tt_L0
0x0003       [1]    __Lib_USB_genHID_USB_CtrlTrf_Rx_Service_i_L0
0x0003       [2]    __Lib_USB_genHID_USB_CtrlTrf_Tx_Service_byteToSend_L0
0x0003       [2]    MM_TotalFreeMemSize_Tot_L0
0x0003       [2]    __Lib_MmcFat16_f16_toInt_l_L0
0x0004       [1]    __Lib_Sprinti_?FLOC____Lib_Sprinti_Do_FillT40
0x0004       [1]    R4
0x0004       [2]    __Lib_MemManager_MM_GetMemAlign_P_L0
0x0004       [2]    memcpy_ss_L0
0x0004       [2]    strcat_cp_L0
0x0004       [2]    strncat_cp_L0
0x0004       [2]    strcpy_cp_L0
0x0004       [1]    __Lib_USB_genHID_GetMaxIndexInDevDsc_index_L0
0x0004       [2]    frexp_pom_L0
0x0004       [2]    strncpy_cp_L0
0x0004       [2]    __Lib_USB_genHID_USB_Get_Status_Handler_p_L2
0x0004       [2]    __Lib_USB_genHID_USB_Std_Feature_Req_Handler_p_L0
0x0004       [2]    __Lib_USB_genHID_USB_Transfer_Packet_handle_L0
0x0005       [1]    MM_TotalFreeMemSize_i_L0
0x0005       [2]    LongWordToHex_input_half_L0
0x0005       [1]    __Lib_Sprinti_?FLOC____Lib_Sprinti_Do_FillT54
0x0005       [2]    memmove_ff_L0
0x0005       [2]    Ltrim_p_L0
0x0005       [1]    R5
0x0005       [2]    LongIntToHex_input_half_L0
0x0006       [2]    __Lib_USB_genHID_GetMaxIndexInConfigDsc_totalLen_L0
0x0006       [1]    __Lib_MemManager_MM_GetMemAlign_i_L0
0x0006       [1]    R6
0x0006       [1]    __Lib_Sprinti_?FLOC____Lib_Sprinti_Do_FillT69
0x0007       [1]    R7
0x0007       [1]    __Lib_TFT_JPEG_GenerateHuffmanTables_bLength_L0
0x0007       [1]    __Lib_TFT_16bit_JPEG_GenerateHuffmanTables_bLength_L0
0x0008       [3]    __Lib_USB_genHID_GetMaxIndexInConfigDsc_ptr_L0
0x0008       [1]    __Lib_TFT_JPEG_GenerateHuffmanTables_bTable_L0
0x0008       [1]    R8
0x0008       [1]    __Lib_TFT_16bit_JPEG_GenerateHuffmanTables_bTable_L0
0x0009       [4]    __Lib_MmcFat16_f16_toLong_l_L0
0x0009       [1]    R9
0x000A       [1]    R10
0x000B       [1]    R11
0x000C       [1]    R12
0x000D       [1]    R13
0x000E       [1]    R14
0x000F       [1]    R15
0x0010       [1]    R16
0x0011       [1]    R17
0x0012       [1]    R18
0x0013       [1]    R19
0x0014       [1]    R20
0x0015       [3]    ?lstr1_Bluetooth
0x0018      [15]    _msg
0x0027       [4]    _UART_Wr_Ptr
0x002B       [2]    __Lib_Glcd_ExternalFontSet
0x002D       [1]    __Lib_Glcd_FontInitialized
0x002E       [4]    _UART_Rdy_Ptr
0x0032       [4]    _UART_Tx_Idle_Ptr
0x0036       [4]    _UART_Rd_Ptr
0x003A       [1]    __Lib_Glcd_fontH
0x003B       [1]    __Lib_Glcd_fontW
0x003C       [2]    __Lib_Glcd_fontOffset
0x003E       [3]    __Lib_Glcd_fontDef
0x0041      [20]    _txt
0x0055       [1]    FARG_Glcd_Fill_pattern
0x0055       [2]    FARG_Glcd_Write_Text_text
0x0055       [2]    FARG_UART1_Read_Text_Output
0x0055       [3]    FARG_Glcd_Set_Font_activeFont
0x0056       [1]    Glcd_Fill_yy_L0
0x0057       [2]    FARG_UART1_Read_Text_Delimiter
0x0057       [1]    FARG_Glcd_Write_Text_x_pos
0x0057       [1]    Glcd_Fill_page_L0
0x0058       [1]    FARG_Glcd_Set_Font_aFontWidth
0x0058       [1]    FARG_Glcd_Write_Text_page_num
0x0059       [1]    FARG_UART1_Read_Text_Attempts
0x0059       [1]    FARG_Glcd_Write_Text_color
0x0059       [1]    FARG_Glcd_Set_Font_aFontHeight
0x005A       [1]    Glcd_Write_Text_i_L0
0x005A       [2]    FARG_Glcd_Set_Font_aFontOffs
0x005A       [1]    UART1_Read_Text_r_data_L0
0x005B       [1]    UART1_Read_Text_out_idx_L0
0x005C       [1]    UART1_Read_Text_delim_idx_L0
0x005D       [1]    Glcd_Write_Char_ii_L0
0x005E       [1]    Glcd_Write_Char_data_read_L0
0x005F       [1]    Glcd_Write_Char_font_ch_L0
0x0060       [1]    Glcd_Write_Char_font_ch_inv_L0
0x0061       [1]    FARG_Glcd_Write_Char_chr
0x0062       [1]    FARG_Glcd_Write_Char_x_pos
0x0063       [1]    FARG_Glcd_Write_Char_page_num
0x0064       [1]    FARG_Glcd_Write_Char_color
0x0065       [2]    Glcd_Write_Char_pointer_L0
0x0067       [1]    FARG_Glcd_Set_Side_x_pos
0x0067       [1]    Glcd_Read_Data_local_L0
0x0067       [1]    FARG_Glcd_Set_X_x_pos
0x0067       [1]    FARG_Glcd_Write_Data_ddata
0x0067       [1]    FARG_Glcd_Set_Page_page
0x0F80       [0]    GLCD_CS1
0x0F80       [0]    RA5_bit
0x0F81       [0]    GLCD_RST
0x0F81       [0]    RB3_bit
0x0F82       [0]    RC0_bit
0x0F82       [0]    GLCD_CS2
0x0F83       [1]    PORTD
0x0F83       [1]    GLCD_DataPort
0x0F84       [0]    GLCD_EN
0x0F84       [0]    GLCD_RS
0x0F84       [0]    GLCD_RW
0x0F84       [0]    RE0_bit
0x0F84       [0]    RE1_bit
0x0F84       [0]    RE2_bit
0x0F92       [0]    GLCD_CS1_Direction
0x0F92       [0]    TRISA5_bit
0x0F93       [0]    GLCD_RST_Direction
0x0F93       [0]    TRISB3_bit
0x0F94       [0]    TRISC0_bit
0x0F94       [0]    GLCD_CS2_Direction
0x0F94       [0]    TRISC7_bit
0x0F94       [0]    TRISC6_bit
0x0F95       [1]    TRISD
0x0F96       [0]    GLCD_RS_Direction
0x0F96       [0]    GLCD_RW_Direction
0x0F96       [0]    GLCD_EN_Direction
0x0F96       [0]    TRISE2_bit
0x0F96       [0]    TRISE0_bit
0x0F96       [0]    TRISE1_bit
0x0F9E       [1]    PIR1
0x0FAB       [1]    RCSTA
0x0FAC       [1]    TXSTA
0x0FAE       [1]    RCREG
0x0FAF       [1]    SPBRG
0x0FB0       [1]    SPBRGH
0x0FB4       [1]    CMCON
0x0FB8       [1]    BAUDCON
0x0FC1       [1]    ADCON1
0x0FD0       [1]    RCON
0x0FD8       [1]    STATUS
0x0FD9       [1]    FSR2L
0x0FDA       [1]    FSR2H
0x0FDE       [1]    POSTINC2
0x0FE0       [1]    BSR
0x0FE1       [1]    FSR1L
0x0FE2       [1]    FSR1H
0x0FE4       [1]    PREINC1
0x0FE6       [1]    POSTINC1
0x0FE7       [1]    INDF1
0x0FE8       [1]    WREG
0x0FE9       [1]    FSR0L
0x0FEA       [1]    FSR0H
0x0FEE       [1]    POSTINC0
0x0FF1       [1]    INTCON2
0x0FF3       [1]    PRODL
0x0FF4       [1]    PRODH
0x0FF5       [1]    TABLAT
0x0FF6       [1]    TBLPTRL
0x0FF6       [3]    TBLPTR
0x0FF7       [1]    TBLPTRH
0x0FF8       [1]    TBLPTRU
//** Constants locations ** 
//ADDRESS    SIZE    CONSTANT
//----------------------------------------------
0x0490     [490]    _Font_Glcd_System5x7
0x067A     [480]    _font5x7
0x085A       [3]    ?ICS?lstr1_Bluetooth
0x085D      [15]    ?ICS_msg
