;  LST file generated by mikroListExporter - v.2.0 
; Date/Time: 01/08/2022 22:07:03
;----------------------------------------------

;Address Opcode 	ASM
0x0000	0xF000EF6E  	GOTO        220
0x0004	0x0000      	NOP
0x0006	0x0000      	NOP
0x0008	0xF000EF00  	GOTO        0
0x000C	0x0000      	NOP
0x000E	0x0000      	NOP
0x0010	0x0000      	NOP
0x0012	0x0000      	NOP
0x0014	0x0000      	NOP
0x0016	0x0000      	NOP
0x0018	0xD7F3      	BRA         0
_UART1_Write:
;__Lib_UART_c67.c,58 :: 		
;__Lib_UART_c67.c,59 :: 		
L_UART1_Write3:
0x001C	0xB2AC      	BTFSC       TXSTA, 1 
0x001E	0xD002      	BRA         L_UART1_Write4
;__Lib_UART_c67.c,60 :: 		
0x0020	0x0000      	NOP
0x0022	0xD7FC      	BRA         L_UART1_Write3
L_UART1_Write4:
;__Lib_UART_c67.c,61 :: 		
0x0024	0xFFADC030  	MOVFF       FARG_UART1_Write_data_, TXREG
;__Lib_UART_c67.c,62 :: 		
L_end_UART1_Write:
0x0028	0x0012      	RETURN      0
; end of _UART1_Write
_UART1_Data_Ready:
;__Lib_UART_c67.c,34 :: 		
;__Lib_UART_c67.c,35 :: 		
0x002A	0x0E00      	MOVLW       0
0x002C	0xBA9E      	BTFSC       PIR1, 5 
0x002E	0x0E01      	MOVLW       1
0x0030	0x6E00      	MOVWF       R0 
;__Lib_UART_c67.c,36 :: 		
L_end_UART1_Data_Ready:
0x0032	0x0012      	RETURN      0
; end of _UART1_Data_Ready
_UART1_Read:
;__Lib_UART_c67.c,39 :: 		
;__Lib_UART_c67.c,42 :: 		
0x0034	0xF001CFAE  	MOVFF       RCREG, R1
;__Lib_UART_c67.c,43 :: 		
0x0038	0xA2AB      	BTFSS       RCSTA, 1 
0x003A	0xD002      	BRA         L_UART1_Read2
;__Lib_UART_c67.c,44 :: 		
0x003C	0x98AB      	BCF         RCSTA, 4 
;__Lib_UART_c67.c,45 :: 		
0x003E	0x88AB      	BSF         RCSTA, 4 
;__Lib_UART_c67.c,46 :: 		
L_UART1_Read2:
;__Lib_UART_c67.c,47 :: 		
0x0040	0xF000C001  	MOVFF       R1, R0
;__Lib_UART_c67.c,48 :: 		
L_end_UART1_Read:
0x0044	0x0012      	RETURN      0
; end of _UART1_Read
_UART1_Write_Text:
;__Lib_UART_c67.c,66 :: 		
;__Lib_UART_c67.c,67 :: 		
0x0046	0x6A2F      	CLRF        UART1_Write_Text_counter_L0 
;__Lib_UART_c67.c,69 :: 		
0x0048	0xFFE9C02C  	MOVFF       FARG_UART1_Write_Text_uart_text, FSR0L
0x004C	0xFFEAC02D  	MOVFF       FARG_UART1_Write_Text_uart_text+1, FSR0H
0x0050	0xF02ECFEE  	MOVFF       POSTINC0, UART1_Write_Text_data__L0
;__Lib_UART_c67.c,70 :: 		
L_UART1_Write_Text5:
0x0054	0x502E      	MOVF        UART1_Write_Text_data__L0, 0 
0x0056	0x0A00      	XORLW       0
0x0058	0xE00D      	BZ          L_UART1_Write_Text6
;__Lib_UART_c67.c,71 :: 		
0x005A	0xF030C02E  	MOVFF       UART1_Write_Text_data__L0, FARG_UART1_Write_data_
0x005E	0xDFDE      	RCALL       _UART1_Write
;__Lib_UART_c67.c,72 :: 		
0x0060	0x2A2F      	INCF        UART1_Write_Text_counter_L0, 1 
;__Lib_UART_c67.c,73 :: 		
0x0062	0x502F      	MOVF        UART1_Write_Text_counter_L0, 0 
0x0064	0x242C      	ADDWF       FARG_UART1_Write_Text_uart_text, 0 
0x0066	0x6EE9      	MOVWF       FSR0L 
0x0068	0x0E00      	MOVLW       0
0x006A	0x202D      	ADDWFC      FARG_UART1_Write_Text_uart_text+1, 0 
0x006C	0x6EEA      	MOVWF       FSR0L+1 
0x006E	0xF02ECFEE  	MOVFF       POSTINC0, UART1_Write_Text_data__L0
;__Lib_UART_c67.c,74 :: 		
0x0072	0xD7F0      	BRA         L_UART1_Write_Text5
L_UART1_Write_Text6:
;__Lib_UART_c67.c,75 :: 		
L_end_UART1_Write_Text:
0x0074	0x0012      	RETURN      0
; end of _UART1_Write_Text
___CC2DW:
;__Lib_System.c,21 :: 		
;__Lib_System.c,23 :: 		
_CC2DL_Loop1:
;__Lib_System.c,24 :: 		
0x0076	0x0009      	TBLRD*+
;__Lib_System.c,25 :: 		
0x0078	0xFFE6CFF5  	MOVFF       TABLAT, POSTINC1
;__Lib_System.c,26 :: 		
0x007C	0x0600      	DECF        R0, 1, 0
;__Lib_System.c,27 :: 		
0x007E	0xE1FB      	BNZ         _CC2DL_Loop1
;__Lib_System.c,28 :: 		
0x0080	0x0601      	DECF        R1, 1, 0
;__Lib_System.c,29 :: 		
0x0082	0xE1F9      	BNZ         _CC2DL_Loop1
;__Lib_System.c,31 :: 		
L_end___CC2DW:
0x0084	0x0012      	RETURN      0
; end of ___CC2DW
_UART1_Init:
;__Lib_UART_c67.c,15 :: 		
;__Lib_UART_c67.c,18 :: 		
0x0086	0x0E1C      	MOVLW       _UART1_Write
0x0088	0x6E1B      	MOVWF       _UART_Wr_Ptr 
0x008A	0x0E00      	MOVLW       hi_addr(_UART1_Write)
0x008C	0x6E1C      	MOVWF       _UART_Wr_Ptr+1 
0x008E	0x0E30      	MOVLW       FARG_UART1_Write_data_
0x0090	0x6E1D      	MOVWF       _UART_Wr_Ptr+2 
0x0092	0x0E00      	MOVLW       hi_addr(FARG_UART1_Write_data_)
0x0094	0x6E1E      	MOVWF       _UART_Wr_Ptr+3 
;__Lib_UART_c67.c,19 :: 		
0x0096	0x0E34      	MOVLW       _UART1_Read
0x0098	0x6E28      	MOVWF       _UART_Rd_Ptr 
0x009A	0x0E00      	MOVLW       hi_addr(_UART1_Read)
0x009C	0x6E29      	MOVWF       _UART_Rd_Ptr+1 
0x009E	0x0E00      	MOVLW       0
0x00A0	0x6E2A      	MOVWF       _UART_Rd_Ptr+2 
0x00A2	0x0E00      	MOVLW       0
0x00A4	0x6E2B      	MOVWF       _UART_Rd_Ptr+3 
;__Lib_UART_c67.c,20 :: 		
0x00A6	0x0E2A      	MOVLW       _UART1_Data_Ready
0x00A8	0x6E24      	MOVWF       _UART_Rdy_Ptr 
0x00AA	0x0E00      	MOVLW       hi_addr(_UART1_Data_Ready)
0x00AC	0x6E25      	MOVWF       _UART_Rdy_Ptr+1 
0x00AE	0x0E00      	MOVLW       0
0x00B0	0x6E26      	MOVWF       _UART_Rdy_Ptr+2 
0x00B2	0x0E00      	MOVLW       0
0x00B4	0x6E27      	MOVWF       _UART_Rdy_Ptr+3 
;__Lib_UART_c67.c,21 :: 		
0x00B6	0x0EFF      	MOVLW       _UART1_Tx_Idle
0x00B8	0x6E20      	MOVWF       _UART_Tx_Idle_Ptr 
0x00BA	0x0EFF      	MOVLW       hi_addr(_UART1_Tx_Idle)
0x00BC	0x6E21      	MOVWF       _UART_Tx_Idle_Ptr+1 
0x00BE	0x0E00      	MOVLW       0
0x00C0	0x6E22      	MOVWF       _UART_Tx_Idle_Ptr+2 
0x00C2	0x0E00      	MOVLW       0
0x00C4	0x6E23      	MOVWF       _UART_Tx_Idle_Ptr+3 
;__Lib_UART_c67.c,23 :: 		
0x00C6	0x8AAC      	BSF         TXSTA, 5 
;__Lib_UART_c67.c,24 :: 		
0x00C8	0x0E90      	MOVLW       144
0x00CA	0x6EAB      	MOVWF       RCSTA 
;__Lib_UART_c67.c,25 :: 		
0x00CC	0x8E94      	BSF         TRISC7_bit, BitPos(TRISC7_bit+0) 
;__Lib_UART_c67.c,26 :: 		
0x00CE	0x9C94      	BCF         TRISC6_bit, BitPos(TRISC6_bit+0) 
;__Lib_UART_c67.c,28 :: 		
L_UART1_Init0:
0x00D0	0xAA9E      	BTFSS       PIR1, 5 
0x00D2	0xD003      	BRA         L_UART1_Init1
;__Lib_UART_c67.c,29 :: 		
0x00D4	0xF000CFAE  	MOVFF       RCREG, R0
0x00D8	0xD7FB      	BRA         L_UART1_Init0
L_UART1_Init1:
;__Lib_UART_c67.c,30 :: 		
L_end_UART1_Init:
0x00DA	0x0012      	RETURN      0
; end of _UART1_Init
_main:
0x00DC	0x0E53      	MOVLW       83
0x00DE	0x6E15      	MOVWF       ?lstr1_Bluetooth 
0x00E0	0x0E74      	MOVLW       116
0x00E2	0x6E16      	MOVWF       22 
0x00E4	0x0E61      	MOVLW       97
0x00E6	0x6E17      	MOVWF       23 
0x00E8	0x0E72      	MOVLW       114
0x00EA	0x6E18      	MOVWF       24 
0x00EC	0x0E74      	MOVLW       116
0x00EE	0x6E19      	MOVWF       25 
0x00F0	0x6A1A      	CLRF        26 
;Bluetooth.c,12 :: 		void main()
;Bluetooth.c,14 :: 		CMCON = 0x07;                   //Desabilita os comparadores
0x00F2	0x0E07      	MOVLW       7
0x00F4	0x6EB4      	MOVWF       CMCON 
;Bluetooth.c,15 :: 		ADCON0 = 0x00;                  //Desabilita os conversores AD
0x00F6	0x6AC2      	CLRF        ADCON0 
;Bluetooth.c,16 :: 		ADCON1 = 0X0F;                  // Torna todo ADC Digital
0x00F8	0x0E0F      	MOVLW       15
0x00FA	0x6EC1      	MOVWF       ADCON1 
;Bluetooth.c,18 :: 		TRISD=0x00;                     // define a porta d como saída
0x00FC	0x6A95      	CLRF        TRISD 
;Bluetooth.c,19 :: 		PORTD=0x00;                     //zera a porta d
0x00FE	0x6A83      	CLRF        PORTD 
;Bluetooth.c,21 :: 		UART1_Init(9600);               // Initialize UART module at 9600 bps
0x0100	0x86B8      	BSF         BAUDCON, 3, 0
0x0102	0x0E04      	MOVLW       4
0x0104	0x6EB0      	MOVWF       SPBRGH 
0x0106	0x0EE1      	MOVLW       225
0x0108	0x6EAF      	MOVWF       SPBRG 
0x010A	0x84AC      	BSF         TXSTA, 2, 0
0x010C	0xDFBC      	RCALL       _UART1_Init
;Bluetooth.c,22 :: 		Delay_ms(100);                  // Wait for UART module to stabilize
0x010E	0x0E07      	MOVLW       7
0x0110	0x6E0B      	MOVWF       R11, 0
0x0112	0x0E17      	MOVLW       23
0x0114	0x6E0C      	MOVWF       R12, 0
0x0116	0x0E6A      	MOVLW       106
0x0118	0x6E0D      	MOVWF       R13, 0
L_main0:
0x011A	0x2E0D      	DECFSZ      R13, 1, 0
0x011C	0xD7FE      	BRA         L_main0
0x011E	0x2E0C      	DECFSZ      R12, 1, 0
0x0120	0xD7FC      	BRA         L_main0
0x0122	0x2E0B      	DECFSZ      R11, 1, 0
0x0124	0xD7FA      	BRA         L_main0
0x0126	0x0000      	NOP
;Bluetooth.c,24 :: 		UART1_Write_Text("Start");      //Escreve o texto
0x0128	0x0E15      	MOVLW       ?lstr1_Bluetooth
0x012A	0x6E2C      	MOVWF       FARG_UART1_Write_Text_uart_text 
0x012C	0x0E00      	MOVLW       hi_addr(?lstr1_Bluetooth)
0x012E	0x6E2D      	MOVWF       FARG_UART1_Write_Text_uart_text+1 
0x0130	0xDF8A      	RCALL       _UART1_Write_Text
;Bluetooth.c,25 :: 		UART1_Write(10);                //Realimentação de linha
0x0132	0x0E0A      	MOVLW       10
0x0134	0x6E30      	MOVWF       FARG_UART1_Write_data_ 
0x0136	0xDF72      	RCALL       _UART1_Write
;Bluetooth.c,26 :: 		UART1_Write(13);                //Quebra de linha - Enter
0x0138	0x0E0D      	MOVLW       13
0x013A	0x6E30      	MOVWF       FARG_UART1_Write_data_ 
0x013C	0xDF6F      	RCALL       _UART1_Write
;Bluetooth.c,28 :: 		while (1)
L_main1:
;Bluetooth.c,30 :: 		if (UART1_Data_Ready())       // If data is received,
0x013E	0xDF75      	RCALL       _UART1_Data_Ready
0x0140	0x5200      	MOVF        R0, 1 
0x0142	0xE034      	BZ          L_main3
;Bluetooth.c,32 :: 		uart_rd = UART1_Read();     // read the received data,
0x0144	0xDF77      	RCALL       _UART1_Read
0x0146	0xF01FC000  	MOVFF       R0, _uart_rd
;Bluetooth.c,33 :: 		UART1_Write(uart_rd);       // and send data via UART
0x014A	0xF030C000  	MOVFF       R0, FARG_UART1_Write_data_
0x014E	0xDF66      	RCALL       _UART1_Write
;Bluetooth.c,35 :: 		switch (uart_rd)
0x0150	0xD012      	BRA         L_main4
;Bluetooth.c,37 :: 		case '0': LED0  = 0x01; break;
L_main6:
0x0152	0x8083      	BSF         RD0_bit, BitPos(RD0_bit+0) 
0x0154	0xD02B      	BRA         L_main5
;Bluetooth.c,38 :: 		case '1': LED1  = 0x01; break;
L_main7:
0x0156	0x8283      	BSF         RD1_bit, BitPos(RD1_bit+0) 
0x0158	0xD029      	BRA         L_main5
;Bluetooth.c,39 :: 		case '2': LED2  = 0x01; break;
L_main8:
0x015A	0x8483      	BSF         RD2_bit, BitPos(RD2_bit+0) 
0x015C	0xD027      	BRA         L_main5
;Bluetooth.c,40 :: 		case '3': LED3  = 0x01; break;
L_main9:
0x015E	0x8683      	BSF         RD3_bit, BitPos(RD3_bit+0) 
0x0160	0xD025      	BRA         L_main5
;Bluetooth.c,41 :: 		case '4': LED4  = 0x01; break;
L_main10:
0x0162	0x8883      	BSF         RD4_bit, BitPos(RD4_bit+0) 
0x0164	0xD023      	BRA         L_main5
;Bluetooth.c,42 :: 		case '5': LED5  = 0x01; break;
L_main11:
0x0166	0x8A83      	BSF         RD5_bit, BitPos(RD5_bit+0) 
0x0168	0xD021      	BRA         L_main5
;Bluetooth.c,43 :: 		case '6': LED6  = 0x01; break;
L_main12:
0x016A	0x8C83      	BSF         RD6_bit, BitPos(RD6_bit+0) 
0x016C	0xD01F      	BRA         L_main5
;Bluetooth.c,44 :: 		case '7': LED7  = 0x01; break;
L_main13:
0x016E	0x8E83      	BSF         RD7_bit, BitPos(RD7_bit+0) 
0x0170	0xD01D      	BRA         L_main5
;Bluetooth.c,45 :: 		case '8': PORTD = 0x00; break;
L_main14:
0x0172	0x6A83      	CLRF        PORTD 
0x0174	0xD01B      	BRA         L_main5
;Bluetooth.c,46 :: 		}
L_main4:
0x0176	0x501F      	MOVF        _uart_rd, 0 
0x0178	0x0A30      	XORLW       48
0x017A	0xE0EB      	BZ          L_main6
0x017C	0x501F      	MOVF        _uart_rd, 0 
0x017E	0x0A31      	XORLW       49
0x0180	0xE0EA      	BZ          L_main7
0x0182	0x501F      	MOVF        _uart_rd, 0 
0x0184	0x0A32      	XORLW       50
0x0186	0xE0E9      	BZ          L_main8
0x0188	0x501F      	MOVF        _uart_rd, 0 
0x018A	0x0A33      	XORLW       51
0x018C	0xE0E8      	BZ          L_main9
0x018E	0x501F      	MOVF        _uart_rd, 0 
0x0190	0x0A34      	XORLW       52
0x0192	0xE0E7      	BZ          L_main10
0x0194	0x501F      	MOVF        _uart_rd, 0 
0x0196	0x0A35      	XORLW       53
0x0198	0xE0E6      	BZ          L_main11
0x019A	0x501F      	MOVF        _uart_rd, 0 
0x019C	0x0A36      	XORLW       54
0x019E	0xE0E5      	BZ          L_main12
0x01A0	0x501F      	MOVF        _uart_rd, 0 
0x01A2	0x0A37      	XORLW       55
0x01A4	0xE0E4      	BZ          L_main13
0x01A6	0x501F      	MOVF        _uart_rd, 0 
0x01A8	0x0A38      	XORLW       56
0x01AA	0xE0E3      	BZ          L_main14
L_main5:
;Bluetooth.c,47 :: 		}
L_main3:
;Bluetooth.c,48 :: 		}
0x01AC	0xD7C8      	BRA         L_main1
;Bluetooth.c,49 :: 		}
L_end_main:
0x01AE	0xD7FF      	BRA         $+0
; end of _main
Symbol List:
//** Routines locations **
//ADDRESS    SIZE    PROCEDURE
//----------------------------------------------
0x001C      [14]    _UART1_Write
0x002A      [10]    _UART1_Data_Ready
0x0034      [18]    _UART1_Read
0x0046      [48]    _UART1_Write_Text
0x0076      [16]    ___CC2DW
0x0086      [86]    _UART1_Init
0x00DC     [212]    _main
//** Variables locations ** 
//ADDRESS    SIZE    VARIABLE
//----------------------------------------------
0x0000       [1]    R0
0x0000       [1]    __Lib_SoftI2C_PutZerosToLATSda_temp_sda_L0
0x0000       [1]    UART1_Init_tmp_L0
0x0000       [1]    __Lib_SoftI2C_PutZerosToLATScl_temp_scl_L0
0x0000       [1]    EEPROM_Write_SaveINTCON_L0
0x0000       [1]    FLASH_Erase_64_SaveINTCON_L0
0x0000       [1]    SPI1_Write_tmp_L0
0x0001       [2]    FLASH_Read_N_Bytes_i_L0
0x0001       [1]    ispunct_rslt_L0
0x0001       [1]    __Lib_Conversions_Adjust_Hex_tmp_L0
0x0001       [1]    __Lib_TFT_16bit_JPEG_FileReadBytes_Result_L0
0x0001       [1]    __Lib_TFT_16bit_JPEG_FileRead_i_L0
0x0001       [1]    __Lib_PS2_Wait_Falling_nsample_L0
0x0001       [1]    R1
0x0001       [1]    __Lib_TFT_JPEG_FileReadBytes_Result_L0
0x0001       [1]    __Lib_USB_genHID_?FLOC____Lib_USB_genHID_USB_Handle_BusyT1
0x0001       [1]    FLASH_Write_32_i_L0
0x0001       [1]    __Lib_TFT_JPEG_FileRead_i_L0
0x0001       [1]    FLASH_Erase_Write_64_i_L0
0x0001       [1]    UART1_Read___tmp_UART1_Read_L0
0x0002       [2]    strlen_cp_L0
0x0002       [1]    FLASH_Write_32_SaveINTCON_L0
0x0002       [1]    __Lib_USB_genHID_USB_CtrlTrf_Rx_Service_byteToRead_L0
0x0002       [2]    memchr_s_L0
0x0002       [1]    R2
0x0002       [1]    FLASH_Erase_Write_64_j_L0
0x0002       [2]    memset_pp_L0
0x0002       [2]    memcpy_dd_L0
0x0003       [1]    __Lib_USB_genHID_USB_CtrlTrf_Rx_Service_i_L0
0x0003       [1]    MM_Init_i_L0
0x0003       [2]    __Lib_MmcFat16_f16_toInt_l_L0
0x0003       [2]    MM_TotalFreeMemSize_Tot_L0
0x0003       [1]    R3
0x0003       [2]    Ltrim_original_L0
0x0003       [1]    __Lib_Sprinti_?FLOC____Lib_Sprinti_Do_FillT29
0x0003       [2]    __Lib_USB_genHID_USB_CtrlTrf_Tx_Service_byteToSend_L0
0x0003       [2]    memmove_tt_L0
0x0003       [1]    FLASH_Erase_Write_64_SaveINTCON_L0
0x0004       [1]    __Lib_USB_genHID_GetMaxIndexInDevDsc_index_L0
0x0004       [2]    strncat_cp_L0
0x0004       [2]    memcpy_ss_L0
0x0004       [2]    strcat_cp_L0
0x0004       [2]    __Lib_USB_genHID_USB_Std_Feature_Req_Handler_p_L0
0x0004       [2]    __Lib_USB_genHID_USB_Transfer_Packet_handle_L0
0x0004       [1]    R4
0x0004       [2]    __Lib_MemManager_MM_GetMemAlign_P_L0
0x0004       [2]    frexp_pom_L0
0x0004       [1]    __Lib_Sprinti_?FLOC____Lib_Sprinti_Do_FillT40
0x0004       [2]    strcpy_cp_L0
0x0004       [2]    strncpy_cp_L0
0x0004       [2]    __Lib_USB_genHID_USB_Get_Status_Handler_p_L2
0x0005       [2]    Ltrim_p_L0
0x0005       [2]    LongWordToHex_input_half_L0
0x0005       [2]    memmove_ff_L0
0x0005       [2]    LongIntToHex_input_half_L0
0x0005       [1]    R5
0x0005       [1]    __Lib_Sprinti_?FLOC____Lib_Sprinti_Do_FillT54
0x0005       [1]    MM_TotalFreeMemSize_i_L0
0x0006       [2]    __Lib_USB_genHID_GetMaxIndexInConfigDsc_totalLen_L0
0x0006       [1]    __Lib_Sprinti_?FLOC____Lib_Sprinti_Do_FillT69
0x0006       [1]    __Lib_MemManager_MM_GetMemAlign_i_L0
0x0006       [1]    R6
0x0007       [1]    R7
0x0007       [1]    __Lib_TFT_16bit_JPEG_GenerateHuffmanTables_bLength_L0
0x0007       [1]    __Lib_TFT_JPEG_GenerateHuffmanTables_bLength_L0
0x0008       [3]    __Lib_USB_genHID_GetMaxIndexInConfigDsc_ptr_L0
0x0008       [1]    __Lib_TFT_JPEG_GenerateHuffmanTables_bTable_L0
0x0008       [1]    __Lib_TFT_16bit_JPEG_GenerateHuffmanTables_bTable_L0
0x0008       [1]    R8
0x0009       [1]    R9
0x0009       [4]    __Lib_MmcFat16_f16_toLong_l_L0
0x000A       [1]    R10
0x000B       [1]    R11
0x000C       [1]    R12
0x000D       [1]    R13
0x000E       [1]    R14
0x000F       [1]    R15
0x0010       [1]    R16
0x0011       [1]    R17
0x0012       [1]    R18
0x0013       [1]    R19
0x0014       [1]    R20
0x0015       [6]    ?lstr1_Bluetooth
0x001B       [4]    _UART_Wr_Ptr
0x001F       [1]    _uart_rd
0x0020       [4]    _UART_Tx_Idle_Ptr
0x0024       [4]    _UART_Rdy_Ptr
0x0028       [4]    _UART_Rd_Ptr
0x002C       [2]    FARG_UART1_Write_Text_uart_text
0x002E       [1]    UART1_Write_Text_data__L0
0x002F       [1]    UART1_Write_Text_counter_L0
0x0030       [1]    FARG_UART1_Write_data_
0x0F83       [0]    RD0_bit
0x0F83       [0]    RD3_bit
0x0F83       [0]    RD2_bit
0x0F83       [0]    RD1_bit
0x0F83       [1]    PORTD
0x0F83       [0]    RD4_bit
0x0F83       [0]    RD6_bit
0x0F83       [0]    RD5_bit
0x0F83       [0]    RD7_bit
0x0F94       [0]    TRISC7_bit
0x0F94       [0]    TRISC6_bit
0x0F95       [1]    TRISD
0x0F9E       [1]    PIR1
0x0FAB       [1]    RCSTA
0x0FAC       [1]    TXSTA
0x0FAD       [1]    TXREG
0x0FAE       [1]    RCREG
0x0FAF       [1]    SPBRG
0x0FB0       [1]    SPBRGH
0x0FB4       [1]    CMCON
0x0FB8       [1]    BAUDCON
0x0FC1       [1]    ADCON1
0x0FC2       [1]    ADCON0
0x0FD8       [1]    STATUS
0x0FD9       [1]    FSR2L
0x0FDA       [1]    FSR2H
0x0FDE       [1]    POSTINC2
0x0FE0       [1]    BSR
0x0FE1       [1]    FSR1L
0x0FE2       [1]    FSR1H
0x0FE4       [1]    PREINC1
0x0FE6       [1]    POSTINC1
0x0FE7       [1]    INDF1
0x0FE8       [1]    WREG
0x0FE9       [1]    FSR0L
0x0FEA       [1]    FSR0H
0x0FEE       [1]    POSTINC0
0x0FF3       [1]    PRODL
0x0FF4       [1]    PRODH
0x0FF5       [1]    TABLAT
0x0FF6       [1]    TBLPTRL
0x0FF7       [1]    TBLPTRH
0x0FF8       [1]    TBLPTRU
